-- Found ament_cmake: 1.3.12 (/opt/ros/humble/share/ament_cmake/cmake)
-- Found rclcpp: 16.0.14 (/opt/ros/humble/share/rclcpp/cmake)
-- Found rosidl_generator_c: 3.1.7 (/opt/ros/humble/share/rosidl_generator_c/cmake)
-- Found rosidl_adapter: 3.1.7 (/opt/ros/humble/share/rosidl_adapter/cmake)
-- Found rosidl_generator_cpp: 3.1.7 (/opt/ros/humble/share/rosidl_generator_cpp/cmake)
-- Using all available rosidl_typesupport_c: rosidl_typesupport_fastrtps_c;rosidl_typesupport_introspection_c
-- Using all available rosidl_typesupport_cpp: rosidl_typesupport_fastrtps_cpp;rosidl_typesupport_introspection_cpp
-- Found rmw_implementation_cmake: 6.1.2 (/opt/ros/humble/share/rmw_implementation_cmake/cmake)
-- Found rmw_fastrtps_cpp: 6.2.8 (/opt/ros/humble/share/rmw_fastrtps_cpp/cmake)
-- Using RMW implementation 'rmw_fastrtps_cpp' as default
-- Found ros_interface: 0.0.0 (/home/anhbaodz/Documents/ros2_wood/install/ros_interface/share/ros_interface/cmake)
-- Configuring done
-- Generating done
-- Build files have been written to: /home/anhbaodz/Documents/ros2_wood/build/cpp_custom
[ 11%] [32mBuilding CXX object CMakeFiles/core_system.dir/src/communication/ros_Service.cpp.o[0m
[ 66%] [32mBuilding CXX object CMakeFiles/core_system.dir/src/enigne/Engine.cpp.o[0m
[ 66%] [32mBuilding CXX object CMakeFiles/core_system.dir/src/dataBase/StoreData.cpp.o[0m
[ 66%] [32mBuilding CXX object CMakeFiles/core_system.dir/src/stateMachine/StateMachine.cpp.o[0m
[ 66%] [32mBuilding CXX object CMakeFiles/core_system.dir/src/setup/Setup.cpp.o[0m
[ 66%] [32mBuilding CXX object CMakeFiles/core_system.dir/src/communication/serial_UART.cpp.o[0m
