[0.010s] Invoking command in '/home/anhbaodz/Documents/ros2_wood/build/ros_interface': CMAKE_PREFIX_PATH=/opt/ros/humble /usr/bin/cmake /home/anhbaodz/Documents/ros2_wood/src/ros_interface -DCMAKE_INSTALL_PREFIX=/home/anhbaodz/Documents/ros2_wood/install/ros_interface
[0.069s] -- The C compiler identification is GNU 11.4.0
[0.126s] -- The CXX compiler identification is GNU 11.4.0
[0.134s] -- Detecting C compiler ABI info
[0.212s] -- Detecting C compiler ABI info - done
[0.218s] -- Check for working C compiler: /usr/bin/cc - skipped
[0.218s] -- Detecting C compile features
[0.219s] -- Detecting C compile features - done
[0.221s] -- Detecting CXX compiler ABI info
[0.311s] -- Detecting CXX compiler ABI info - done
[0.317s] -- Check for working CXX compiler: /usr/bin/c++ - skipped
[0.318s] -- Detecting CXX compile features
[0.318s] -- Detecting CXX compile features - done
[0.320s] -- Found ament_cmake: 1.3.12 (/opt/ros/humble/share/ament_cmake/cmake)
[0.455s] -- Found Python3: /usr/bin/python3 (found version "3.10.12") found components: Interpreter 
[0.532s] -- Found geometry_msgs: 4.9.0 (/opt/ros/humble/share/geometry_msgs/cmake)
[0.562s] -- Found rosidl_generator_c: 3.1.7 (/opt/ros/humble/share/rosidl_generator_c/cmake)
[0.566s] -- Found rosidl_adapter: 3.1.7 (/opt/ros/humble/share/rosidl_adapter/cmake)
[0.573s] -- Found rosidl_generator_cpp: 3.1.7 (/opt/ros/humble/share/rosidl_generator_cpp/cmake)
[0.583s] -- Using all available rosidl_typesupport_c: rosidl_typesupport_fastrtps_c;rosidl_typesupport_introspection_c
[0.596s] -- Using all available rosidl_typesupport_cpp: rosidl_typesupport_fastrtps_cpp;rosidl_typesupport_introspection_cpp
[0.629s] -- Found rosidl_default_generators: 1.2.0 (/opt/ros/humble/share/rosidl_default_generators/cmake)
[0.790s] [31mCMake Error at /opt/ros/humble/share/rosidl_adapter/cmake/rosidl_adapt_interfaces.cmake:59 (message):
[0.790s]   execute_process(/usr/bin/python3 -m rosidl_adapter --package-name
[0.790s]   ros_interface --arguments-file
[0.790s]   /home/anhbaodz/Documents/ros2_wood/build/ros_interface/rosidl_adapter__arguments__ros_interface.json
[0.790s]   --output-dir
[0.790s]   /home/anhbaodz/Documents/ros2_wood/build/ros_interface/rosidl_adapter/ros_interface
[0.790s]   --output-file
[0.790s]   /home/anhbaodz/Documents/ros2_wood/build/ros_interface/rosidl_adapter/ros_interface.idls)
[0.790s]   returned error code 1:
[0.790s] 
[0.790s]   Error processing 'bool start_requestData' of
[0.791s]   'ros_interface/ProcessRequest_Request': ''start_requestData' is an invalid
[0.791s]   field name.  It should have the pattern
[0.791s]   '^(?!.*__)(?!.*_$)[a-z][a-z0-9_]*$''
[0.791s] 
[0.791s]   Traceback (most recent call last):
[0.791s] 
[0.791s]     File "/usr/lib/python3.10/runpy.py", line 196, in _run_module_as_main
[0.791s]       return _run_code(code, main_globals, None,
[0.791s]     File "/usr/lib/python3.10/runpy.py", line 86, in _run_code
[0.791s]       exec(code, run_globals)
[0.791s]     File "/opt/ros/humble/local/lib/python3.10/dist-packages/rosidl_adapter/__main__.py", line 19, in <module>
[0.791s]       sys.exit(main())
[0.791s]     File "/opt/ros/humble/local/lib/python3.10/dist-packages/rosidl_adapter/main.py", line 53, in main
[0.791s]       abs_idl_file = convert_to_idl(
[0.791s]     File "/opt/ros/humble/local/lib/python3.10/dist-packages/rosidl_adapter/__init__.py", line 24, in convert_to_idl
[0.791s]       return convert_srv_to_idl(
[0.791s]     File "/opt/ros/humble/local/lib/python3.10/dist-packages/rosidl_adapter/srv/__init__.py", line 28, in convert_srv_to_idl
[0.791s]       srv = parse_service_string(package_name, input_file.stem, content)
[0.792s]     File "/opt/ros/humble/local/lib/python3.10/dist-packages/rosidl_adapter/parser.py", line 859, in parse_service_string
[0.792s]       request_message = parse_message_string(
[0.792s]     File "/opt/ros/humble/local/lib/python3.10/dist-packages/rosidl_adapter/parser.py", line 519, in parse_message_string
[0.792s]       fields.append(Field(
[0.792s]     File "/opt/ros/humble/local/lib/python3.10/dist-packages/rosidl_adapter/parser.py", line 354, in __init__
[0.792s]       raise NameError(
[0.792s] 
[0.792s]   NameError: 'start_requestData' is an invalid field name.  It should have
[0.792s]   the pattern '^(?!.*__)(?!.*_$)[a-z][a-z0-9_]*$'
[0.792s] 
[0.792s] Call Stack (most recent call first):
[0.792s]   /opt/ros/humble/share/rosidl_cmake/cmake/rosidl_generate_interfaces.cmake:130 (rosidl_adapt_interfaces)
[0.792s]   CMakeLists.txt:16 (rosidl_generate_interfaces)
[0.792s] 
[0.792s] [0m
[0.792s] -- Configuring incomplete, errors occurred!
[0.793s] See also "/home/anhbaodz/Documents/ros2_wood/build/ros_interface/CMakeFiles/CMakeOutput.log".
[0.799s] Invoked command in '/home/anhbaodz/Documents/ros2_wood/build/ros_interface' returned '1': CMAKE_PREFIX_PATH=/opt/ros/humble /usr/bin/cmake /home/anhbaodz/Documents/ros2_wood/src/ros_interface -DCMAKE_INSTALL_PREFIX=/home/anhbaodz/Documents/ros2_wood/install/ros_interface
