[0.012s] Invoking command in '/home/anhbaodz/Documents/ros2_ws/build/cpp_pubsub': CMAKE_PREFIX_PATH=/opt/ros/humble /usr/bin/cmake /home/anhbaodz/Documents/ros2_ws/src/cpp_pubsub -DAMENT_CMAKE_SYMLINK_INSTALL=1 -DCMAKE_INSTALL_PREFIX=/home/anhbaodz/Documents/ros2_ws/install/cpp_pubsub
[0.027s] -- Found ament_cmake: 1.3.12 (/opt/ros/humble/share/ament_cmake/cmake)
[0.143s] -- Override CMake install command with custom implementation using symlinks instead of copying resources
[0.178s] -- Found rclcpp: 16.0.14 (/opt/ros/humble/share/rclcpp/cmake)
[0.207s] -- Found rosidl_generator_c: 3.1.7 (/opt/ros/humble/share/rosidl_generator_c/cmake)
[0.209s] -- Found rosidl_adapter: 3.1.7 (/opt/ros/humble/share/rosidl_adapter/cmake)
[0.214s] -- Found rosidl_generator_cpp: 3.1.7 (/opt/ros/humble/share/rosidl_generator_cpp/cmake)
[0.223s] -- Using all available rosidl_typesupport_c: rosidl_typesupport_fastrtps_c;rosidl_typesupport_introspection_c
[0.233s] -- Using all available rosidl_typesupport_cpp: rosidl_typesupport_fastrtps_cpp;rosidl_typesupport_introspection_cpp
[0.261s] -- Found rmw_implementation_cmake: 6.1.2 (/opt/ros/humble/share/rmw_implementation_cmake/cmake)
[0.262s] -- Found rmw_fastrtps_cpp: 6.2.8 (/opt/ros/humble/share/rmw_fastrtps_cpp/cmake)
[0.364s] -- Using RMW implementation 'rmw_fastrtps_cpp' as default
[0.407s] -- Found ament_lint_auto: 0.12.14 (/opt/ros/humble/share/ament_lint_auto/cmake)
[0.475s] -- Added test 'cppcheck' to perform static code analysis on C / C++ code
[0.475s] -- Configured cppcheck include dirs: 
[0.475s] -- Configured cppcheck exclude dirs and/or files: 
[0.476s] -- Added test 'lint_cmake' to check CMake code style
[0.477s] -- Added test 'uncrustify' to check C / C++ code style
[0.477s] -- Configured uncrustify additional arguments: 
[0.477s] -- Added test 'xmllint' to check XML markup files
[0.479s] -- Configuring done
[0.493s] -- Generating done
[0.498s] -- Build files have been written to: /home/anhbaodz/Documents/ros2_ws/build/cpp_pubsub
[0.509s] Invoked command in '/home/anhbaodz/Documents/ros2_ws/build/cpp_pubsub' returned '0': CMAKE_PREFIX_PATH=/opt/ros/humble /usr/bin/cmake /home/anhbaodz/Documents/ros2_ws/src/cpp_pubsub -DAMENT_CMAKE_SYMLINK_INSTALL=1 -DCMAKE_INSTALL_PREFIX=/home/anhbaodz/Documents/ros2_ws/install/cpp_pubsub
[0.511s] Invoking command in '/home/anhbaodz/Documents/ros2_ws/build/cpp_pubsub': CMAKE_PREFIX_PATH=/opt/ros/humble /usr/bin/cmake --build /home/anhbaodz/Documents/ros2_ws/build/cpp_pubsub -- -j12 -l12
[0.555s] [35m[1mConsolidate compiler generated dependencies of target talker[0m
[0.555s] [35m[1mConsolidate compiler generated dependencies of target listener[0m
[0.576s] [ 50%] [32m[1mLinking CXX executable talker[0m
[0.576s] [ 50%] [32m[1mLinking CXX executable listener[0m
[0.839s] [ 75%] Built target talker
[1.066s] [100%] Built target listener
[1.079s] Invoked command in '/home/anhbaodz/Documents/ros2_ws/build/cpp_pubsub' returned '0': CMAKE_PREFIX_PATH=/opt/ros/humble /usr/bin/cmake --build /home/anhbaodz/Documents/ros2_ws/build/cpp_pubsub -- -j12 -l12
[1.091s] Invoking command in '/home/anhbaodz/Documents/ros2_ws/build/cpp_pubsub': CMAKE_PREFIX_PATH=/opt/ros/humble /usr/bin/cmake --install /home/anhbaodz/Documents/ros2_ws/build/cpp_pubsub
[1.098s] -- Install configuration: ""
[1.098s] -- Execute custom install script
[1.098s] -- Symlinking: /home/anhbaodz/Documents/ros2_ws/install/cpp_pubsub/lib/cpp_pubsub/talker
[1.110s] -- Symlinking: /home/anhbaodz/Documents/ros2_ws/install/cpp_pubsub/lib/cpp_pubsub/listener
[1.122s] -- Symlinking: /home/anhbaodz/Documents/ros2_ws/install/cpp_pubsub/share/ament_index/resource_index/package_run_dependencies/cpp_pubsub
[1.133s] -- Symlinking: /home/anhbaodz/Documents/ros2_ws/install/cpp_pubsub/share/ament_index/resource_index/parent_prefix_path/cpp_pubsub
[1.143s] -- Symlinking: /home/anhbaodz/Documents/ros2_ws/install/cpp_pubsub/share/cpp_pubsub/environment/ament_prefix_path.sh
[1.153s] -- Symlinking: /home/anhbaodz/Documents/ros2_ws/install/cpp_pubsub/share/cpp_pubsub/environment/ament_prefix_path.dsv
[1.164s] -- Symlinking: /home/anhbaodz/Documents/ros2_ws/install/cpp_pubsub/share/cpp_pubsub/environment/path.sh
[1.174s] -- Symlinking: /home/anhbaodz/Documents/ros2_ws/install/cpp_pubsub/share/cpp_pubsub/environment/path.dsv
[1.184s] -- Symlinking: /home/anhbaodz/Documents/ros2_ws/install/cpp_pubsub/share/cpp_pubsub/local_setup.bash
[1.194s] -- Symlinking: /home/anhbaodz/Documents/ros2_ws/install/cpp_pubsub/share/cpp_pubsub/local_setup.sh
[1.203s] -- Symlinking: /home/anhbaodz/Documents/ros2_ws/install/cpp_pubsub/share/cpp_pubsub/local_setup.zsh
[1.214s] -- Symlinking: /home/anhbaodz/Documents/ros2_ws/install/cpp_pubsub/share/cpp_pubsub/local_setup.dsv
[1.225s] -- Symlinking: /home/anhbaodz/Documents/ros2_ws/install/cpp_pubsub/share/cpp_pubsub/package.dsv
[1.235s] -- Symlinking: /home/anhbaodz/Documents/ros2_ws/install/cpp_pubsub/share/ament_index/resource_index/packages/cpp_pubsub
[1.245s] -- Symlinking: /home/anhbaodz/Documents/ros2_ws/install/cpp_pubsub/share/cpp_pubsub/cmake/cpp_pubsubConfig.cmake
[1.255s] -- Symlinking: /home/anhbaodz/Documents/ros2_ws/install/cpp_pubsub/share/cpp_pubsub/cmake/cpp_pubsubConfig-version.cmake
[1.265s] -- Symlinking: /home/anhbaodz/Documents/ros2_ws/install/cpp_pubsub/share/cpp_pubsub/package.xml
[1.279s] Invoked command in '/home/anhbaodz/Documents/ros2_ws/build/cpp_pubsub' returned '0': CMAKE_PREFIX_PATH=/opt/ros/humble /usr/bin/cmake --install /home/anhbaodz/Documents/ros2_ws/build/cpp_pubsub
