[01m[K/home/anhbaodz/Documents/ros2_wood/src/cpp_custom/src/enigne/Engine.cpp:[m[K In member function ‘[01m[Kstd::vector<unsigned char> Engine::fitting(uint8_t)[m[K’:
[01m[K/home/anhbaodz/Documents/ros2_wood/src/cpp_custom/src/enigne/Engine.cpp:28:30:[m[K [01;31m[Kerror: [m[K‘[01m[Kusing element_type = class StoreData[m[K’ {aka ‘[01m[Kclass StoreData[m[K’} has no member named ‘[01m[Kadd_Wasting_data[m[K’; did you mean ‘[01m[Kadd_Wasting_Data[m[K’?
   28 |                     Storage->[01;31m[Kadd_Wasting_data[m[K(this->temporary_wasting_data);
      |                              [01;31m[K^~~~~~~~~~~~~~~~[m[K
      |                              [32m[Kadd_Wasting_Data[m[K
[01m[K/home/anhbaodz/Documents/ros2_wood/src/cpp_custom/src/enigne/Engine.cpp:42:26:[m[K [01;31m[Kerror: [m[K‘[01m[Kusing element_type = class StoreData[m[K’ {aka ‘[01m[Kclass StoreData[m[K’} has no member named ‘[01m[Kadd_Wasting_data[m[K’; did you mean ‘[01m[Kadd_Wasting_Data[m[K’?
   42 |                 Storage->[01;31m[Kadd_Wasting_data[m[K(temp);
      |                          [01;31m[K^~~~~~~~~~~~~~~~[m[K
      |                          [32m[Kadd_Wasting_Data[m[K
gmake[2]: *** [CMakeFiles/core_system.dir/build.make:118: CMakeFiles/core_system.dir/src/enigne/Engine.cpp.o] Error 1
gmake[2]: *** Waiting for unfinished jobs....
In file included from [01m[K/home/anhbaodz/Documents/ros2_wood/src/cpp_custom/src/stateMachine/StateMachine.cpp:1[m[K:
[01m[K/home/anhbaodz/Documents/ros2_wood/src/cpp_custom/src/stateMachine/Statemachine.hpp:44:19:[m[K [01;31m[Kerror: [m[K‘[01m[KState[m[K’ has not been declared
   44 |     void setState([01;31m[KState[m[K new_state) {
      |                   [01;31m[K^~~~~[m[K
[01m[K/home/anhbaodz/Documents/ros2_wood/src/cpp_custom/src/stateMachine/Statemachine.hpp:[m[K In member function ‘[01m[Kvoid MachineController::setState(int)[m[K’:
[01m[K/home/anhbaodz/Documents/ros2_wood/src/cpp_custom/src/stateMachine/Statemachine.hpp:45:60:[m[K [01;31m[Kerror: [m[Kcannot convert ‘[01m[Kint[m[K’ to ‘[01m[KMachineController::State[m[K’
   45 |         std::cout << ">>> Transition to " << stateToString([01;31m[Knew_state[m[K) << std::endl;
      |                                                            [01;31m[K^~~~~~~~~[m[K
      |                                                            [01;31m[K|[m[K
      |                                                            [01;31m[Kint[m[K
[01m[K/home/anhbaodz/Documents/ros2_wood/src/cpp_custom/src/stateMachine/Statemachine.hpp:131:37:[m[K [01;36m[Knote: [m[K  initializing argument 1 of ‘[01m[Kstd::string MachineController::stateToString(MachineController::State)[m[K’
  131 |     std::string stateToString([01;36m[KState s[m[K) {
      |                               [01;36m[K~~~~~~^[m[K
[01m[K/home/anhbaodz/Documents/ros2_wood/src/cpp_custom/src/stateMachine/Statemachine.hpp:46:28:[m[K [01;31m[Kerror: [m[Kno matching function for call to ‘[01m[Kstd::atomic<MachineController::State>::store(int&)[m[K’
   46 |         [01;31m[Kcurrent_state.store(new_state)[m[K;
      |         [01;31m[K~~~~~~~~~~~~~~~~~~~^~~~~~~~~~~[m[K
In file included from [01m[K/usr/include/c++/11/future:41[m[K,
                 from [01m[K/opt/ros/humble/include/rclcpp/rclcpp/executors.hpp:18[m[K,
                 from [01m[K/opt/ros/humble/include/rclcpp/rclcpp/rclcpp.hpp:155[m[K,
                 from [01m[K/home/anhbaodz/Documents/ros2_wood/src/cpp_custom/src/communication/ros_Service.hpp:7[m[K,
                 from [01m[K/home/anhbaodz/Documents/ros2_wood/src/cpp_custom/src/stateMachine/Statemachine.hpp:5[m[K,
                 from [01m[K/home/anhbaodz/Documents/ros2_wood/src/cpp_custom/src/stateMachine/StateMachine.cpp:1[m[K:
[01m[K/usr/include/c++/11/atomic:269:7:[m[K [01;36m[Knote: [m[Kcandidate: ‘[01m[Kvoid std::atomic<_Tp>::store(_Tp, std::memory_order) [with _Tp = MachineController::State; std::memory_order = std::memory_order][m[K’
  269 |       [01;36m[Kstore[m[K(_Tp __i, memory_order __m = memory_order_seq_cst) noexcept
      |       [01;36m[K^~~~~[m[K
[01m[K/usr/include/c++/11/atomic:269:17:[m[K [01;36m[Knote: [m[K  no known conversion for argument 1 from ‘[01m[Kint[m[K’ to ‘[01m[KMachineController::State[m[K’
  269 |       store([01;36m[K_Tp __i[m[K, memory_order __m = memory_order_seq_cst) noexcept
      |             [01;36m[K~~~~^~~[m[K
[01m[K/usr/include/c++/11/atomic:275:7:[m[K [01;36m[Knote: [m[Kcandidate: ‘[01m[Kvoid std::atomic<_Tp>::store(_Tp, std::memory_order) volatile [with _Tp = MachineController::State; std::memory_order = std::memory_order][m[K’
  275 |       [01;36m[Kstore[m[K(_Tp __i, memory_order __m = memory_order_seq_cst) volatile noexcept
      |       [01;36m[K^~~~~[m[K
[01m[K/usr/include/c++/11/atomic:275:17:[m[K [01;36m[Knote: [m[K  no known conversion for argument 1 from ‘[01m[Kint[m[K’ to ‘[01m[KMachineController::State[m[K’
  275 |       store([01;36m[K_Tp __i[m[K, memory_order __m = memory_order_seq_cst) volatile noexcept
      |             [01;36m[K~~~~^~~[m[K
In file included from [01m[K/home/anhbaodz/Documents/ros2_wood/src/cpp_custom/src/stateMachine/StateMachine.cpp:1[m[K:
[01m[K/home/anhbaodz/Documents/ros2_wood/src/cpp_custom/src/stateMachine/Statemachine.hpp:[m[K In member function ‘[01m[Kvoid MachineController::rosLoop()[m[K’:
[01m[K/home/anhbaodz/Documents/ros2_wood/src/cpp_custom/src/stateMachine/Statemachine.hpp:114:32:[m[K [01;31m[Kerror: [m[K‘[01m[Kusing element_type = class Ros_Cpp[m[K’ {aka ‘[01m[Kclass Ros_Cpp[m[K’} has no member named ‘[01m[Kspin_some[m[K’
  114 |     void rosLoop()     { ros_->[01;31m[Kspin_some[m[K(); log("ROS2: processing services..."); }
      |                                [01;31m[K^~~~~~~~~[m[K
[01m[K/home/anhbaodz/Documents/ros2_wood/src/cpp_custom/src/stateMachine/Statemachine.hpp:[m[K In member function ‘[01m[Kvoid MachineController::engineLoop()[m[K’:
[01m[K/home/anhbaodz/Documents/ros2_wood/src/cpp_custom/src/stateMachine/Statemachine.hpp:121:38:[m[K [01;31m[Kerror: [m[K‘[01m[Kusing element_type = class Engine[m[K’ {aka ‘[01m[Kclass Engine[m[K’} has no member named ‘[01m[KrunOnce[m[K’
  121 |     void engineLoop()     { engine_->[01;31m[KrunOnce[m[K(); log("Engine: processing optimization..."); }
      |                                      [01;31m[K^~~~~~~[m[K
[01m[K/home/anhbaodz/Documents/ros2_wood/src/cpp_custom/src/stateMachine/StateMachine.cpp:[m[K At global scope:
[01m[K/home/anhbaodz/Documents/ros2_wood/src/cpp_custom/src/stateMachine/StateMachine.cpp:7:6:[m[K [01;31m[Kerror: [m[Kredefinition of ‘[01m[Kvoid MachineController::mcuIdle()[m[K’
    7 | void [01;31m[KMachineController[m[K::mcuIdle()
      |      [01;31m[K^~~~~~~~~~~~~~~~~[m[K
In file included from [01m[K/home/anhbaodz/Documents/ros2_wood/src/cpp_custom/src/stateMachine/StateMachine.cpp:1[m[K:
[01m[K/home/anhbaodz/Documents/ros2_wood/src/cpp_custom/src/stateMachine/Statemachine.hpp:105:10:[m[K [01;36m[Knote: [m[K‘[01m[Kvoid MachineController::mcuIdle()[m[K’ previously defined here
  105 |     void [01;36m[KmcuIdle[m[K()     { log("MCU: waiting for serial connection..."); }
      |          [01;36m[K^~~~~~~[m[K
[01m[K/home/anhbaodz/Documents/ros2_wood/src/cpp_custom/src/stateMachine/StateMachine.cpp:15:6:[m[K [01;31m[Kerror: [m[Kredefinition of ‘[01m[Kvoid MachineController::mcuSetup()[m[K’
   15 | void [01;31m[KMachineController[m[K::mcuSetup()    { log("MCU: configuring hardware..."); }
      |      [01;31m[K^~~~~~~~~~~~~~~~~[m[K
In file included from [01m[K/home/anhbaodz/Documents/ros2_wood/src/cpp_custom/src/stateMachine/StateMachine.cpp:1[m[K:
[01m[K/home/anhbaodz/Documents/ros2_wood/src/cpp_custom/src/stateMachine/Statemachine.hpp:106:10:[m[K [01;36m[Knote: [m[K‘[01m[Kvoid MachineController::mcuSetup()[m[K’ previously defined here
  106 |     void [01;36m[KmcuSetup[m[K()    { log("MCU: configuring hardware..."); }
      |          [01;36m[K^~~~~~~~[m[K
[01m[K/home/anhbaodz/Documents/ros2_wood/src/cpp_custom/src/stateMachine/StateMachine.cpp:16:6:[m[K [01;31m[Kerror: [m[Kredefinition of ‘[01m[Kvoid MachineController::mcuLoop()[m[K’
   16 | void [01;31m[KMachineController[m[K::mcuLoop()     { log("MCU: reading sensors + sending data..."); }
      |      [01;31m[K^~~~~~~~~~~~~~~~~[m[K
In file included from [01m[K/home/anhbaodz/Documents/ros2_wood/src/cpp_custom/src/stateMachine/StateMachine.cpp:1[m[K:
[01m[K/home/anhbaodz/Documents/ros2_wood/src/cpp_custom/src/stateMachine/Statemachine.hpp:107:10:[m[K [01;36m[Knote: [m[K‘[01m[Kvoid MachineController::mcuLoop()[m[K’ previously defined here
  107 |     void [01;36m[KmcuLoop[m[K()     { log("MCU: reading sensors + sending data..."); }
      |          [01;36m[K^~~~~~~[m[K
[01m[K/home/anhbaodz/Documents/ros2_wood/src/cpp_custom/src/stateMachine/StateMachine.cpp:18:6:[m[K [01;31m[Kerror: [m[Kredefinition of ‘[01m[Kvoid MachineController::mcuError()[m[K’
   18 | void [01;31m[KMachineController[m[K::mcuError()
      |      [01;31m[K^~~~~~~~~~~~~~~~~[m[K
In file included from [01m[K/home/anhbaodz/Documents/ros2_wood/src/cpp_custom/src/stateMachine/StateMachine.cpp:1[m[K:
[01m[K/home/anhbaodz/Documents/ros2_wood/src/cpp_custom/src/stateMachine/Statemachine.hpp:108:10:[m[K [01;36m[Knote: [m[K‘[01m[Kvoid MachineController::mcuError()[m[K’ previously defined here
  108 |     void [01;36m[KmcuError[m[K()    { log("MCU: stopping actuators due to ERROR."); }
      |          [01;36m[K^~~~~~~~[m[K
[01m[K/home/anhbaodz/Documents/ros2_wood/src/cpp_custom/src/stateMachine/StateMachine.cpp:22:6:[m[K [01;31m[Kerror: [m[Kredefinition of ‘[01m[Kvoid MachineController::mcuShutdown()[m[K’
   22 | void [01;31m[KMachineController[m[K::mcuShutdown() { log("MCU: shutting down."); }
      |      [01;31m[K^~~~~~~~~~~~~~~~~[m[K
In file included from [01m[K/home/anhbaodz/Documents/ros2_wood/src/cpp_custom/src/stateMachine/StateMachine.cpp:1[m[K:
[01m[K/home/anhbaodz/Documents/ros2_wood/src/cpp_custom/src/stateMachine/Statemachine.hpp:109:10:[m[K [01;36m[Knote: [m[K‘[01m[Kvoid MachineController::mcuShutdown()[m[K’ previously defined here
  109 |     void [01;36m[KmcuShutdown[m[K() { log("MCU: shutting down."); }
      |          [01;36m[K^~~~~~~~~~~[m[K
[01m[K/home/anhbaodz/Documents/ros2_wood/src/cpp_custom/src/stateMachine/StateMachine.cpp:[m[K In function ‘[01m[Kvoid rosIdle()[m[K’:
[01m[K/home/anhbaodz/Documents/ros2_wood/src/cpp_custom/src/stateMachine/StateMachine.cpp:30:13:[m[K [01;31m[Kerror: [m[K‘[01m[Kros_[m[K’ was not declared in this scope
   30 |     while (![01;31m[Kros_[m[K->check_services())
      |             [01;31m[K^~~~[m[K
[01m[K/home/anhbaodz/Documents/ros2_wood/src/cpp_custom/src/stateMachine/StateMachine.cpp:32:13:[m[K [01;31m[Kerror: [m[Kcannot convert ‘[01m[Kconst char*[m[K’ to ‘[01m[Kdouble[m[K’
   32 |         log([01;31m[K"ROS2: waiting for service connection..."[m[K);
      |             [01;31m[K^~~~~~~~~~~~~~~~~~~~~~~~~~~~~~~~~~~~~~~~~[m[K
      |             [01;31m[K|[m[K
      |             [01;31m[Kconst char*[m[K
In file included from [01m[K/usr/include/c++/11/cmath:45[m[K,
                 from [01m[K/opt/ros/humble/include/libstatistics_collector/libstatistics_collector/moving_average_statistics/types.hpp:18[m[K,
                 from [01m[K/opt/ros/humble/include/libstatistics_collector/libstatistics_collector/collector/generate_statistics_message.hpp:24[m[K,
                 from [01m[K/opt/ros/humble/include/rclcpp/rclcpp/topic_statistics/subscription_topic_statistics.hpp:23[m[K,
                 from [01m[K/opt/ros/humble/include/rclcpp/rclcpp/subscription.hpp:50[m[K,
                 from [01m[K/opt/ros/humble/include/rclcpp/rclcpp/any_executable.hpp:25[m[K,
                 from [01m[K/opt/ros/humble/include/rclcpp/rclcpp/memory_strategy.hpp:25[m[K,
                 from [01m[K/opt/ros/humble/include/rclcpp/rclcpp/memory_strategies.hpp:18[m[K,
                 from [01m[K/opt/ros/humble/include/rclcpp/rclcpp/executor_options.hpp:20[m[K,
                 from [01m[K/opt/ros/humble/include/rclcpp/rclcpp/executor.hpp:37[m[K,
                 from [01m[K/opt/ros/humble/include/rclcpp/rclcpp/executors/multi_threaded_executor.hpp:25[m[K,
                 from [01m[K/opt/ros/humble/include/rclcpp/rclcpp/executors.hpp:21[m[K,
                 from [01m[K/opt/ros/humble/include/rclcpp/rclcpp/rclcpp.hpp:155[m[K,
                 from [01m[K/home/anhbaodz/Documents/ros2_wood/src/cpp_custom/src/communication/ros_Service.hpp:7[m[K,
                 from [01m[K/home/anhbaodz/Documents/ros2_wood/src/cpp_custom/src/stateMachine/Statemachine.hpp:5[m[K,
                 from [01m[K/home/anhbaodz/Documents/ros2_wood/src/cpp_custom/src/stateMachine/StateMachine.cpp:1[m[K:
[01m[K/usr/include/x86_64-linux-gnu/bits/mathcalls.h:104:1:[m[K [01;36m[Knote: [m[K  initializing argument 1 of ‘[01m[Kdouble log(double)[m[K’
  104 | [01;36m[K_[m[K_MATHCALL_VEC (log,, (_Mdouble_ __x));
      | [01;36m[K^[m[K
[01m[K/home/anhbaodz/Documents/ros2_wood/src/cpp_custom/src/stateMachine/StateMachine.cpp:[m[K In function ‘[01m[Kvoid rosSetup()[m[K’:
[01m[K/home/anhbaodz/Documents/ros2_wood/src/cpp_custom/src/stateMachine/StateMachine.cpp:37:26:[m[K [01;31m[Kerror: [m[Kcannot convert ‘[01m[Kconst char*[m[K’ to ‘[01m[Kdouble[m[K’
   37 | void rosSetup()    { log([01;31m[K"ROS2: loading parameters, registering services..."[m[K); }
      |                          [01;31m[K^~~~~~~~~~~~~~~~~~~~~~~~~~~~~~~~~~~~~~~~~~~~~~~~~~~[m[K
      |                          [01;31m[K|[m[K
      |                          [01;31m[Kconst char*[m[K
In file included from [01m[K/usr/include/c++/11/cmath:45[m[K,
                 from [01m[K/opt/ros/humble/include/libstatistics_collector/libstatistics_collector/moving_average_statistics/types.hpp:18[m[K,
                 from [01m[K/opt/ros/humble/include/libstatistics_collector/libstatistics_collector/collector/generate_statistics_message.hpp:24[m[K,
                 from [01m[K/opt/ros/humble/include/rclcpp/rclcpp/topic_statistics/subscription_topic_statistics.hpp:23[m[K,
                 from [01m[K/opt/ros/humble/include/rclcpp/rclcpp/subscription.hpp:50[m[K,
                 from [01m[K/opt/ros/humble/include/rclcpp/rclcpp/any_executable.hpp:25[m[K,
                 from [01m[K/opt/ros/humble/include/rclcpp/rclcpp/memory_strategy.hpp:25[m[K,
                 from [01m[K/opt/ros/humble/include/rclcpp/rclcpp/memory_strategies.hpp:18[m[K,
                 from [01m[K/opt/ros/humble/include/rclcpp/rclcpp/executor_options.hpp:20[m[K,
                 from [01m[K/opt/ros/humble/include/rclcpp/rclcpp/executor.hpp:37[m[K,
                 from [01m[K/opt/ros/humble/include/rclcpp/rclcpp/executors/multi_threaded_executor.hpp:25[m[K,
                 from [01m[K/opt/ros/humble/include/rclcpp/rclcpp/executors.hpp:21[m[K,
                 from [01m[K/opt/ros/humble/include/rclcpp/rclcpp/rclcpp.hpp:155[m[K,
                 from [01m[K/home/anhbaodz/Documents/ros2_wood/src/cpp_custom/src/communication/ros_Service.hpp:7[m[K,
                 from [01m[K/home/anhbaodz/Documents/ros2_wood/src/cpp_custom/src/stateMachine/Statemachine.hpp:5[m[K,
                 from [01m[K/home/anhbaodz/Documents/ros2_wood/src/cpp_custom/src/stateMachine/StateMachine.cpp:1[m[K:
[01m[K/usr/include/x86_64-linux-gnu/bits/mathcalls.h:104:1:[m[K [01;36m[Knote: [m[K  initializing argument 1 of ‘[01m[Kdouble log(double)[m[K’
  104 | [01;36m[K_[m[K_MATHCALL_VEC (log,, (_Mdouble_ __x));
      | [01;36m[K^[m[K
[01m[K/home/anhbaodz/Documents/ros2_wood/src/cpp_custom/src/stateMachine/StateMachine.cpp:[m[K In function ‘[01m[Kvoid rosLoop()[m[K’:
[01m[K/home/anhbaodz/Documents/ros2_wood/src/cpp_custom/src/stateMachine/StateMachine.cpp:38:22:[m[K [01;31m[Kerror: [m[K‘[01m[Kros_[m[K’ was not declared in this scope
   38 | void rosLoop()     { [01;31m[Kros_[m[K->spin_some(); log("ROS2: processing services..."); }
      |                      [01;31m[K^~~~[m[K
[01m[K/home/anhbaodz/Documents/ros2_wood/src/cpp_custom/src/stateMachine/StateMachine.cpp:38:45:[m[K [01;31m[Kerror: [m[Kcannot convert ‘[01m[Kconst char*[m[K’ to ‘[01m[Kdouble[m[K’
   38 | void rosLoop()     { ros_->spin_some(); log([01;31m[K"ROS2: processing services..."[m[K); }
      |                                             [01;31m[K^~~~~~~~~~~~~~~~~~~~~~~~~~~~~~[m[K
      |                                             [01;31m[K|[m[K
      |                                             [01;31m[Kconst char*[m[K
In file included from [01m[K/usr/include/c++/11/cmath:45[m[K,
                 from [01m[K/opt/ros/humble/include/libstatistics_collector/libstatistics_collector/moving_average_statistics/types.hpp:18[m[K,
                 from [01m[K/opt/ros/humble/include/libstatistics_collector/libstatistics_collector/collector/generate_statistics_message.hpp:24[m[K,
                 from [01m[K/opt/ros/humble/include/rclcpp/rclcpp/topic_statistics/subscription_topic_statistics.hpp:23[m[K,
                 from [01m[K/opt/ros/humble/include/rclcpp/rclcpp/subscription.hpp:50[m[K,
                 from [01m[K/opt/ros/humble/include/rclcpp/rclcpp/any_executable.hpp:25[m[K,
                 from [01m[K/opt/ros/humble/include/rclcpp/rclcpp/memory_strategy.hpp:25[m[K,
                 from [01m[K/opt/ros/humble/include/rclcpp/rclcpp/memory_strategies.hpp:18[m[K,
                 from [01m[K/opt/ros/humble/include/rclcpp/rclcpp/executor_options.hpp:20[m[K,
                 from [01m[K/opt/ros/humble/include/rclcpp/rclcpp/executor.hpp:37[m[K,
                 from [01m[K/opt/ros/humble/include/rclcpp/rclcpp/executors/multi_threaded_executor.hpp:25[m[K,
                 from [01m[K/opt/ros/humble/include/rclcpp/rclcpp/executors.hpp:21[m[K,
                 from [01m[K/opt/ros/humble/include/rclcpp/rclcpp/rclcpp.hpp:155[m[K,
                 from [01m[K/home/anhbaodz/Documents/ros2_wood/src/cpp_custom/src/communication/ros_Service.hpp:7[m[K,
                 from [01m[K/home/anhbaodz/Documents/ros2_wood/src/cpp_custom/src/stateMachine/Statemachine.hpp:5[m[K,
                 from [01m[K/home/anhbaodz/Documents/ros2_wood/src/cpp_custom/src/stateMachine/StateMachine.cpp:1[m[K:
[01m[K/usr/include/x86_64-linux-gnu/bits/mathcalls.h:104:1:[m[K [01;36m[Knote: [m[K  initializing argument 1 of ‘[01m[Kdouble log(double)[m[K’
  104 | [01;36m[K_[m[K_MATHCALL_VEC (log,, (_Mdouble_ __x));
      | [01;36m[K^[m[K
[01m[K/home/anhbaodz/Documents/ros2_wood/src/cpp_custom/src/stateMachine/StateMachine.cpp:[m[K In function ‘[01m[Kvoid rosError()[m[K’:
[01m[K/home/anhbaodz/Documents/ros2_wood/src/cpp_custom/src/stateMachine/StateMachine.cpp:39:26:[m[K [01;31m[Kerror: [m[Kcannot convert ‘[01m[Kconst char*[m[K’ to ‘[01m[Kdouble[m[K’
   39 | void rosError()    { log([01;31m[K"ROS2: reporting error state."[m[K); }
      |                          [01;31m[K^~~~~~~~~~~~~~~~~~~~~~~~~~~~~~[m[K
      |                          [01;31m[K|[m[K
      |                          [01;31m[Kconst char*[m[K
In file included from [01m[K/usr/include/c++/11/cmath:45[m[K,
                 from [01m[K/opt/ros/humble/include/libstatistics_collector/libstatistics_collector/moving_average_statistics/types.hpp:18[m[K,
                 from [01m[K/opt/ros/humble/include/libstatistics_collector/libstatistics_collector/collector/generate_statistics_message.hpp:24[m[K,
                 from [01m[K/opt/ros/humble/include/rclcpp/rclcpp/topic_statistics/subscription_topic_statistics.hpp:23[m[K,
                 from [01m[K/opt/ros/humble/include/rclcpp/rclcpp/subscription.hpp:50[m[K,
                 from [01m[K/opt/ros/humble/include/rclcpp/rclcpp/any_executable.hpp:25[m[K,
                 from [01m[K/opt/ros/humble/include/rclcpp/rclcpp/memory_strategy.hpp:25[m[K,
                 from [01m[K/opt/ros/humble/include/rclcpp/rclcpp/memory_strategies.hpp:18[m[K,
                 from [01m[K/opt/ros/humble/include/rclcpp/rclcpp/executor_options.hpp:20[m[K,
                 from [01m[K/opt/ros/humble/include/rclcpp/rclcpp/executor.hpp:37[m[K,
                 from [01m[K/opt/ros/humble/include/rclcpp/rclcpp/executors/multi_threaded_executor.hpp:25[m[K,
                 from [01m[K/opt/ros/humble/include/rclcpp/rclcpp/executors.hpp:21[m[K,
                 from [01m[K/opt/ros/humble/include/rclcpp/rclcpp/rclcpp.hpp:155[m[K,
                 from [01m[K/home/anhbaodz/Documents/ros2_wood/src/cpp_custom/src/communication/ros_Service.hpp:7[m[K,
                 from [01m[K/home/anhbaodz/Documents/ros2_wood/src/cpp_custom/src/stateMachine/Statemachine.hpp:5[m[K,
                 from [01m[K/home/anhbaodz/Documents/ros2_wood/src/cpp_custom/src/stateMachine/StateMachine.cpp:1[m[K:
[01m[K/usr/include/x86_64-linux-gnu/bits/mathcalls.h:104:1:[m[K [01;36m[Knote: [m[K  initializing argument 1 of ‘[01m[Kdouble log(double)[m[K’
  104 | [01;36m[K_[m[K_MATHCALL_VEC (log,, (_Mdouble_ __x));
      | [01;36m[K^[m[K
[01m[K/home/anhbaodz/Documents/ros2_wood/src/cpp_custom/src/stateMachine/StateMachine.cpp:[m[K In function ‘[01m[Kvoid rosShutdown()[m[K’:
[01m[K/home/anhbaodz/Documents/ros2_wood/src/cpp_custom/src/stateMachine/StateMachine.cpp:40:26:[m[K [01;31m[Kerror: [m[Kcannot convert ‘[01m[Kconst char*[m[K’ to ‘[01m[Kdouble[m[K’
   40 | void rosShutdown() { log([01;31m[K"ROS2: shutting down node."[m[K); }
      |                          [01;31m[K^~~~~~~~~~~~~~~~~~~~~~~~~~~[m[K
      |                          [01;31m[K|[m[K
      |                          [01;31m[Kconst char*[m[K
In file included from [01m[K/usr/include/c++/11/cmath:45[m[K,
                 from [01m[K/opt/ros/humble/include/libstatistics_collector/libstatistics_collector/moving_average_statistics/types.hpp:18[m[K,
                 from [01m[K/opt/ros/humble/include/libstatistics_collector/libstatistics_collector/collector/generate_statistics_message.hpp:24[m[K,
                 from [01m[K/opt/ros/humble/include/rclcpp/rclcpp/topic_statistics/subscription_topic_statistics.hpp:23[m[K,
                 from [01m[K/opt/ros/humble/include/rclcpp/rclcpp/subscription.hpp:50[m[K,
                 from [01m[K/opt/ros/humble/include/rclcpp/rclcpp/any_executable.hpp:25[m[K,
                 from [01m[K/opt/ros/humble/include/rclcpp/rclcpp/memory_strategy.hpp:25[m[K,
                 from [01m[K/opt/ros/humble/include/rclcpp/rclcpp/memory_strategies.hpp:18[m[K,
                 from [01m[K/opt/ros/humble/include/rclcpp/rclcpp/executor_options.hpp:20[m[K,
                 from [01m[K/opt/ros/humble/include/rclcpp/rclcpp/executor.hpp:37[m[K,
                 from [01m[K/opt/ros/humble/include/rclcpp/rclcpp/executors/multi_threaded_executor.hpp:25[m[K,
                 from [01m[K/opt/ros/humble/include/rclcpp/rclcpp/executors.hpp:21[m[K,
                 from [01m[K/opt/ros/humble/include/rclcpp/rclcpp/rclcpp.hpp:155[m[K,
                 from [01m[K/home/anhbaodz/Documents/ros2_wood/src/cpp_custom/src/communication/ros_Service.hpp:7[m[K,
                 from [01m[K/home/anhbaodz/Documents/ros2_wood/src/cpp_custom/src/stateMachine/Statemachine.hpp:5[m[K,
                 from [01m[K/home/anhbaodz/Documents/ros2_wood/src/cpp_custom/src/stateMachine/StateMachine.cpp:1[m[K:
[01m[K/usr/include/x86_64-linux-gnu/bits/mathcalls.h:104:1:[m[K [01;36m[Knote: [m[K  initializing argument 1 of ‘[01m[Kdouble log(double)[m[K’
  104 | [01;36m[K_[m[K_MATHCALL_VEC (log,, (_Mdouble_ __x));
      | [01;36m[K^[m[K
[01m[K/home/anhbaodz/Documents/ros2_wood/src/cpp_custom/src/stateMachine/StateMachine.cpp:[m[K In function ‘[01m[Kvoid engineIdle()[m[K’:
[01m[K/home/anhbaodz/Documents/ros2_wood/src/cpp_custom/src/stateMachine/StateMachine.cpp:44:29:[m[K [01;31m[Kerror: [m[Kcannot convert ‘[01m[Kconst char*[m[K’ to ‘[01m[Kdouble[m[K’
   44 | void engineIdle()     { log([01;31m[K"Engine: idle, no job."[m[K); }
      |                             [01;31m[K^~~~~~~~~~~~~~~~~~~~~~~[m[K
      |                             [01;31m[K|[m[K
      |                             [01;31m[Kconst char*[m[K
In file included from [01m[K/usr/include/c++/11/cmath:45[m[K,
                 from [01m[K/opt/ros/humble/include/libstatistics_collector/libstatistics_collector/moving_average_statistics/types.hpp:18[m[K,
                 from [01m[K/opt/ros/humble/include/libstatistics_collector/libstatistics_collector/collector/generate_statistics_message.hpp:24[m[K,
                 from [01m[K/opt/ros/humble/include/rclcpp/rclcpp/topic_statistics/subscription_topic_statistics.hpp:23[m[K,
                 from [01m[K/opt/ros/humble/include/rclcpp/rclcpp/subscription.hpp:50[m[K,
                 from [01m[K/opt/ros/humble/include/rclcpp/rclcpp/any_executable.hpp:25[m[K,
                 from [01m[K/opt/ros/humble/include/rclcpp/rclcpp/memory_strategy.hpp:25[m[K,
                 from [01m[K/opt/ros/humble/include/rclcpp/rclcpp/memory_strategies.hpp:18[m[K,
                 from [01m[K/opt/ros/humble/include/rclcpp/rclcpp/executor_options.hpp:20[m[K,
                 from [01m[K/opt/ros/humble/include/rclcpp/rclcpp/executor.hpp:37[m[K,
                 from [01m[K/opt/ros/humble/include/rclcpp/rclcpp/executors/multi_threaded_executor.hpp:25[m[K,
                 from [01m[K/opt/ros/humble/include/rclcpp/rclcpp/executors.hpp:21[m[K,
                 from [01m[K/opt/ros/humble/include/rclcpp/rclcpp/rclcpp.hpp:155[m[K,
                 from [01m[K/home/anhbaodz/Documents/ros2_wood/src/cpp_custom/src/communication/ros_Service.hpp:7[m[K,
                 from [01m[K/home/anhbaodz/Documents/ros2_wood/src/cpp_custom/src/stateMachine/Statemachine.hpp:5[m[K,
                 from [01m[K/home/anhbaodz/Documents/ros2_wood/src/cpp_custom/src/stateMachine/StateMachine.cpp:1[m[K:
[01m[K/usr/include/x86_64-linux-gnu/bits/mathcalls.h:104:1:[m[K [01;36m[Knote: [m[K  initializing argument 1 of ‘[01m[Kdouble log(double)[m[K’
  104 | [01;36m[K_[m[K_MATHCALL_VEC (log,, (_Mdouble_ __x));
      | [01;36m[K^[m[K
[01m[K/home/anhbaodz/Documents/ros2_wood/src/cpp_custom/src/stateMachine/StateMachine.cpp:[m[K In function ‘[01m[Kvoid engineSetup()[m[K’:
[01m[K/home/anhbaodz/Documents/ros2_wood/src/cpp_custom/src/stateMachine/StateMachine.cpp:45:29:[m[K [01;31m[Kerror: [m[Kcannot convert ‘[01m[Kconst char*[m[K’ to ‘[01m[Kdouble[m[K’
   45 | void engineSetup()    { log([01;31m[K"Engine: preloading woodbar demand..."[m[K); }
      |                             [01;31m[K^~~~~~~~~~~~~~~~~~~~~~~~~~~~~~~~~~~~~~[m[K
      |                             [01;31m[K|[m[K
      |                             [01;31m[Kconst char*[m[K
In file included from [01m[K/usr/include/c++/11/cmath:45[m[K,
                 from [01m[K/opt/ros/humble/include/libstatistics_collector/libstatistics_collector/moving_average_statistics/types.hpp:18[m[K,
                 from [01m[K/opt/ros/humble/include/libstatistics_collector/libstatistics_collector/collector/generate_statistics_message.hpp:24[m[K,
                 from [01m[K/opt/ros/humble/include/rclcpp/rclcpp/topic_statistics/subscription_topic_statistics.hpp:23[m[K,
                 from [01m[K/opt/ros/humble/include/rclcpp/rclcpp/subscription.hpp:50[m[K,
                 from [01m[K/opt/ros/humble/include/rclcpp/rclcpp/any_executable.hpp:25[m[K,
                 from [01m[K/opt/ros/humble/include/rclcpp/rclcpp/memory_strategy.hpp:25[m[K,
                 from [01m[K/opt/ros/humble/include/rclcpp/rclcpp/memory_strategies.hpp:18[m[K,
                 from [01m[K/opt/ros/humble/include/rclcpp/rclcpp/executor_options.hpp:20[m[K,
                 from [01m[K/opt/ros/humble/include/rclcpp/rclcpp/executor.hpp:37[m[K,
                 from [01m[K/opt/ros/humble/include/rclcpp/rclcpp/executors/multi_threaded_executor.hpp:25[m[K,
                 from [01m[K/opt/ros/humble/include/rclcpp/rclcpp/executors.hpp:21[m[K,
                 from [01m[K/opt/ros/humble/include/rclcpp/rclcpp/rclcpp.hpp:155[m[K,
                 from [01m[K/home/anhbaodz/Documents/ros2_wood/src/cpp_custom/src/communication/ros_Service.hpp:7[m[K,
                 from [01m[K/home/anhbaodz/Documents/ros2_wood/src/cpp_custom/src/stateMachine/Statemachine.hpp:5[m[K,
                 from [01m[K/home/anhbaodz/Documents/ros2_wood/src/cpp_custom/src/stateMachine/StateMachine.cpp:1[m[K:
[01m[K/usr/include/x86_64-linux-gnu/bits/mathcalls.h:104:1:[m[K [01;36m[Knote: [m[K  initializing argument 1 of ‘[01m[Kdouble log(double)[m[K’
  104 | [01;36m[K_[m[K_MATHCALL_VEC (log,, (_Mdouble_ __x));
      | [01;36m[K^[m[K
[01m[K/home/anhbaodz/Documents/ros2_wood/src/cpp_custom/src/stateMachine/StateMachine.cpp:[m[K In function ‘[01m[Kvoid engineLoop()[m[K’:
[01m[K/home/anhbaodz/Documents/ros2_wood/src/cpp_custom/src/stateMachine/StateMachine.cpp:46:25:[m[K [01;31m[Kerror: [m[K‘[01m[Kengine_[m[K’ was not declared in this scope; did you mean ‘[01m[KEngine[m[K’?
   46 | void engineLoop()     { [01;31m[Kengine_[m[K->runOnce(); log("Engine: processing optimization..."); }
      |                         [01;31m[K^~~~~~~[m[K
      |                         [32m[KEngine[m[K
[01m[K/home/anhbaodz/Documents/ros2_wood/src/cpp_custom/src/stateMachine/StateMachine.cpp:46:49:[m[K [01;31m[Kerror: [m[Kcannot convert ‘[01m[Kconst char*[m[K’ to ‘[01m[Kdouble[m[K’
   46 | void engineLoop()     { engine_->runOnce(); log([01;31m[K"Engine: processing optimization..."[m[K); }
      |                                                 [01;31m[K^~~~~~~~~~~~~~~~~~~~~~~~~~~~~~~~~~~~[m[K
      |                                                 [01;31m[K|[m[K
      |                                                 [01;31m[Kconst char*[m[K
In file included from [01m[K/usr/include/c++/11/cmath:45[m[K,
                 from [01m[K/opt/ros/humble/include/libstatistics_collector/libstatistics_collector/moving_average_statistics/types.hpp:18[m[K,
                 from [01m[K/opt/ros/humble/include/libstatistics_collector/libstatistics_collector/collector/generate_statistics_message.hpp:24[m[K,
                 from [01m[K/opt/ros/humble/include/rclcpp/rclcpp/topic_statistics/subscription_topic_statistics.hpp:23[m[K,
                 from [01m[K/opt/ros/humble/include/rclcpp/rclcpp/subscription.hpp:50[m[K,
                 from [01m[K/opt/ros/humble/include/rclcpp/rclcpp/any_executable.hpp:25[m[K,
                 from [01m[K/opt/ros/humble/include/rclcpp/rclcpp/memory_strategy.hpp:25[m[K,
                 from [01m[K/opt/ros/humble/include/rclcpp/rclcpp/memory_strategies.hpp:18[m[K,
                 from [01m[K/opt/ros/humble/include/rclcpp/rclcpp/executor_options.hpp:20[m[K,
                 from [01m[K/opt/ros/humble/include/rclcpp/rclcpp/executor.hpp:37[m[K,
                 from [01m[K/opt/ros/humble/include/rclcpp/rclcpp/executors/multi_threaded_executor.hpp:25[m[K,
                 from [01m[K/opt/ros/humble/include/rclcpp/rclcpp/executors.hpp:21[m[K,
                 from [01m[K/opt/ros/humble/include/rclcpp/rclcpp/rclcpp.hpp:155[m[K,
                 from [01m[K/home/anhbaodz/Documents/ros2_wood/src/cpp_custom/src/communication/ros_Service.hpp:7[m[K,
                 from [01m[K/home/anhbaodz/Documents/ros2_wood/src/cpp_custom/src/stateMachine/Statemachine.hpp:5[m[K,
                 from [01m[K/home/anhbaodz/Documents/ros2_wood/src/cpp_custom/src/stateMachine/StateMachine.cpp:1[m[K:
[01m[K/usr/include/x86_64-linux-gnu/bits/mathcalls.h:104:1:[m[K [01;36m[Knote: [m[K  initializing argument 1 of ‘[01m[Kdouble log(double)[m[K’
  104 | [01;36m[K_[m[K_MATHCALL_VEC (log,, (_Mdouble_ __x));
      | [01;36m[K^[m[K
[01m[K/home/anhbaodz/Documents/ros2_wood/src/cpp_custom/src/stateMachine/StateMachine.cpp:[m[K In function ‘[01m[Kvoid engineError()[m[K’:
[01m[K/home/anhbaodz/Documents/ros2_wood/src/cpp_custom/src/stateMachine/StateMachine.cpp:47:29:[m[K [01;31m[Kerror: [m[Kcannot convert ‘[01m[Kconst char*[m[K’ to ‘[01m[Kdouble[m[K’
   47 | void engineError()    { log([01;31m[K"Engine: halted due to ERROR."[m[K); }
      |                             [01;31m[K^~~~~~~~~~~~~~~~~~~~~~~~~~~~~~[m[K
      |                             [01;31m[K|[m[K
      |                             [01;31m[Kconst char*[m[K
In file included from [01m[K/usr/include/c++/11/cmath:45[m[K,
                 from [01m[K/opt/ros/humble/include/libstatistics_collector/libstatistics_collector/moving_average_statistics/types.hpp:18[m[K,
                 from [01m[K/opt/ros/humble/include/libstatistics_collector/libstatistics_collector/collector/generate_statistics_message.hpp:24[m[K,
                 from [01m[K/opt/ros/humble/include/rclcpp/rclcpp/topic_statistics/subscription_topic_statistics.hpp:23[m[K,
                 from [01m[K/opt/ros/humble/include/rclcpp/rclcpp/subscription.hpp:50[m[K,
                 from [01m[K/opt/ros/humble/include/rclcpp/rclcpp/any_executable.hpp:25[m[K,
                 from [01m[K/opt/ros/humble/include/rclcpp/rclcpp/memory_strategy.hpp:25[m[K,
                 from [01m[K/opt/ros/humble/include/rclcpp/rclcpp/memory_strategies.hpp:18[m[K,
                 from [01m[K/opt/ros/humble/include/rclcpp/rclcpp/executor_options.hpp:20[m[K,
                 from [01m[K/opt/ros/humble/include/rclcpp/rclcpp/executor.hpp:37[m[K,
                 from [01m[K/opt/ros/humble/include/rclcpp/rclcpp/executors/multi_threaded_executor.hpp:25[m[K,
                 from [01m[K/opt/ros/humble/include/rclcpp/rclcpp/executors.hpp:21[m[K,
                 from [01m[K/opt/ros/humble/include/rclcpp/rclcpp/rclcpp.hpp:155[m[K,
                 from [01m[K/home/anhbaodz/Documents/ros2_wood/src/cpp_custom/src/communication/ros_Service.hpp:7[m[K,
                 from [01m[K/home/anhbaodz/Documents/ros2_wood/src/cpp_custom/src/stateMachine/Statemachine.hpp:5[m[K,
                 from [01m[K/home/anhbaodz/Documents/ros2_wood/src/cpp_custom/src/stateMachine/StateMachine.cpp:1[m[K:
[01m[K/usr/include/x86_64-linux-gnu/bits/mathcalls.h:104:1:[m[K [01;36m[Knote: [m[K  initializing argument 1 of ‘[01m[Kdouble log(double)[m[K’
  104 | [01;36m[K_[m[K_MATHCALL_VEC (log,, (_Mdouble_ __x));
      | [01;36m[K^[m[K
[01m[K/home/anhbaodz/Documents/ros2_wood/src/cpp_custom/src/stateMachine/StateMachine.cpp:[m[K In function ‘[01m[Kvoid engineShutdown()[m[K’:
[01m[K/home/anhbaodz/Documents/ros2_wood/src/cpp_custom/src/stateMachine/StateMachine.cpp:48:29:[m[K [01;31m[Kerror: [m[Kcannot convert ‘[01m[Kconst char*[m[K’ to ‘[01m[Kdouble[m[K’
   48 | void engineShutdown() { log([01;31m[K"Engine: cleanup."[m[K); }
      |                             [01;31m[K^~~~~~~~~~~~~~~~~~[m[K
      |                             [01;31m[K|[m[K
      |                             [01;31m[Kconst char*[m[K
In file included from [01m[K/usr/include/c++/11/cmath:45[m[K,
                 from [01m[K/opt/ros/humble/include/libstatistics_collector/libstatistics_collector/moving_average_statistics/types.hpp:18[m[K,
                 from [01m[K/opt/ros/humble/include/libstatistics_collector/libstatistics_collector/collector/generate_statistics_message.hpp:24[m[K,
                 from [01m[K/opt/ros/humble/include/rclcpp/rclcpp/topic_statistics/subscription_topic_statistics.hpp:23[m[K,
                 from [01m[K/opt/ros/humble/include/rclcpp/rclcpp/subscription.hpp:50[m[K,
                 from [01m[K/opt/ros/humble/include/rclcpp/rclcpp/any_executable.hpp:25[m[K,
                 from [01m[K/opt/ros/humble/include/rclcpp/rclcpp/memory_strategy.hpp:25[m[K,
                 from [01m[K/opt/ros/humble/include/rclcpp/rclcpp/memory_strategies.hpp:18[m[K,
                 from [01m[K/opt/ros/humble/include/rclcpp/rclcpp/executor_options.hpp:20[m[K,
                 from [01m[K/opt/ros/humble/include/rclcpp/rclcpp/executor.hpp:37[m[K,
                 from [01m[K/opt/ros/humble/include/rclcpp/rclcpp/executors/multi_threaded_executor.hpp:25[m[K,
                 from [01m[K/opt/ros/humble/include/rclcpp/rclcpp/executors.hpp:21[m[K,
                 from [01m[K/opt/ros/humble/include/rclcpp/rclcpp/rclcpp.hpp:155[m[K,
                 from [01m[K/home/anhbaodz/Documents/ros2_wood/src/cpp_custom/src/communication/ros_Service.hpp:7[m[K,
                 from [01m[K/home/anhbaodz/Documents/ros2_wood/src/cpp_custom/src/stateMachine/Statemachine.hpp:5[m[K,
                 from [01m[K/home/anhbaodz/Documents/ros2_wood/src/cpp_custom/src/stateMachine/StateMachine.cpp:1[m[K:
[01m[K/usr/include/x86_64-linux-gnu/bits/mathcalls.h:104:1:[m[K [01;36m[Knote: [m[K  initializing argument 1 of ‘[01m[Kdouble log(double)[m[K’
  104 | [01;36m[K_[m[K_MATHCALL_VEC (log,, (_Mdouble_ __x));
      | [01;36m[K^[m[K
gmake[2]: *** [CMakeFiles/core_system.dir/build.make:146: CMakeFiles/core_system.dir/src/stateMachine/StateMachine.cpp.o] Error 1
gmake[1]: *** [CMakeFiles/Makefile2:139: CMakeFiles/core_system.dir/all] Error 2
gmake: *** [Makefile:146: all] Error 2
