-- Found ament_cmake: 1.3.12 (/opt/ros/humble/share/ament_cmake/cmake)
-- Found geometry_msgs: 4.9.0 (/opt/ros/humble/share/geometry_msgs/cmake)
-- Found rosidl_generator_c: 3.1.7 (/opt/ros/humble/share/rosidl_generator_c/cmake)
-- Found rosidl_adapter: 3.1.7 (/opt/ros/humble/share/rosidl_adapter/cmake)
-- Found rosidl_generator_cpp: 3.1.7 (/opt/ros/humble/share/rosidl_generator_cpp/cmake)
-- Using all available rosidl_typesupport_c: rosidl_typesupport_fastrtps_c;rosidl_typesupport_introspection_c
-- Using all available rosidl_typesupport_cpp: rosidl_typesupport_fastrtps_cpp;rosidl_typesupport_introspection_cpp
-- Found rosidl_default_generators: 1.2.0 (/opt/ros/humble/share/rosidl_default_generators/cmake)
-- Found ament_cmake_ros: 0.10.0 (/opt/ros/humble/share/ament_cmake_ros/cmake)
-- Using all available rosidl_typesupport_c: rosidl_typesupport_fastrtps_c;rosidl_typesupport_introspection_c
-- Using all available rosidl_typesupport_cpp: rosidl_typesupport_fastrtps_cpp;rosidl_typesupport_introspection_cpp
-- Found PythonInterp: /usr/bin/python3 (found suitable version "3.10.12", minimum required is "3.6") 
-- Found python_cmake_module: 0.10.0 (/opt/ros/humble/share/python_cmake_module/cmake)
-- Found PythonLibs: /usr/lib/x86_64-linux-gnu/libpython3.10.so (found suitable version "3.10.12", minimum required is "3.5") 
-- Using PYTHON_EXECUTABLE: /usr/bin/python3
-- Using PYTHON_INCLUDE_DIRS: /usr/include/python3.10
-- Using PYTHON_LIBRARIES: /usr/lib/x86_64-linux-gnu/libpython3.10.so
-- Found PythonExtra: .so  
-- Found ament_lint_auto: 0.12.14 (/opt/ros/humble/share/ament_lint_auto/cmake)
-- Added test 'lint_cmake' to check CMake code style
-- Added test 'xmllint' to check XML markup files
-- Configuring done
-- Generating done
-- Build files have been written to: /home/anhbaodz/Documents/ros2_wood/build/ros_interface
[  2%] [34m[1mGenerating C code for ROS interfaces[0m
[  4%] [34m[1mGenerating C++ code for ROS interfaces[0m
[  4%] Built target ament_cmake_python_copy_ros_interface
running egg_info
creating ros_interface.egg-info
writing ros_interface.egg-info/PKG-INFO
writing dependency_links to ros_interface.egg-info/dependency_links.txt
writing top-level names to ros_interface.egg-info/top_level.txt
writing manifest file 'ros_interface.egg-info/SOURCES.txt'
reading manifest file 'ros_interface.egg-info/SOURCES.txt'
writing manifest file 'ros_interface.egg-info/SOURCES.txt'
[  4%] Built target ament_cmake_python_build_ros_interface_egg
[  4%] Built target ros_interface__cpp
[  8%] [34m[1mGenerating C++ type support for eProsima Fast-RTPS[0m
[  8%] [34m[1mGenerating C++ type support dispatch for ROS interfaces[0m
[ 10%] [34m[1mGenerating C++ introspection for ROS interfaces[0m
[ 17%] [32mBuilding C object CMakeFiles/ros_interface__rosidl_generator_c.dir/rosidl_generator_c/ros_interface/srv/detail/update_configure__functions.c.o[0m
[ 17%] [32mBuilding C object CMakeFiles/ros_interface__rosidl_generator_c.dir/rosidl_generator_c/ros_interface/srv/detail/process_request__functions.c.o[0m
[ 17%] [32mBuilding C object CMakeFiles/ros_interface__rosidl_generator_c.dir/rosidl_generator_c/ros_interface/msg/detail/sphere__functions.c.o[0m
[ 19%] [32m[1mLinking C shared library libros_interface__rosidl_generator_c.so[0m
[ 19%] Built target ros_interface__rosidl_generator_c
[ 23%] [34m[1mGenerating C introspection for ROS interfaces[0m
[ 23%] [34m[1mGenerating C type support for eProsima Fast-RTPS[0m
[ 25%] [34m[1mGenerating C type support dispatch for ROS interfaces[0m
[ 29%] [32mBuilding CXX object CMakeFiles/ros_interface__rosidl_typesupport_cpp.dir/rosidl_typesupport_cpp/ros_interface/srv/update_configure__type_support.cpp.o[0m
[ 29%] [32mBuilding CXX object CMakeFiles/ros_interface__rosidl_typesupport_cpp.dir/rosidl_typesupport_cpp/ros_interface/srv/process_request__type_support.cpp.o[0m
[ 31%] [32mBuilding CXX object CMakeFiles/ros_interface__rosidl_typesupport_cpp.dir/rosidl_typesupport_cpp/ros_interface/msg/sphere__type_support.cpp.o[0m
[ 34%] [32mBuilding CXX object CMakeFiles/ros_interface__rosidl_typesupport_introspection_cpp.dir/rosidl_typesupport_introspection_cpp/ros_interface/srv/detail/process_request__type_support.cpp.o[0m
[ 36%] [32mBuilding CXX object CMakeFiles/ros_interface__rosidl_typesupport_introspection_cpp.dir/rosidl_typesupport_introspection_cpp/ros_interface/srv/detail/update_configure__type_support.cpp.o[0m
[ 38%] [32mBuilding CXX object CMakeFiles/ros_interface__rosidl_typesupport_introspection_cpp.dir/rosidl_typesupport_introspection_cpp/ros_interface/msg/detail/sphere__type_support.cpp.o[0m
[ 42%] [32mBuilding CXX object CMakeFiles/ros_interface__rosidl_typesupport_fastrtps_cpp.dir/rosidl_typesupport_fastrtps_cpp/ros_interface/srv/detail/dds_fastrtps/process_request__type_support.cpp.o[0m
[ 44%] [32mBuilding CXX object CMakeFiles/ros_interface__rosidl_typesupport_fastrtps_cpp.dir/rosidl_typesupport_fastrtps_cpp/ros_interface/msg/detail/dds_fastrtps/sphere__type_support.cpp.o[0m
[ 44%] [32mBuilding CXX object CMakeFiles/ros_interface__rosidl_typesupport_fastrtps_cpp.dir/rosidl_typesupport_fastrtps_cpp/ros_interface/srv/detail/dds_fastrtps/update_configure__type_support.cpp.o[0m
[ 46%] [32mBuilding CXX object CMakeFiles/ros_interface__rosidl_typesupport_c.dir/rosidl_typesupport_c/ros_interface/msg/sphere__type_support.cpp.o[0m
[ 48%] [32mBuilding C object CMakeFiles/ros_interface__rosidl_typesupport_introspection_c.dir/rosidl_typesupport_introspection_c/ros_interface/msg/detail/sphere__type_support.c.o[0m
[ 53%] [32mBuilding C object CMakeFiles/ros_interface__rosidl_typesupport_introspection_c.dir/rosidl_typesupport_introspection_c/ros_interface/srv/detail/process_request__type_support.c.o[0m
[ 53%] [32m[1mLinking CXX shared library libros_interface__rosidl_typesupport_cpp.so[0m
[ 55%] [32mBuilding CXX object CMakeFiles/ros_interface__rosidl_typesupport_c.dir/rosidl_typesupport_c/ros_interface/srv/process_request__type_support.cpp.o[0m
[ 57%] [32mBuilding CXX object CMakeFiles/ros_interface__rosidl_typesupport_c.dir/rosidl_typesupport_c/ros_interface/srv/update_configure__type_support.cpp.o[0m
[ 59%] [32mBuilding CXX object CMakeFiles/ros_interface__rosidl_typesupport_fastrtps_c.dir/rosidl_typesupport_fastrtps_c/ros_interface/msg/detail/sphere__type_support_c.cpp.o[0m
[ 61%] [32mBuilding C object CMakeFiles/ros_interface__rosidl_typesupport_introspection_c.dir/rosidl_typesupport_introspection_c/ros_interface/srv/detail/update_configure__type_support.c.o[0m
[ 65%] [32mBuilding CXX object CMakeFiles/ros_interface__rosidl_typesupport_fastrtps_c.dir/rosidl_typesupport_fastrtps_c/ros_interface/srv/detail/process_request__type_support_c.cpp.o[0m
[ 65%] [32m[1mLinking CXX shared library libros_interface__rosidl_typesupport_c.so[0m
[ 68%] [32mBuilding CXX object CMakeFiles/ros_interface__rosidl_typesupport_fastrtps_c.dir/rosidl_typesupport_fastrtps_c/ros_interface/srv/detail/update_configure__type_support_c.cpp.o[0m
[ 68%] Built target ros_interface__rosidl_typesupport_cpp
[ 70%] [32m[1mLinking C shared library libros_interface__rosidl_typesupport_introspection_c.so[0m
[ 70%] Built target ros_interface__rosidl_typesupport_c
[ 70%] Built target ros_interface__rosidl_typesupport_introspection_c
[ 72%] [32m[1mLinking CXX shared library libros_interface__rosidl_typesupport_introspection_cpp.so[0m
[ 74%] [32m[1mLinking CXX shared library libros_interface__rosidl_typesupport_fastrtps_cpp.so[0m
[ 74%] Built target ros_interface__rosidl_typesupport_introspection_cpp
[ 74%] Built target ros_interface__rosidl_typesupport_fastrtps_cpp
[ 76%] [32m[1mLinking CXX shared library libros_interface__rosidl_typesupport_fastrtps_c.so[0m
[ 76%] Built target ros_interface__rosidl_typesupport_fastrtps_c
[ 76%] Built target ros_interface
[ 78%] [34m[1mGenerating Python code for ROS interfaces[0m
[ 78%] Built target ros_interface__py
[ 85%] [32mBuilding C object CMakeFiles/ros_interface__rosidl_generator_py.dir/rosidl_generator_py/ros_interface/srv/_update_configure_s.c.o[0m
[ 85%] [32mBuilding C object CMakeFiles/ros_interface__rosidl_generator_py.dir/rosidl_generator_py/ros_interface/srv/_process_request_s.c.o[0m
[ 85%] [32mBuilding C object CMakeFiles/ros_interface__rosidl_generator_py.dir/rosidl_generator_py/ros_interface/msg/_sphere_s.c.o[0m
[ 87%] [32m[1mLinking C shared library rosidl_generator_py/ros_interface/libros_interface__rosidl_generator_py.so[0m
[ 87%] Built target ros_interface__rosidl_generator_py
[ 93%] [32mBuilding C object CMakeFiles/ros_interface__rosidl_typesupport_c__pyext.dir/rosidl_generator_py/ros_interface/_ros_interface_s.ep.rosidl_typesupport_c.c.o[0m
[ 93%] [32mBuilding C object CMakeFiles/ros_interface__rosidl_typesupport_fastrtps_c__pyext.dir/rosidl_generator_py/ros_interface/_ros_interface_s.ep.rosidl_typesupport_fastrtps_c.c.o[0m
[ 93%] [32mBuilding C object CMakeFiles/ros_interface__rosidl_typesupport_introspection_c__pyext.dir/rosidl_generator_py/ros_interface/_ros_interface_s.ep.rosidl_typesupport_introspection_c.c.o[0m
[100%] [32m[1mLinking C shared library rosidl_generator_py/ros_interface/ros_interface_s__rosidl_typesupport_introspection_c.cpython-310-x86_64-linux-gnu.so[0m
[100%] [32m[1mLinking C shared library rosidl_generator_py/ros_interface/ros_interface_s__rosidl_typesupport_fastrtps_c.cpython-310-x86_64-linux-gnu.so[0m
[100%] [32m[1mLinking C shared library rosidl_generator_py/ros_interface/ros_interface_s__rosidl_typesupport_c.cpython-310-x86_64-linux-gnu.so[0m
[100%] Built target ros_interface__rosidl_typesupport_c__pyext
[100%] Built target ros_interface__rosidl_typesupport_introspection_c__pyext
[100%] Built target ros_interface__rosidl_typesupport_fastrtps_c__pyext
-- Install configuration: ""
-- Installing: /home/anhbaodz/Documents/ros2_wood/install/ros_interface/share/ament_index/resource_index/rosidl_interfaces/ros_interface
-- Installing: /home/anhbaodz/Documents/ros2_wood/install/ros_interface/include/ros_interface/ros_interface
-- Installing: /home/anhbaodz/Documents/ros2_wood/install/ros_interface/include/ros_interface/ros_interface/msg
-- Installing: /home/anhbaodz/Documents/ros2_wood/install/ros_interface/include/ros_interface/ros_interface/msg/rosidl_generator_c__visibility_control.h
-- Installing: /home/anhbaodz/Documents/ros2_wood/install/ros_interface/include/ros_interface/ros_interface/msg/sphere.h
-- Installing: /home/anhbaodz/Documents/ros2_wood/install/ros_interface/include/ros_interface/ros_interface/msg/detail
-- Installing: /home/anhbaodz/Documents/ros2_wood/install/ros_interface/include/ros_interface/ros_interface/msg/detail/sphere__struct.h
-- Installing: /home/anhbaodz/Documents/ros2_wood/install/ros_interface/include/ros_interface/ros_interface/msg/detail/sphere__type_support.h
-- Installing: /home/anhbaodz/Documents/ros2_wood/install/ros_interface/include/ros_interface/ros_interface/msg/detail/sphere__functions.c
-- Installing: /home/anhbaodz/Documents/ros2_wood/install/ros_interface/include/ros_interface/ros_interface/msg/detail/sphere__functions.h
-- Installing: /home/anhbaodz/Documents/ros2_wood/install/ros_interface/include/ros_interface/ros_interface/srv
-- Installing: /home/anhbaodz/Documents/ros2_wood/install/ros_interface/include/ros_interface/ros_interface/srv/process_request.h
-- Installing: /home/anhbaodz/Documents/ros2_wood/install/ros_interface/include/ros_interface/ros_interface/srv/update_configure.h
-- Installing: /home/anhbaodz/Documents/ros2_wood/install/ros_interface/include/ros_interface/ros_interface/srv/detail
-- Installing: /home/anhbaodz/Documents/ros2_wood/install/ros_interface/include/ros_interface/ros_interface/srv/detail/update_configure__type_support.h
-- Installing: /home/anhbaodz/Documents/ros2_wood/install/ros_interface/include/ros_interface/ros_interface/srv/detail/process_request__type_support.h
-- Installing: /home/anhbaodz/Documents/ros2_wood/install/ros_interface/include/ros_interface/ros_interface/srv/detail/update_configure__functions.h
-- Installing: /home/anhbaodz/Documents/ros2_wood/install/ros_interface/include/ros_interface/ros_interface/srv/detail/update_configure__struct.h
-- Installing: /home/anhbaodz/Documents/ros2_wood/install/ros_interface/include/ros_interface/ros_interface/srv/detail/process_request__functions.c
-- Installing: /home/anhbaodz/Documents/ros2_wood/install/ros_interface/include/ros_interface/ros_interface/srv/detail/process_request__struct.h
-- Installing: /home/anhbaodz/Documents/ros2_wood/install/ros_interface/include/ros_interface/ros_interface/srv/detail/update_configure__functions.c
-- Installing: /home/anhbaodz/Documents/ros2_wood/install/ros_interface/include/ros_interface/ros_interface/srv/detail/process_request__functions.h
-- Installing: /home/anhbaodz/Documents/ros2_wood/install/ros_interface/share/ros_interface/environment/library_path.sh
-- Installing: /home/anhbaodz/Documents/ros2_wood/install/ros_interface/share/ros_interface/environment/library_path.dsv
-- Installing: /home/anhbaodz/Documents/ros2_wood/install/ros_interface/lib/libros_interface__rosidl_generator_c.so
-- Set runtime path of "/home/anhbaodz/Documents/ros2_wood/install/ros_interface/lib/libros_interface__rosidl_generator_c.so" to ""
-- Up-to-date: /home/anhbaodz/Documents/ros2_wood/install/ros_interface/include/ros_interface/ros_interface
-- Up-to-date: /home/anhbaodz/Documents/ros2_wood/install/ros_interface/include/ros_interface/ros_interface/msg
-- Installing: /home/anhbaodz/Documents/ros2_wood/install/ros_interface/include/ros_interface/ros_interface/msg/rosidl_typesupport_fastrtps_c__visibility_control.h
-- Up-to-date: /home/anhbaodz/Documents/ros2_wood/install/ros_interface/include/ros_interface/ros_interface/msg/detail
-- Installing: /home/anhbaodz/Documents/ros2_wood/install/ros_interface/include/ros_interface/ros_interface/msg/detail/sphere__rosidl_typesupport_fastrtps_c.h
-- Up-to-date: /home/anhbaodz/Documents/ros2_wood/install/ros_interface/include/ros_interface/ros_interface/srv
-- Up-to-date: /home/anhbaodz/Documents/ros2_wood/install/ros_interface/include/ros_interface/ros_interface/srv/detail
-- Installing: /home/anhbaodz/Documents/ros2_wood/install/ros_interface/include/ros_interface/ros_interface/srv/detail/update_configure__rosidl_typesupport_fastrtps_c.h
-- Installing: /home/anhbaodz/Documents/ros2_wood/install/ros_interface/include/ros_interface/ros_interface/srv/detail/process_request__rosidl_typesupport_fastrtps_c.h
-- Installing: /home/anhbaodz/Documents/ros2_wood/install/ros_interface/lib/libros_interface__rosidl_typesupport_fastrtps_c.so
-- Set runtime path of "/home/anhbaodz/Documents/ros2_wood/install/ros_interface/lib/libros_interface__rosidl_typesupport_fastrtps_c.so" to ""
-- Up-to-date: /home/anhbaodz/Documents/ros2_wood/install/ros_interface/include/ros_interface/ros_interface
-- Up-to-date: /home/anhbaodz/Documents/ros2_wood/install/ros_interface/include/ros_interface/ros_interface/msg
-- Installing: /home/anhbaodz/Documents/ros2_wood/install/ros_interface/include/ros_interface/ros_interface/msg/rosidl_generator_cpp__visibility_control.hpp
-- Installing: /home/anhbaodz/Documents/ros2_wood/install/ros_interface/include/ros_interface/ros_interface/msg/sphere.hpp
-- Up-to-date: /home/anhbaodz/Documents/ros2_wood/install/ros_interface/include/ros_interface/ros_interface/msg/detail
-- Installing: /home/anhbaodz/Documents/ros2_wood/install/ros_interface/include/ros_interface/ros_interface/msg/detail/sphere__struct.hpp
-- Installing: /home/anhbaodz/Documents/ros2_wood/install/ros_interface/include/ros_interface/ros_interface/msg/detail/sphere__builder.hpp
-- Installing: /home/anhbaodz/Documents/ros2_wood/install/ros_interface/include/ros_interface/ros_interface/msg/detail/sphere__type_support.hpp
-- Installing: /home/anhbaodz/Documents/ros2_wood/install/ros_interface/include/ros_interface/ros_interface/msg/detail/sphere__traits.hpp
-- Up-to-date: /home/anhbaodz/Documents/ros2_wood/install/ros_interface/include/ros_interface/ros_interface/srv
-- Installing: /home/anhbaodz/Documents/ros2_wood/install/ros_interface/include/ros_interface/ros_interface/srv/update_configure.hpp
-- Up-to-date: /home/anhbaodz/Documents/ros2_wood/install/ros_interface/include/ros_interface/ros_interface/srv/detail
-- Installing: /home/anhbaodz/Documents/ros2_wood/install/ros_interface/include/ros_interface/ros_interface/srv/detail/update_configure__traits.hpp
-- Installing: /home/anhbaodz/Documents/ros2_wood/install/ros_interface/include/ros_interface/ros_interface/srv/detail/update_configure__struct.hpp
-- Installing: /home/anhbaodz/Documents/ros2_wood/install/ros_interface/include/ros_interface/ros_interface/srv/detail/process_request__traits.hpp
-- Installing: /home/anhbaodz/Documents/ros2_wood/install/ros_interface/include/ros_interface/ros_interface/srv/detail/process_request__type_support.hpp
-- Installing: /home/anhbaodz/Documents/ros2_wood/install/ros_interface/include/ros_interface/ros_interface/srv/detail/update_configure__type_support.hpp
-- Installing: /home/anhbaodz/Documents/ros2_wood/install/ros_interface/include/ros_interface/ros_interface/srv/detail/update_configure__builder.hpp
-- Installing: /home/anhbaodz/Documents/ros2_wood/install/ros_interface/include/ros_interface/ros_interface/srv/detail/process_request__struct.hpp
-- Installing: /home/anhbaodz/Documents/ros2_wood/install/ros_interface/include/ros_interface/ros_interface/srv/detail/process_request__builder.hpp
-- Installing: /home/anhbaodz/Documents/ros2_wood/install/ros_interface/include/ros_interface/ros_interface/srv/process_request.hpp
-- Up-to-date: /home/anhbaodz/Documents/ros2_wood/install/ros_interface/include/ros_interface/ros_interface
-- Up-to-date: /home/anhbaodz/Documents/ros2_wood/install/ros_interface/include/ros_interface/ros_interface/msg
-- Installing: /home/anhbaodz/Documents/ros2_wood/install/ros_interface/include/ros_interface/ros_interface/msg/rosidl_typesupport_fastrtps_cpp__visibility_control.h
-- Up-to-date: /home/anhbaodz/Documents/ros2_wood/install/ros_interface/include/ros_interface/ros_interface/msg/detail
-- Installing: /home/anhbaodz/Documents/ros2_wood/install/ros_interface/include/ros_interface/ros_interface/msg/detail/dds_fastrtps
-- Installing: /home/anhbaodz/Documents/ros2_wood/install/ros_interface/include/ros_interface/ros_interface/msg/detail/sphere__rosidl_typesupport_fastrtps_cpp.hpp
-- Up-to-date: /home/anhbaodz/Documents/ros2_wood/install/ros_interface/include/ros_interface/ros_interface/srv
-- Up-to-date: /home/anhbaodz/Documents/ros2_wood/install/ros_interface/include/ros_interface/ros_interface/srv/detail
-- Installing: /home/anhbaodz/Documents/ros2_wood/install/ros_interface/include/ros_interface/ros_interface/srv/detail/dds_fastrtps
-- Installing: /home/anhbaodz/Documents/ros2_wood/install/ros_interface/include/ros_interface/ros_interface/srv/detail/update_configure__rosidl_typesupport_fastrtps_cpp.hpp
-- Installing: /home/anhbaodz/Documents/ros2_wood/install/ros_interface/include/ros_interface/ros_interface/srv/detail/process_request__rosidl_typesupport_fastrtps_cpp.hpp
-- Installing: /home/anhbaodz/Documents/ros2_wood/install/ros_interface/lib/libros_interface__rosidl_typesupport_fastrtps_cpp.so
-- Set runtime path of "/home/anhbaodz/Documents/ros2_wood/install/ros_interface/lib/libros_interface__rosidl_typesupport_fastrtps_cpp.so" to ""
-- Up-to-date: /home/anhbaodz/Documents/ros2_wood/install/ros_interface/include/ros_interface/ros_interface
-- Up-to-date: /home/anhbaodz/Documents/ros2_wood/install/ros_interface/include/ros_interface/ros_interface/msg
-- Installing: /home/anhbaodz/Documents/ros2_wood/install/ros_interface/include/ros_interface/ros_interface/msg/rosidl_typesupport_introspection_c__visibility_control.h
-- Up-to-date: /home/anhbaodz/Documents/ros2_wood/install/ros_interface/include/ros_interface/ros_interface/msg/detail
-- Installing: /home/anhbaodz/Documents/ros2_wood/install/ros_interface/include/ros_interface/ros_interface/msg/detail/sphere__type_support.c
-- Installing: /home/anhbaodz/Documents/ros2_wood/install/ros_interface/include/ros_interface/ros_interface/msg/detail/sphere__rosidl_typesupport_introspection_c.h
-- Up-to-date: /home/anhbaodz/Documents/ros2_wood/install/ros_interface/include/ros_interface/ros_interface/srv
-- Up-to-date: /home/anhbaodz/Documents/ros2_wood/install/ros_interface/include/ros_interface/ros_interface/srv/detail
-- Installing: /home/anhbaodz/Documents/ros2_wood/install/ros_interface/include/ros_interface/ros_interface/srv/detail/update_configure__type_support.c
-- Installing: /home/anhbaodz/Documents/ros2_wood/install/ros_interface/include/ros_interface/ros_interface/srv/detail/update_configure__rosidl_typesupport_introspection_c.h
-- Installing: /home/anhbaodz/Documents/ros2_wood/install/ros_interface/include/ros_interface/ros_interface/srv/detail/process_request__rosidl_typesupport_introspection_c.h
-- Installing: /home/anhbaodz/Documents/ros2_wood/install/ros_interface/include/ros_interface/ros_interface/srv/detail/process_request__type_support.c
-- Installing: /home/anhbaodz/Documents/ros2_wood/install/ros_interface/lib/libros_interface__rosidl_typesupport_introspection_c.so
-- Set runtime path of "/home/anhbaodz/Documents/ros2_wood/install/ros_interface/lib/libros_interface__rosidl_typesupport_introspection_c.so" to ""
-- Installing: /home/anhbaodz/Documents/ros2_wood/install/ros_interface/lib/libros_interface__rosidl_typesupport_c.so
-- Set runtime path of "/home/anhbaodz/Documents/ros2_wood/install/ros_interface/lib/libros_interface__rosidl_typesupport_c.so" to ""
-- Up-to-date: /home/anhbaodz/Documents/ros2_wood/install/ros_interface/include/ros_interface/ros_interface
-- Up-to-date: /home/anhbaodz/Documents/ros2_wood/install/ros_interface/include/ros_interface/ros_interface/msg
-- Up-to-date: /home/anhbaodz/Documents/ros2_wood/install/ros_interface/include/ros_interface/ros_interface/msg/detail
-- Installing: /home/anhbaodz/Documents/ros2_wood/install/ros_interface/include/ros_interface/ros_interface/msg/detail/sphere__type_support.cpp
-- Installing: /home/anhbaodz/Documents/ros2_wood/install/ros_interface/include/ros_interface/ros_interface/msg/detail/sphere__rosidl_typesupport_introspection_cpp.hpp
-- Up-to-date: /home/anhbaodz/Documents/ros2_wood/install/ros_interface/include/ros_interface/ros_interface/srv
-- Up-to-date: /home/anhbaodz/Documents/ros2_wood/install/ros_interface/include/ros_interface/ros_interface/srv/detail
-- Installing: /home/anhbaodz/Documents/ros2_wood/install/ros_interface/include/ros_interface/ros_interface/srv/detail/update_configure__rosidl_typesupport_introspection_cpp.hpp
-- Installing: /home/anhbaodz/Documents/ros2_wood/install/ros_interface/include/ros_interface/ros_interface/srv/detail/process_request__type_support.cpp
-- Installing: /home/anhbaodz/Documents/ros2_wood/install/ros_interface/include/ros_interface/ros_interface/srv/detail/update_configure__type_support.cpp
-- Installing: /home/anhbaodz/Documents/ros2_wood/install/ros_interface/include/ros_interface/ros_interface/srv/detail/process_request__rosidl_typesupport_introspection_cpp.hpp
-- Installing: /home/anhbaodz/Documents/ros2_wood/install/ros_interface/lib/libros_interface__rosidl_typesupport_introspection_cpp.so
-- Set runtime path of "/home/anhbaodz/Documents/ros2_wood/install/ros_interface/lib/libros_interface__rosidl_typesupport_introspection_cpp.so" to ""
-- Installing: /home/anhbaodz/Documents/ros2_wood/install/ros_interface/lib/libros_interface__rosidl_typesupport_cpp.so
-- Set runtime path of "/home/anhbaodz/Documents/ros2_wood/install/ros_interface/lib/libros_interface__rosidl_typesupport_cpp.so" to ""
-- Installing: /home/anhbaodz/Documents/ros2_wood/install/ros_interface/share/ros_interface/environment/pythonpath.sh
-- Installing: /home/anhbaodz/Documents/ros2_wood/install/ros_interface/share/ros_interface/environment/pythonpath.dsv
-- Installing: /home/anhbaodz/Documents/ros2_wood/install/ros_interface/local/lib/python3.10/dist-packages/ros_interface-0.0.0-py3.10.egg-info
-- Installing: /home/anhbaodz/Documents/ros2_wood/install/ros_interface/local/lib/python3.10/dist-packages/ros_interface-0.0.0-py3.10.egg-info/top_level.txt
-- Installing: /home/anhbaodz/Documents/ros2_wood/install/ros_interface/local/lib/python3.10/dist-packages/ros_interface-0.0.0-py3.10.egg-info/PKG-INFO
-- Installing: /home/anhbaodz/Documents/ros2_wood/install/ros_interface/local/lib/python3.10/dist-packages/ros_interface-0.0.0-py3.10.egg-info/dependency_links.txt
-- Installing: /home/anhbaodz/Documents/ros2_wood/install/ros_interface/local/lib/python3.10/dist-packages/ros_interface-0.0.0-py3.10.egg-info/SOURCES.txt
-- Installing: /home/anhbaodz/Documents/ros2_wood/install/ros_interface/local/lib/python3.10/dist-packages/ros_interface
-- Installing: /home/anhbaodz/Documents/ros2_wood/install/ros_interface/local/lib/python3.10/dist-packages/ros_interface/_ros_interface_s.ep.rosidl_typesupport_c.c
-- Installing: /home/anhbaodz/Documents/ros2_wood/install/ros_interface/local/lib/python3.10/dist-packages/ros_interface/_ros_interface_s.ep.rosidl_typesupport_introspection_c.c
-- Installing: /home/anhbaodz/Documents/ros2_wood/install/ros_interface/local/lib/python3.10/dist-packages/ros_interface/msg
-- Installing: /home/anhbaodz/Documents/ros2_wood/install/ros_interface/local/lib/python3.10/dist-packages/ros_interface/msg/_sphere.py
-- Installing: /home/anhbaodz/Documents/ros2_wood/install/ros_interface/local/lib/python3.10/dist-packages/ros_interface/msg/_sphere_s.c
-- Installing: /home/anhbaodz/Documents/ros2_wood/install/ros_interface/local/lib/python3.10/dist-packages/ros_interface/msg/__init__.py
-- Installing: /home/anhbaodz/Documents/ros2_wood/install/ros_interface/local/lib/python3.10/dist-packages/ros_interface/srv
-- Installing: /home/anhbaodz/Documents/ros2_wood/install/ros_interface/local/lib/python3.10/dist-packages/ros_interface/srv/_process_request.py
-- Installing: /home/anhbaodz/Documents/ros2_wood/install/ros_interface/local/lib/python3.10/dist-packages/ros_interface/srv/_update_configure.py
-- Installing: /home/anhbaodz/Documents/ros2_wood/install/ros_interface/local/lib/python3.10/dist-packages/ros_interface/srv/_update_configure_s.c
-- Installing: /home/anhbaodz/Documents/ros2_wood/install/ros_interface/local/lib/python3.10/dist-packages/ros_interface/srv/__init__.py
-- Installing: /home/anhbaodz/Documents/ros2_wood/install/ros_interface/local/lib/python3.10/dist-packages/ros_interface/srv/_process_request_s.c
-- Installing: /home/anhbaodz/Documents/ros2_wood/install/ros_interface/local/lib/python3.10/dist-packages/ros_interface/ros_interface_s__rosidl_typesupport_fastrtps_c.cpython-310-x86_64-linux-gnu.so
-- Installing: /home/anhbaodz/Documents/ros2_wood/install/ros_interface/local/lib/python3.10/dist-packages/ros_interface/_ros_interface_s.ep.rosidl_typesupport_fastrtps_c.c
-- Installing: /home/anhbaodz/Documents/ros2_wood/install/ros_interface/local/lib/python3.10/dist-packages/ros_interface/ros_interface_s__rosidl_typesupport_c.cpython-310-x86_64-linux-gnu.so
-- Installing: /home/anhbaodz/Documents/ros2_wood/install/ros_interface/local/lib/python3.10/dist-packages/ros_interface/__init__.py
-- Installing: /home/anhbaodz/Documents/ros2_wood/install/ros_interface/local/lib/python3.10/dist-packages/ros_interface/libros_interface__rosidl_generator_py.so
-- Installing: /home/anhbaodz/Documents/ros2_wood/install/ros_interface/local/lib/python3.10/dist-packages/ros_interface/ros_interface_s__rosidl_typesupport_introspection_c.cpython-310-x86_64-linux-gnu.so
Listing '/home/anhbaodz/Documents/ros2_wood/install/ros_interface/local/lib/python3.10/dist-packages/ros_interface'...
Compiling '/home/anhbaodz/Documents/ros2_wood/install/ros_interface/local/lib/python3.10/dist-packages/ros_interface/__init__.py'...
Listing '/home/anhbaodz/Documents/ros2_wood/install/ros_interface/local/lib/python3.10/dist-packages/ros_interface/msg'...
Compiling '/home/anhbaodz/Documents/ros2_wood/install/ros_interface/local/lib/python3.10/dist-packages/ros_interface/msg/__init__.py'...
Compiling '/home/anhbaodz/Documents/ros2_wood/install/ros_interface/local/lib/python3.10/dist-packages/ros_interface/msg/_sphere.py'...
Listing '/home/anhbaodz/Documents/ros2_wood/install/ros_interface/local/lib/python3.10/dist-packages/ros_interface/srv'...
Compiling '/home/anhbaodz/Documents/ros2_wood/install/ros_interface/local/lib/python3.10/dist-packages/ros_interface/srv/__init__.py'...
Compiling '/home/anhbaodz/Documents/ros2_wood/install/ros_interface/local/lib/python3.10/dist-packages/ros_interface/srv/_process_request.py'...
Compiling '/home/anhbaodz/Documents/ros2_wood/install/ros_interface/local/lib/python3.10/dist-packages/ros_interface/srv/_update_configure.py'...
-- Installing: /home/anhbaodz/Documents/ros2_wood/install/ros_interface/local/lib/python3.10/dist-packages/ros_interface/ros_interface_s__rosidl_typesupport_fastrtps_c.cpython-310-x86_64-linux-gnu.so
-- Set runtime path of "/home/anhbaodz/Documents/ros2_wood/install/ros_interface/local/lib/python3.10/dist-packages/ros_interface/ros_interface_s__rosidl_typesupport_fastrtps_c.cpython-310-x86_64-linux-gnu.so" to ""
-- Installing: /home/anhbaodz/Documents/ros2_wood/install/ros_interface/local/lib/python3.10/dist-packages/ros_interface/ros_interface_s__rosidl_typesupport_introspection_c.cpython-310-x86_64-linux-gnu.so
-- Set runtime path of "/home/anhbaodz/Documents/ros2_wood/install/ros_interface/local/lib/python3.10/dist-packages/ros_interface/ros_interface_s__rosidl_typesupport_introspection_c.cpython-310-x86_64-linux-gnu.so" to ""
-- Installing: /home/anhbaodz/Documents/ros2_wood/install/ros_interface/local/lib/python3.10/dist-packages/ros_interface/ros_interface_s__rosidl_typesupport_c.cpython-310-x86_64-linux-gnu.so
-- Set runtime path of "/home/anhbaodz/Documents/ros2_wood/install/ros_interface/local/lib/python3.10/dist-packages/ros_interface/ros_interface_s__rosidl_typesupport_c.cpython-310-x86_64-linux-gnu.so" to ""
-- Installing: /home/anhbaodz/Documents/ros2_wood/install/ros_interface/lib/libros_interface__rosidl_generator_py.so
-- Set runtime path of "/home/anhbaodz/Documents/ros2_wood/install/ros_interface/lib/libros_interface__rosidl_generator_py.so" to ""
-- Installing: /home/anhbaodz/Documents/ros2_wood/install/ros_interface/share/ros_interface/msg/Sphere.idl
-- Installing: /home/anhbaodz/Documents/ros2_wood/install/ros_interface/share/ros_interface/srv/ProcessRequest.idl
-- Installing: /home/anhbaodz/Documents/ros2_wood/install/ros_interface/share/ros_interface/srv/UpdateConfigure.idl
-- Installing: /home/anhbaodz/Documents/ros2_wood/install/ros_interface/share/ros_interface/msg/Sphere.msg
-- Installing: /home/anhbaodz/Documents/ros2_wood/install/ros_interface/share/ros_interface/srv/ProcessRequest.srv
-- Installing: /home/anhbaodz/Documents/ros2_wood/install/ros_interface/share/ros_interface/srv/ProcessRequest_Request.msg
-- Installing: /home/anhbaodz/Documents/ros2_wood/install/ros_interface/share/ros_interface/srv/ProcessRequest_Response.msg
-- Installing: /home/anhbaodz/Documents/ros2_wood/install/ros_interface/share/ros_interface/srv/UpdateConfigure.srv
-- Installing: /home/anhbaodz/Documents/ros2_wood/install/ros_interface/share/ros_interface/srv/UpdateConfigure_Request.msg
-- Installing: /home/anhbaodz/Documents/ros2_wood/install/ros_interface/share/ros_interface/srv/UpdateConfigure_Response.msg
-- Installing: /home/anhbaodz/Documents/ros2_wood/install/ros_interface/share/ament_index/resource_index/package_run_dependencies/ros_interface
-- Installing: /home/anhbaodz/Documents/ros2_wood/install/ros_interface/share/ament_index/resource_index/parent_prefix_path/ros_interface
-- Installing: /home/anhbaodz/Documents/ros2_wood/install/ros_interface/share/ros_interface/environment/ament_prefix_path.sh
-- Installing: /home/anhbaodz/Documents/ros2_wood/install/ros_interface/share/ros_interface/environment/ament_prefix_path.dsv
-- Installing: /home/anhbaodz/Documents/ros2_wood/install/ros_interface/share/ros_interface/environment/path.sh
-- Installing: /home/anhbaodz/Documents/ros2_wood/install/ros_interface/share/ros_interface/environment/path.dsv
-- Installing: /home/anhbaodz/Documents/ros2_wood/install/ros_interface/share/ros_interface/local_setup.bash
-- Installing: /home/anhbaodz/Documents/ros2_wood/install/ros_interface/share/ros_interface/local_setup.sh
-- Installing: /home/anhbaodz/Documents/ros2_wood/install/ros_interface/share/ros_interface/local_setup.zsh
-- Installing: /home/anhbaodz/Documents/ros2_wood/install/ros_interface/share/ros_interface/local_setup.dsv
-- Installing: /home/anhbaodz/Documents/ros2_wood/install/ros_interface/share/ros_interface/package.dsv
-- Installing: /home/anhbaodz/Documents/ros2_wood/install/ros_interface/share/ament_index/resource_index/packages/ros_interface
-- Installing: /home/anhbaodz/Documents/ros2_wood/install/ros_interface/share/ros_interface/cmake/export_ros_interface__rosidl_generator_cExport.cmake
-- Installing: /home/anhbaodz/Documents/ros2_wood/install/ros_interface/share/ros_interface/cmake/export_ros_interface__rosidl_generator_cExport-noconfig.cmake
-- Installing: /home/anhbaodz/Documents/ros2_wood/install/ros_interface/share/ros_interface/cmake/export_ros_interface__rosidl_typesupport_fastrtps_cExport.cmake
-- Installing: /home/anhbaodz/Documents/ros2_wood/install/ros_interface/share/ros_interface/cmake/export_ros_interface__rosidl_typesupport_fastrtps_cExport-noconfig.cmake
-- Installing: /home/anhbaodz/Documents/ros2_wood/install/ros_interface/share/ros_interface/cmake/export_ros_interface__rosidl_generator_cppExport.cmake
-- Installing: /home/anhbaodz/Documents/ros2_wood/install/ros_interface/share/ros_interface/cmake/export_ros_interface__rosidl_typesupport_fastrtps_cppExport.cmake
-- Installing: /home/anhbaodz/Documents/ros2_wood/install/ros_interface/share/ros_interface/cmake/export_ros_interface__rosidl_typesupport_fastrtps_cppExport-noconfig.cmake
-- Installing: /home/anhbaodz/Documents/ros2_wood/install/ros_interface/share/ros_interface/cmake/ros_interface__rosidl_typesupport_introspection_cExport.cmake
-- Installing: /home/anhbaodz/Documents/ros2_wood/install/ros_interface/share/ros_interface/cmake/ros_interface__rosidl_typesupport_introspection_cExport-noconfig.cmake
-- Installing: /home/anhbaodz/Documents/ros2_wood/install/ros_interface/share/ros_interface/cmake/ros_interface__rosidl_typesupport_cExport.cmake
-- Installing: /home/anhbaodz/Documents/ros2_wood/install/ros_interface/share/ros_interface/cmake/ros_interface__rosidl_typesupport_cExport-noconfig.cmake
-- Installing: /home/anhbaodz/Documents/ros2_wood/install/ros_interface/share/ros_interface/cmake/ros_interface__rosidl_typesupport_introspection_cppExport.cmake
-- Installing: /home/anhbaodz/Documents/ros2_wood/install/ros_interface/share/ros_interface/cmake/ros_interface__rosidl_typesupport_introspection_cppExport-noconfig.cmake
-- Installing: /home/anhbaodz/Documents/ros2_wood/install/ros_interface/share/ros_interface/cmake/ros_interface__rosidl_typesupport_cppExport.cmake
-- Installing: /home/anhbaodz/Documents/ros2_wood/install/ros_interface/share/ros_interface/cmake/ros_interface__rosidl_typesupport_cppExport-noconfig.cmake
-- Installing: /home/anhbaodz/Documents/ros2_wood/install/ros_interface/share/ros_interface/cmake/export_ros_interface__rosidl_generator_pyExport.cmake
-- Installing: /home/anhbaodz/Documents/ros2_wood/install/ros_interface/share/ros_interface/cmake/export_ros_interface__rosidl_generator_pyExport-noconfig.cmake
-- Installing: /home/anhbaodz/Documents/ros2_wood/install/ros_interface/share/ros_interface/cmake/rosidl_cmake-extras.cmake
-- Installing: /home/anhbaodz/Documents/ros2_wood/install/ros_interface/share/ros_interface/cmake/ament_cmake_export_dependencies-extras.cmake
-- Installing: /home/anhbaodz/Documents/ros2_wood/install/ros_interface/share/ros_interface/cmake/ament_cmake_export_include_directories-extras.cmake
-- Installing: /home/anhbaodz/Documents/ros2_wood/install/ros_interface/share/ros_interface/cmake/ament_cmake_export_libraries-extras.cmake
-- Installing: /home/anhbaodz/Documents/ros2_wood/install/ros_interface/share/ros_interface/cmake/ament_cmake_export_targets-extras.cmake
-- Installing: /home/anhbaodz/Documents/ros2_wood/install/ros_interface/share/ros_interface/cmake/rosidl_cmake_export_typesupport_targets-extras.cmake
-- Installing: /home/anhbaodz/Documents/ros2_wood/install/ros_interface/share/ros_interface/cmake/rosidl_cmake_export_typesupport_libraries-extras.cmake
-- Installing: /home/anhbaodz/Documents/ros2_wood/install/ros_interface/share/ros_interface/cmake/ros_interfaceConfig.cmake
-- Installing: /home/anhbaodz/Documents/ros2_wood/install/ros_interface/share/ros_interface/cmake/ros_interfaceConfig-version.cmake
-- Installing: /home/anhbaodz/Documents/ros2_wood/install/ros_interface/share/ros_interface/package.xml
