[0.505s] Invoking command in '/home/anhbaodz/Documents/ros2_ws/src/py_pubsub': PYTHONPATH=/home/anhbaodz/Documents/ros2_ws/build/py_pubsub/prefix_override:/usr/lib/python3/dist-packages/colcon_core/task/python/colcon_distutils_commands:/home/anhbaodz/Documents/ros2_ws/install/py_pubsub/lib/python3.10/site-packages:${PYTHONPATH} /usr/bin/python3 -W ignore:setup.py install is deprecated -W ignore:easy_install command is deprecated setup.py egg_info --egg-base ../../build/py_pubsub build --build-base /home/anhbaodz/Documents/ros2_ws/build/py_pubsub/build install --record /home/anhbaodz/Documents/ros2_ws/build/py_pubsub/install.log --single-version-externally-managed install_data
[0.683s] running egg_info
[0.684s] writing ../../build/py_pubsub/py_pubsub.egg-info/PKG-INFO
[0.684s] writing dependency_links to ../../build/py_pubsub/py_pubsub.egg-info/dependency_links.txt
[0.684s] writing entry points to ../../build/py_pubsub/py_pubsub.egg-info/entry_points.txt
[0.684s] writing requirements to ../../build/py_pubsub/py_pubsub.egg-info/requires.txt
[0.684s] writing top-level names to ../../build/py_pubsub/py_pubsub.egg-info/top_level.txt
[0.686s] reading manifest file '../../build/py_pubsub/py_pubsub.egg-info/SOURCES.txt'
[0.686s] adding license file 'LICENSE'
[0.687s] writing manifest file '../../build/py_pubsub/py_pubsub.egg-info/SOURCES.txt'
[0.687s] running build
[0.687s] running build_py
[0.687s] running install
[0.688s] running install_lib
[0.689s] running install_data
[0.689s] running install_egg_info
[0.690s] removing '/home/anhbaodz/Documents/ros2_ws/install/py_pubsub/lib/python3.10/site-packages/py_pubsub-0.0.0-py3.10.egg-info' (and everything under it)
[0.691s] Copying ../../build/py_pubsub/py_pubsub.egg-info to /home/anhbaodz/Documents/ros2_ws/install/py_pubsub/lib/python3.10/site-packages/py_pubsub-0.0.0-py3.10.egg-info
[0.691s] running install_scripts
[0.709s] Installing listener script to /home/anhbaodz/Documents/ros2_ws/install/py_pubsub/lib/py_pubsub
[0.710s] Installing talker script to /home/anhbaodz/Documents/ros2_ws/install/py_pubsub/lib/py_pubsub
[0.710s] writing list of installed files to '/home/anhbaodz/Documents/ros2_ws/build/py_pubsub/install.log'
[0.760s] Invoked command in '/home/anhbaodz/Documents/ros2_ws/src/py_pubsub' returned '0': PYTHONPATH=/home/anhbaodz/Documents/ros2_ws/build/py_pubsub/prefix_override:/usr/lib/python3/dist-packages/colcon_core/task/python/colcon_distutils_commands:/home/anhbaodz/Documents/ros2_ws/install/py_pubsub/lib/python3.10/site-packages:${PYTHONPATH} /usr/bin/python3 -W ignore:setup.py install is deprecated -W ignore:easy_install command is deprecated setup.py egg_info --egg-base ../../build/py_pubsub build --build-base /home/anhbaodz/Documents/ros2_ws/build/py_pubsub/build install --record /home/anhbaodz/Documents/ros2_ws/build/py_pubsub/install.log --single-version-externally-managed install_data
