[0.536s] Invoking command in '/home/anhbaodz/Documents/ros2_wood/src/python_custom': AMENT_PREFIX_PATH=/home/anhbaodz/Documents/ros2_wood/install/ros_interface:${AMENT_PREFIX_PATH} CMAKE_PREFIX_PATH=/home/anhbaodz/Documents/ros2_wood/install/ros_interface LD_LIBRARY_PATH=/home/anhbaodz/Documents/ros2_wood/install/ros_interface/lib:${LD_LIBRARY_PATH} PYTHONPATH=/home/anhbaodz/Documents/ros2_wood/build/python_custom/prefix_override:/usr/lib/python3/dist-packages/colcon_core/task/python/colcon_distutils_commands:/home/anhbaodz/Documents/ros2_wood/install/python_custom/lib/python3.10/site-packages:/home/anhbaodz/Documents/ros2_wood/install/ros_interface/local/lib/python3.10/dist-packages:${PYTHONPATH} /usr/bin/python3 -W ignore:setup.py install is deprecated -W ignore:easy_install command is deprecated setup.py egg_info --egg-base ../../build/python_custom build --build-base /home/anhbaodz/Documents/ros2_wood/build/python_custom/build install --record /home/anhbaodz/Documents/ros2_wood/build/python_custom/install.log --single-version-externally-managed install_data
[0.723s] running egg_info
[0.723s] writing ../../build/python_custom/python_custom.egg-info/PKG-INFO
[0.723s] writing dependency_links to ../../build/python_custom/python_custom.egg-info/dependency_links.txt
[0.723s] writing entry points to ../../build/python_custom/python_custom.egg-info/entry_points.txt
[0.724s] writing requirements to ../../build/python_custom/python_custom.egg-info/requires.txt
[0.724s] writing top-level names to ../../build/python_custom/python_custom.egg-info/top_level.txt
[0.725s] reading manifest file '../../build/python_custom/python_custom.egg-info/SOURCES.txt'
[0.725s] adding license file 'LICENSE'
[0.726s] writing manifest file '../../build/python_custom/python_custom.egg-info/SOURCES.txt'
[0.726s] running build
[0.726s] running build_py
[0.726s] copying python_custom/system_state.py -> /home/anhbaodz/Documents/ros2_wood/build/python_custom/build/lib/python_custom
[0.727s] copying python_custom/ros_manager.py -> /home/anhbaodz/Documents/ros2_wood/build/python_custom/build/lib/python_custom
[0.727s] running install
[0.727s] running install_lib
[0.728s] copying /home/anhbaodz/Documents/ros2_wood/build/python_custom/build/lib/python_custom/system_state.py -> /home/anhbaodz/Documents/ros2_wood/install/python_custom/lib/python3.10/site-packages/python_custom
[0.728s] copying /home/anhbaodz/Documents/ros2_wood/build/python_custom/build/lib/python_custom/ros_manager.py -> /home/anhbaodz/Documents/ros2_wood/install/python_custom/lib/python3.10/site-packages/python_custom
[0.729s] byte-compiling /home/anhbaodz/Documents/ros2_wood/install/python_custom/lib/python3.10/site-packages/python_custom/system_state.py to system_state.cpython-310.pyc
[0.729s] byte-compiling /home/anhbaodz/Documents/ros2_wood/install/python_custom/lib/python3.10/site-packages/python_custom/ros_manager.py to ros_manager.cpython-310.pyc
[0.730s] running install_data
[0.730s] running install_egg_info
[0.732s] removing '/home/anhbaodz/Documents/ros2_wood/install/python_custom/lib/python3.10/site-packages/python_custom-0.0.0-py3.10.egg-info' (and everything under it)
[0.732s] Copying ../../build/python_custom/python_custom.egg-info to /home/anhbaodz/Documents/ros2_wood/install/python_custom/lib/python3.10/site-packages/python_custom-0.0.0-py3.10.egg-info
[0.733s] running install_scripts
[0.751s] Installing reponse script to /home/anhbaodz/Documents/ros2_wood/install/python_custom/lib/python_custom
[0.751s] writing list of installed files to '/home/anhbaodz/Documents/ros2_wood/build/python_custom/install.log'
[0.783s] Invoked command in '/home/anhbaodz/Documents/ros2_wood/src/python_custom' returned '0': AMENT_PREFIX_PATH=/home/anhbaodz/Documents/ros2_wood/install/ros_interface:${AMENT_PREFIX_PATH} CMAKE_PREFIX_PATH=/home/anhbaodz/Documents/ros2_wood/install/ros_interface LD_LIBRARY_PATH=/home/anhbaodz/Documents/ros2_wood/install/ros_interface/lib:${LD_LIBRARY_PATH} PYTHONPATH=/home/anhbaodz/Documents/ros2_wood/build/python_custom/prefix_override:/usr/lib/python3/dist-packages/colcon_core/task/python/colcon_distutils_commands:/home/anhbaodz/Documents/ros2_wood/install/python_custom/lib/python3.10/site-packages:/home/anhbaodz/Documents/ros2_wood/install/ros_interface/local/lib/python3.10/dist-packages:${PYTHONPATH} /usr/bin/python3 -W ignore:setup.py install is deprecated -W ignore:easy_install command is deprecated setup.py egg_info --egg-base ../../build/python_custom build --build-base /home/anhbaodz/Documents/ros2_wood/build/python_custom/build install --record /home/anhbaodz/Documents/ros2_wood/build/python_custom/install.log --single-version-externally-managed install_data
