-- Found ament_cmake: 1.3.12 (/opt/ros/humble/share/ament_cmake/cmake)
-- Found rclcpp: 16.0.14 (/opt/ros/humble/share/rclcpp/cmake)
-- Found rosidl_generator_c: 3.1.7 (/opt/ros/humble/share/rosidl_generator_c/cmake)
-- Found rosidl_adapter: 3.1.7 (/opt/ros/humble/share/rosidl_adapter/cmake)
-- Found rosidl_generator_cpp: 3.1.7 (/opt/ros/humble/share/rosidl_generator_cpp/cmake)
-- Using all available rosidl_typesupport_c: rosidl_typesupport_fastrtps_c;rosidl_typesupport_introspection_c
-- Using all available rosidl_typesupport_cpp: rosidl_typesupport_fastrtps_cpp;rosidl_typesupport_introspection_cpp
-- Found rmw_implementation_cmake: 6.1.2 (/opt/ros/humble/share/rmw_implementation_cmake/cmake)
-- Found rmw_fastrtps_cpp: 6.2.8 (/opt/ros/humble/share/rmw_fastrtps_cpp/cmake)
-- Using RMW implementation 'rmw_fastrtps_cpp' as default
-- Configuring done
-- Generating done
-- Build files have been written to: /home/anhbaodz/Documents/ros2_wood/build/cpp_custom
[ 66%] [32mBuilding CXX object CMakeFiles/core_system.dir/src/dataBase/StoreData.cpp.o[0m
[ 66%] [32mBuilding CXX object CMakeFiles/core_system.dir/src/enigne/Engine.cpp.o[0m
[ 66%] [32mBuilding CXX object CMakeFiles/core_system.dir/src/communication/serial_UART.cpp.o[0m
[ 66%] [32mBuilding CXX object CMakeFiles/core_system.dir/src/stateMachine/StateMachine.cpp.o[0m
[ 66%] [32mBuilding CXX object CMakeFiles/core_system.dir/src/setup/Setup.cpp.o[0m
[ 66%] [32mBuilding CXX object CMakeFiles/core_system.dir/src/communication/ros_Service.cpp.o[0m
[01m[K/home/anhbaodz/Documents/ros2_wood/src/cpp_custom/src/enigne/Engine.cpp:1:10:[m[K [01;31m[Kfatal error: [m[Ksrc/enigne/Engine.hpp: No such file or directory
    1 | #include [01;31m[K"src/enigne/Engine.hpp"[m[K
      |          [01;31m[K^~~~~~~~~~~~~~~~~~~~~~~[m[K
[01m[K/home/anhbaodz/Documents/ros2_wood/src/cpp_custom/src/communication/serial_UART.cpp:1:10:[m[K [01;31m[Kfatal error: [m[Ksrc/communication/serial_UART.hpp: No such file or directory
    1 | #include [01;31m[K"src/communication/serial_UART.hpp"[m[K
      |          [01;31m[K^~~~~~~~~~~~~~~~~~~~~~~~~~~~~~~~~~~[m[K
compilation terminated.
compilation terminated.
[01m[K/home/anhbaodz/Documents/ros2_wood/src/cpp_custom/src/dataBase/StoreData.cpp:1:10:[m[K [01;31m[Kfatal error: [m[Ksrc/dataBase/StoreData.hpp: No such file or directory
    1 | #include [01;31m[K"src/dataBase/StoreData.hpp"[m[K
      |          [01;31m[K^~~~~~~~~~~~~~~~~~~~~~~~~~~~[m[K
[01m[K/home/anhbaodz/Documents/ros2_wood/src/cpp_custom/src/setup/Setup.cpp:1:10:[m[K [01;31m[Kfatal error: [m[Ksrc/setup/Setup.hpp: No such file or directory
    1 | #include [01;31m[K"src/setup/Setup.hpp"[m[K
      |          [01;31m[K^~~~~~~~~~~~~~~~~~~~~[m[K
compilation terminated.
compilation terminated.
[01m[K/home/anhbaodz/Documents/ros2_wood/src/cpp_custom/src/stateMachine/StateMachine.cpp:1:10:[m[K [01;31m[Kfatal error: [m[Ksrc/stateMachine/Statemachine.hpp: No such file or directory
    1 | #include [01;31m[K"src/stateMachine/Statemachine.hpp"[m[K
      |          [01;31m[K^~~~~~~~~~~~~~~~~~~~~~~~~~~~~~~~~~~[m[K
compilation terminated.
gmake[2]: *** [CMakeFiles/core_system.dir/build.make:104: CMakeFiles/core_system.dir/src/dataBase/StoreData.cpp.o] Error 1
gmake[2]: *** Waiting for unfinished jobs....
gmake[2]: *** [CMakeFiles/core_system.dir/build.make:90: CMakeFiles/core_system.dir/src/communication/serial_UART.cpp.o] Error 1
gmake[2]: *** [CMakeFiles/core_system.dir/build.make:118: CMakeFiles/core_system.dir/src/enigne/Engine.cpp.o] Error 1
gmake[2]: *** [CMakeFiles/core_system.dir/build.make:132: CMakeFiles/core_system.dir/src/setup/Setup.cpp.o] Error 1
gmake[2]: *** [CMakeFiles/core_system.dir/build.make:146: CMakeFiles/core_system.dir/src/stateMachine/StateMachine.cpp.o] Error 1
In file included from [01m[K/home/anhbaodz/Documents/ros2_wood/src/cpp_custom/src/communication/ros_Service.cpp:1[m[K:
[01m[K/home/anhbaodz/Documents/ros2_wood/src/cpp_custom/src/communication/ros_Service.hpp:8:10:[m[K [01;31m[Kfatal error: [m[Kros_interface/srv/update_configure.hpp: No such file or directory
    8 | #include [01;31m[K"ros_interface/srv/update_configure.hpp"[m[K
      |          [01;31m[K^~~~~~~~~~~~~~~~~~~~~~~~~~~~~~~~~~~~~~~~[m[K
compilation terminated.
gmake[2]: *** [CMakeFiles/core_system.dir/build.make:76: CMakeFiles/core_system.dir/src/communication/ros_Service.cpp.o] Error 1
gmake[1]: *** [CMakeFiles/Makefile2:139: CMakeFiles/core_system.dir/all] Error 2
gmake: *** [Makefile:146: all] Error 2
