[0.566s] Invoking command in '/home/anhbaodz/Documents/ros2_wood/src/python_custom': AMENT_PREFIX_PATH=/home/anhbaodz/Documents/ros2_wood/install/ros_interface:${AMENT_PREFIX_PATH} CMAKE_PREFIX_PATH=/home/anhbaodz/Documents/ros2_wood/install/ros_interface LD_LIBRARY_PATH=/home/anhbaodz/Documents/ros2_wood/install/ros_interface/lib:${LD_LIBRARY_PATH} PYTHONPATH=/home/anhbaodz/Documents/ros2_wood/build/python_custom/prefix_override:/usr/lib/python3/dist-packages/colcon_core/task/python/colcon_distutils_commands:/home/anhbaodz/Documents/ros2_wood/install/python_custom/lib/python3.10/site-packages:/home/anhbaodz/Documents/ros2_wood/install/ros_interface/local/lib/python3.10/dist-packages:${PYTHONPATH} /usr/bin/python3 -W ignore:setup.py install is deprecated -W ignore:easy_install command is deprecated setup.py egg_info --egg-base ../../build/python_custom build --build-base /home/anhbaodz/Documents/ros2_wood/build/python_custom/build install --record /home/anhbaodz/Documents/ros2_wood/build/python_custom/install.log --single-version-externally-managed install_data
[0.757s] running egg_info
[0.758s] creating ../../build/python_custom/python_custom.egg-info
[0.758s] writing ../../build/python_custom/python_custom.egg-info/PKG-INFO
[0.758s] writing dependency_links to ../../build/python_custom/python_custom.egg-info/dependency_links.txt
[0.758s] writing entry points to ../../build/python_custom/python_custom.egg-info/entry_points.txt
[0.758s] writing requirements to ../../build/python_custom/python_custom.egg-info/requires.txt
[0.759s] writing top-level names to ../../build/python_custom/python_custom.egg-info/top_level.txt
[0.759s] writing manifest file '../../build/python_custom/python_custom.egg-info/SOURCES.txt'
[0.760s] reading manifest file '../../build/python_custom/python_custom.egg-info/SOURCES.txt'
[0.760s] adding license file 'LICENSE'
[0.761s] writing manifest file '../../build/python_custom/python_custom.egg-info/SOURCES.txt'
[0.761s] running build
[0.761s] running build_py
[0.761s] creating /home/anhbaodz/Documents/ros2_wood/build/python_custom/build
[0.761s] creating /home/anhbaodz/Documents/ros2_wood/build/python_custom/build/lib
[0.762s] creating /home/anhbaodz/Documents/ros2_wood/build/python_custom/build/lib/python_custom
[0.762s] copying python_custom/main.py -> /home/anhbaodz/Documents/ros2_wood/build/python_custom/build/lib/python_custom
[0.762s] copying python_custom/Util.py -> /home/anhbaodz/Documents/ros2_wood/build/python_custom/build/lib/python_custom
[0.762s] copying python_custom/camera_handler.py -> /home/anhbaodz/Documents/ros2_wood/build/python_custom/build/lib/python_custom
[0.762s] copying python_custom/image_processor.py -> /home/anhbaodz/Documents/ros2_wood/build/python_custom/build/lib/python_custom
[0.762s] copying python_custom/config_manager.py -> /home/anhbaodz/Documents/ros2_wood/build/python_custom/build/lib/python_custom
[0.762s] copying python_custom/__init__.py -> /home/anhbaodz/Documents/ros2_wood/build/python_custom/build/lib/python_custom
[0.762s] copying python_custom/system_state.py -> /home/anhbaodz/Documents/ros2_wood/build/python_custom/build/lib/python_custom
[0.763s] copying python_custom/ros_manager.py -> /home/anhbaodz/Documents/ros2_wood/build/python_custom/build/lib/python_custom
[0.763s] running install
[0.763s] running install_lib
[0.763s] creating /home/anhbaodz/Documents/ros2_wood/install/python_custom/lib/python3.10/site-packages/python_custom
[0.763s] copying /home/anhbaodz/Documents/ros2_wood/build/python_custom/build/lib/python_custom/main.py -> /home/anhbaodz/Documents/ros2_wood/install/python_custom/lib/python3.10/site-packages/python_custom
[0.763s] copying /home/anhbaodz/Documents/ros2_wood/build/python_custom/build/lib/python_custom/Util.py -> /home/anhbaodz/Documents/ros2_wood/install/python_custom/lib/python3.10/site-packages/python_custom
[0.763s] copying /home/anhbaodz/Documents/ros2_wood/build/python_custom/build/lib/python_custom/camera_handler.py -> /home/anhbaodz/Documents/ros2_wood/install/python_custom/lib/python3.10/site-packages/python_custom
[0.764s] copying /home/anhbaodz/Documents/ros2_wood/build/python_custom/build/lib/python_custom/image_processor.py -> /home/anhbaodz/Documents/ros2_wood/install/python_custom/lib/python3.10/site-packages/python_custom
[0.764s] copying /home/anhbaodz/Documents/ros2_wood/build/python_custom/build/lib/python_custom/config_manager.py -> /home/anhbaodz/Documents/ros2_wood/install/python_custom/lib/python3.10/site-packages/python_custom
[0.764s] copying /home/anhbaodz/Documents/ros2_wood/build/python_custom/build/lib/python_custom/__init__.py -> /home/anhbaodz/Documents/ros2_wood/install/python_custom/lib/python3.10/site-packages/python_custom
[0.764s] copying /home/anhbaodz/Documents/ros2_wood/build/python_custom/build/lib/python_custom/system_state.py -> /home/anhbaodz/Documents/ros2_wood/install/python_custom/lib/python3.10/site-packages/python_custom
[0.764s] copying /home/anhbaodz/Documents/ros2_wood/build/python_custom/build/lib/python_custom/ros_manager.py -> /home/anhbaodz/Documents/ros2_wood/install/python_custom/lib/python3.10/site-packages/python_custom
[0.765s] byte-compiling /home/anhbaodz/Documents/ros2_wood/install/python_custom/lib/python3.10/site-packages/python_custom/main.py to main.cpython-310.pyc
[0.765s] byte-compiling /home/anhbaodz/Documents/ros2_wood/install/python_custom/lib/python3.10/site-packages/python_custom/Util.py to Util.cpython-310.pyc
[0.766s] byte-compiling /home/anhbaodz/Documents/ros2_wood/install/python_custom/lib/python3.10/site-packages/python_custom/camera_handler.py to camera_handler.cpython-310.pyc
[0.767s] byte-compiling /home/anhbaodz/Documents/ros2_wood/install/python_custom/lib/python3.10/site-packages/python_custom/image_processor.py to image_processor.cpython-310.pyc
[0.767s] byte-compiling /home/anhbaodz/Documents/ros2_wood/install/python_custom/lib/python3.10/site-packages/python_custom/config_manager.py to config_manager.cpython-310.pyc
[0.767s] byte-compiling /home/anhbaodz/Documents/ros2_wood/install/python_custom/lib/python3.10/site-packages/python_custom/__init__.py to __init__.cpython-310.pyc
[0.767s] byte-compiling /home/anhbaodz/Documents/ros2_wood/install/python_custom/lib/python3.10/site-packages/python_custom/system_state.py to system_state.cpython-310.pyc
[0.768s] byte-compiling /home/anhbaodz/Documents/ros2_wood/install/python_custom/lib/python3.10/site-packages/python_custom/ros_manager.py to ros_manager.cpython-310.pyc
[0.768s] running install_data
[0.769s] creating /home/anhbaodz/Documents/ros2_wood/install/python_custom/share/ament_index
[0.769s] creating /home/anhbaodz/Documents/ros2_wood/install/python_custom/share/ament_index/resource_index
[0.769s] creating /home/anhbaodz/Documents/ros2_wood/install/python_custom/share/ament_index/resource_index/packages
[0.769s] copying resource/python_custom -> /home/anhbaodz/Documents/ros2_wood/install/python_custom/share/ament_index/resource_index/packages
[0.769s] copying package.xml -> /home/anhbaodz/Documents/ros2_wood/install/python_custom/share/python_custom
[0.769s] running install_egg_info
[0.770s] Copying ../../build/python_custom/python_custom.egg-info to /home/anhbaodz/Documents/ros2_wood/install/python_custom/lib/python3.10/site-packages/python_custom-0.0.0-py3.10.egg-info
[0.771s] running install_scripts
[0.790s] Installing reponse script to /home/anhbaodz/Documents/ros2_wood/install/python_custom/lib/python_custom
[0.791s] writing list of installed files to '/home/anhbaodz/Documents/ros2_wood/build/python_custom/install.log'
[0.829s] Invoked command in '/home/anhbaodz/Documents/ros2_wood/src/python_custom' returned '0': AMENT_PREFIX_PATH=/home/anhbaodz/Documents/ros2_wood/install/ros_interface:${AMENT_PREFIX_PATH} CMAKE_PREFIX_PATH=/home/anhbaodz/Documents/ros2_wood/install/ros_interface LD_LIBRARY_PATH=/home/anhbaodz/Documents/ros2_wood/install/ros_interface/lib:${LD_LIBRARY_PATH} PYTHONPATH=/home/anhbaodz/Documents/ros2_wood/build/python_custom/prefix_override:/usr/lib/python3/dist-packages/colcon_core/task/python/colcon_distutils_commands:/home/anhbaodz/Documents/ros2_wood/install/python_custom/lib/python3.10/site-packages:/home/anhbaodz/Documents/ros2_wood/install/ros_interface/local/lib/python3.10/dist-packages:${PYTHONPATH} /usr/bin/python3 -W ignore:setup.py install is deprecated -W ignore:easy_install command is deprecated setup.py egg_info --egg-base ../../build/python_custom build --build-base /home/anhbaodz/Documents/ros2_wood/build/python_custom/build install --record /home/anhbaodz/Documents/ros2_wood/build/python_custom/install.log --single-version-externally-managed install_data
