[0.010s] Invoking command in '/home/anhbaodz/Documents/ros2_ws/build/cpp_pubsub': CMAKE_PREFIX_PATH=/opt/ros/humble /usr/bin/cmake /home/anhbaodz/Documents/ros2_ws/src/cpp_pubsub -DCMAKE_INSTALL_PREFIX=/home/anhbaodz/Documents/ros2_ws/install/cpp_pubsub
[0.073s] -- The C compiler identification is GNU 11.4.0
[0.132s] -- The CXX compiler identification is GNU 11.4.0
[0.141s] -- Detecting C compiler ABI info
[0.219s] -- Detecting C compiler ABI info - done
[0.226s] -- Check for working C compiler: /usr/bin/cc - skipped
[0.226s] -- Detecting C compile features
[0.226s] -- Detecting C compile features - done
[0.229s] -- Detecting CXX compiler ABI info
[0.315s] -- Detecting CXX compiler ABI info - done
[0.322s] -- Check for working CXX compiler: /usr/bin/c++ - skipped
[0.322s] -- Detecting CXX compile features
[0.322s] -- Detecting CXX compile features - done
[0.325s] -- Found ament_cmake: 1.3.12 (/opt/ros/humble/share/ament_cmake/cmake)
[0.464s] -- Found Python3: /usr/bin/python3 (found version "3.10.12") found components: Interpreter 
[0.548s] -- Found rclcpp: 16.0.14 (/opt/ros/humble/share/rclcpp/cmake)
[0.597s] -- Found rosidl_generator_c: 3.1.7 (/opt/ros/humble/share/rosidl_generator_c/cmake)
[0.603s] -- Found rosidl_adapter: 3.1.7 (/opt/ros/humble/share/rosidl_adapter/cmake)
[0.612s] -- Found rosidl_generator_cpp: 3.1.7 (/opt/ros/humble/share/rosidl_generator_cpp/cmake)
[0.626s] -- Using all available rosidl_typesupport_c: rosidl_typesupport_fastrtps_c;rosidl_typesupport_introspection_c
[0.645s] -- Using all available rosidl_typesupport_cpp: rosidl_typesupport_fastrtps_cpp;rosidl_typesupport_introspection_cpp
[0.691s] -- Found rmw_implementation_cmake: 6.1.2 (/opt/ros/humble/share/rmw_implementation_cmake/cmake)
[0.694s] -- Found rmw_fastrtps_cpp: 6.2.8 (/opt/ros/humble/share/rmw_fastrtps_cpp/cmake)
[0.817s] -- Found OpenSSL: /usr/lib/x86_64-linux-gnu/libcrypto.so (found version "3.0.2")  
[0.846s] -- Found FastRTPS: /opt/ros/humble/include  
[0.887s] -- Using RMW implementation 'rmw_fastrtps_cpp' as default
[0.896s] -- Looking for pthread.h
[0.976s] -- Looking for pthread.h - found
[0.976s] -- Performing Test CMAKE_HAVE_LIBC_PTHREAD
[1.057s] -- Performing Test CMAKE_HAVE_LIBC_PTHREAD - Success
[1.058s] -- Found Threads: TRUE  
[1.113s] -- Found ament_lint_auto: 0.12.14 (/opt/ros/humble/share/ament_lint_auto/cmake)
[1.183s] -- Added test 'cppcheck' to perform static code analysis on C / C++ code
[1.183s] -- Configured cppcheck include dirs: 
[1.183s] -- Configured cppcheck exclude dirs and/or files: 
[1.183s] -- Added test 'lint_cmake' to check CMake code style
[1.184s] -- Added test 'uncrustify' to check C / C++ code style
[1.184s] -- Configured uncrustify additional arguments: 
[1.184s] -- Added test 'xmllint' to check XML markup files
[1.186s] -- Configuring done
[1.198s] -- Generating done
[1.202s] -- Build files have been written to: /home/anhbaodz/Documents/ros2_ws/build/cpp_pubsub
[1.213s] Invoked command in '/home/anhbaodz/Documents/ros2_ws/build/cpp_pubsub' returned '0': CMAKE_PREFIX_PATH=/opt/ros/humble /usr/bin/cmake /home/anhbaodz/Documents/ros2_ws/src/cpp_pubsub -DCMAKE_INSTALL_PREFIX=/home/anhbaodz/Documents/ros2_ws/install/cpp_pubsub
[1.215s] Invoking command in '/home/anhbaodz/Documents/ros2_ws/build/cpp_pubsub': CMAKE_PREFIX_PATH=/opt/ros/humble /usr/bin/cmake --build /home/anhbaodz/Documents/ros2_ws/build/cpp_pubsub -- -j12 -l12
[1.270s] [ 50%] [32mBuilding CXX object CMakeFiles/talker.dir/src/publisher_member_function.cpp.o[0m
[1.270s] [ 50%] [32mBuilding CXX object CMakeFiles/listener.dir/src/subscriber_member_function.cpp.o[0m
[5.214s] [ 75%] [32m[1mLinking CXX executable talker[0m
[5.493s] [ 75%] Built target talker
[8.753s] [100%] [32m[1mLinking CXX executable listener[0m
[9.228s] [100%] Built target listener
[9.241s] Invoked command in '/home/anhbaodz/Documents/ros2_ws/build/cpp_pubsub' returned '0': CMAKE_PREFIX_PATH=/opt/ros/humble /usr/bin/cmake --build /home/anhbaodz/Documents/ros2_ws/build/cpp_pubsub -- -j12 -l12
[9.254s] Invoking command in '/home/anhbaodz/Documents/ros2_ws/build/cpp_pubsub': CMAKE_PREFIX_PATH=/opt/ros/humble /usr/bin/cmake --install /home/anhbaodz/Documents/ros2_ws/build/cpp_pubsub
[9.262s] -- Install configuration: ""
[9.262s] -- Installing: /home/anhbaodz/Documents/ros2_ws/install/cpp_pubsub/lib/cpp_pubsub/talker
[9.264s] -- Set runtime path of "/home/anhbaodz/Documents/ros2_ws/install/cpp_pubsub/lib/cpp_pubsub/talker" to ""
[9.264s] -- Installing: /home/anhbaodz/Documents/ros2_ws/install/cpp_pubsub/lib/cpp_pubsub/listener
[9.268s] -- Set runtime path of "/home/anhbaodz/Documents/ros2_ws/install/cpp_pubsub/lib/cpp_pubsub/listener" to ""
[9.269s] -- Installing: /home/anhbaodz/Documents/ros2_ws/install/cpp_pubsub/share/ament_index/resource_index/package_run_dependencies/cpp_pubsub
[9.269s] -- Installing: /home/anhbaodz/Documents/ros2_ws/install/cpp_pubsub/share/ament_index/resource_index/parent_prefix_path/cpp_pubsub
[9.269s] -- Installing: /home/anhbaodz/Documents/ros2_ws/install/cpp_pubsub/share/cpp_pubsub/environment/ament_prefix_path.sh
[9.269s] -- Installing: /home/anhbaodz/Documents/ros2_ws/install/cpp_pubsub/share/cpp_pubsub/environment/ament_prefix_path.dsv
[9.269s] -- Installing: /home/anhbaodz/Documents/ros2_ws/install/cpp_pubsub/share/cpp_pubsub/environment/path.sh
[9.269s] -- Installing: /home/anhbaodz/Documents/ros2_ws/install/cpp_pubsub/share/cpp_pubsub/environment/path.dsv
[9.269s] -- Installing: /home/anhbaodz/Documents/ros2_ws/install/cpp_pubsub/share/cpp_pubsub/local_setup.bash
[9.270s] -- Installing: /home/anhbaodz/Documents/ros2_ws/install/cpp_pubsub/share/cpp_pubsub/local_setup.sh
[9.270s] -- Installing: /home/anhbaodz/Documents/ros2_ws/install/cpp_pubsub/share/cpp_pubsub/local_setup.zsh
[9.270s] -- Installing: /home/anhbaodz/Documents/ros2_ws/install/cpp_pubsub/share/cpp_pubsub/local_setup.dsv
[9.270s] -- Installing: /home/anhbaodz/Documents/ros2_ws/install/cpp_pubsub/share/cpp_pubsub/package.dsv
[9.270s] -- Installing: /home/anhbaodz/Documents/ros2_ws/install/cpp_pubsub/share/ament_index/resource_index/packages/cpp_pubsub
[9.270s] -- Installing: /home/anhbaodz/Documents/ros2_ws/install/cpp_pubsub/share/cpp_pubsub/cmake/cpp_pubsubConfig.cmake
[9.271s] -- Installing: /home/anhbaodz/Documents/ros2_ws/install/cpp_pubsub/share/cpp_pubsub/cmake/cpp_pubsubConfig-version.cmake
[9.271s] -- Installing: /home/anhbaodz/Documents/ros2_ws/install/cpp_pubsub/share/cpp_pubsub/package.xml
[9.273s] Invoked command in '/home/anhbaodz/Documents/ros2_ws/build/cpp_pubsub' returned '0': CMAKE_PREFIX_PATH=/opt/ros/humble /usr/bin/cmake --install /home/anhbaodz/Documents/ros2_ws/build/cpp_pubsub
