[0.010s] Invoking command in '/home/anhbaodz/Documents/ros2_wood/build/ros_interface': CMAKE_PREFIX_PATH=/opt/ros/humble /usr/bin/cmake /home/anhbaodz/Documents/ros2_wood/src/ros_interface -DCMAKE_INSTALL_PREFIX=/home/anhbaodz/Documents/ros2_wood/install/ros_interface
[0.121s] -- The C compiler identification is GNU 11.4.0
[0.199s] -- The CXX compiler identification is GNU 11.4.0
[0.208s] -- Detecting C compiler ABI info
[0.287s] -- Detecting C compiler ABI info - done
[0.294s] -- Check for working C compiler: /usr/bin/cc - skipped
[0.294s] -- Detecting C compile features
[0.295s] -- Detecting C compile features - done
[0.297s] -- Detecting CXX compiler ABI info
[0.388s] -- Detecting CXX compiler ABI info - done
[0.395s] -- Check for working CXX compiler: /usr/bin/c++ - skipped
[0.396s] -- Detecting CXX compile features
[0.396s] -- Detecting CXX compile features - done
[0.399s] -- Found ament_cmake: 1.3.12 (/opt/ros/humble/share/ament_cmake/cmake)
[0.547s] -- Found Python3: /usr/bin/python3 (found version "3.10.12") found components: Interpreter 
[0.626s] -- Found geometry_msgs: 4.9.0 (/opt/ros/humble/share/geometry_msgs/cmake)
[0.658s] -- Found rosidl_generator_c: 3.1.7 (/opt/ros/humble/share/rosidl_generator_c/cmake)
[0.662s] -- Found rosidl_adapter: 3.1.7 (/opt/ros/humble/share/rosidl_adapter/cmake)
[0.669s] -- Found rosidl_generator_cpp: 3.1.7 (/opt/ros/humble/share/rosidl_generator_cpp/cmake)
[0.680s] -- Using all available rosidl_typesupport_c: rosidl_typesupport_fastrtps_c;rosidl_typesupport_introspection_c
[0.695s] -- Using all available rosidl_typesupport_cpp: rosidl_typesupport_fastrtps_cpp;rosidl_typesupport_introspection_cpp
[0.734s] -- Found rosidl_default_generators: 1.2.0 (/opt/ros/humble/share/rosidl_default_generators/cmake)
[1.050s] -- Found ament_cmake_ros: 0.10.0 (/opt/ros/humble/share/ament_cmake_ros/cmake)
[1.451s] -- Using all available rosidl_typesupport_c: rosidl_typesupport_fastrtps_c;rosidl_typesupport_introspection_c
[1.607s] -- Using all available rosidl_typesupport_cpp: rosidl_typesupport_fastrtps_cpp;rosidl_typesupport_introspection_cpp
[1.629s] -- Found PythonInterp: /usr/bin/python3 (found suitable version "3.10.12", minimum required is "3.6") 
[1.631s] -- Found python_cmake_module: 0.10.0 (/opt/ros/humble/share/python_cmake_module/cmake)
[1.656s] -- Found PythonLibs: /usr/lib/x86_64-linux-gnu/libpython3.10.so (found suitable version "3.10.12", minimum required is "3.5") 
[1.656s] -- Using PYTHON_EXECUTABLE: /usr/bin/python3
[1.657s] -- Using PYTHON_INCLUDE_DIRS: /usr/include/python3.10
[1.657s] -- Using PYTHON_LIBRARIES: /usr/lib/x86_64-linux-gnu/libpython3.10.so
[1.676s] -- Found PythonExtra: .so  
[1.734s] -- Found ament_lint_auto: 0.12.14 (/opt/ros/humble/share/ament_lint_auto/cmake)
[1.752s] -- Added test 'lint_cmake' to check CMake code style
[1.753s] -- Added test 'xmllint' to check XML markup files
[1.756s] -- Configuring done
[1.795s] -- Generating done
[1.807s] -- Build files have been written to: /home/anhbaodz/Documents/ros2_wood/build/ros_interface
[1.819s] Invoked command in '/home/anhbaodz/Documents/ros2_wood/build/ros_interface' returned '0': CMAKE_PREFIX_PATH=/opt/ros/humble /usr/bin/cmake /home/anhbaodz/Documents/ros2_wood/src/ros_interface -DCMAKE_INSTALL_PREFIX=/home/anhbaodz/Documents/ros2_wood/install/ros_interface
[1.821s] Invoking command in '/home/anhbaodz/Documents/ros2_wood/build/ros_interface': CMAKE_PREFIX_PATH=/opt/ros/humble /usr/bin/cmake --build /home/anhbaodz/Documents/ros2_wood/build/ros_interface -- -j12 -l12
[1.868s] [  2%] [34m[1mGenerating C code for ROS interfaces[0m
[1.880s] [  4%] [34m[1mGenerating C++ code for ROS interfaces[0m
[1.891s] [  4%] Built target ament_cmake_python_copy_ros_interface
[2.095s] running egg_info
[2.096s] creating ros_interface.egg-info
[2.096s] writing ros_interface.egg-info/PKG-INFO
[2.096s] writing dependency_links to ros_interface.egg-info/dependency_links.txt
[2.096s] writing top-level names to ros_interface.egg-info/top_level.txt
[2.096s] writing manifest file 'ros_interface.egg-info/SOURCES.txt'
[2.099s] reading manifest file 'ros_interface.egg-info/SOURCES.txt'
[2.099s] writing manifest file 'ros_interface.egg-info/SOURCES.txt'
[2.137s] [  4%] Built target ament_cmake_python_build_ros_interface_egg
[2.276s] [  4%] Built target ros_interface__cpp
[2.278s] [  8%] [32mBuilding C object CMakeFiles/ros_interface__rosidl_generator_c.dir/rosidl_generator_c/ros_interface/msg/detail/sphere__functions.c.o[0m
[2.278s] [  8%] [32mBuilding C object CMakeFiles/ros_interface__rosidl_generator_c.dir/rosidl_generator_c/ros_interface/srv/detail/process_request__functions.c.o[0m
[2.279s] [ 10%] [32mBuilding C object CMakeFiles/ros_interface__rosidl_generator_c.dir/rosidl_generator_c/ros_interface/srv/detail/update_configure__functions.c.o[0m
[2.292s] [ 14%] [34m[1mGenerating C++ type support dispatch for ROS interfaces[0m
[2.292s] [ 17%] [34m[1mGenerating C++ introspection for ROS interfaces[0m
[2.292s] [ 17%] [34m[1mGenerating C++ type support for eProsima Fast-RTPS[0m
[2.369s] [ 19%] [32m[1mLinking C shared library libros_interface__rosidl_generator_c.so[0m
[2.418s] [ 19%] Built target ros_interface__rosidl_generator_c
[2.433s] [ 25%] [34m[1mGenerating C type support for eProsima Fast-RTPS[0m
[2.433s] [ 25%] [34m[1mGenerating C type support dispatch for ROS interfaces[0m
[2.433s] [ 25%] [34m[1mGenerating C introspection for ROS interfaces[0m
[2.618s] [ 29%] [32mBuilding CXX object CMakeFiles/ros_interface__rosidl_typesupport_cpp.dir/rosidl_typesupport_cpp/ros_interface/msg/sphere__type_support.cpp.o[0m
[2.618s] [ 29%] [32mBuilding CXX object CMakeFiles/ros_interface__rosidl_typesupport_cpp.dir/rosidl_typesupport_cpp/ros_interface/srv/process_request__type_support.cpp.o[0m
[2.619s] [ 31%] [32mBuilding CXX object CMakeFiles/ros_interface__rosidl_typesupport_cpp.dir/rosidl_typesupport_cpp/ros_interface/srv/update_configure__type_support.cpp.o[0m
[2.709s] [ 36%] [32mBuilding CXX object CMakeFiles/ros_interface__rosidl_typesupport_introspection_cpp.dir/rosidl_typesupport_introspection_cpp/ros_interface/msg/detail/sphere__type_support.cpp.o[0m
[2.710s] [ 36%] [32mBuilding CXX object CMakeFiles/ros_interface__rosidl_typesupport_introspection_cpp.dir/rosidl_typesupport_introspection_cpp/ros_interface/srv/detail/process_request__type_support.cpp.o[0m
[2.713s] [ 38%] [32mBuilding CXX object CMakeFiles/ros_interface__rosidl_typesupport_introspection_cpp.dir/rosidl_typesupport_introspection_cpp/ros_interface/srv/detail/update_configure__type_support.cpp.o[0m
[2.799s] [ 42%] [32mBuilding CXX object CMakeFiles/ros_interface__rosidl_typesupport_fastrtps_cpp.dir/rosidl_typesupport_fastrtps_cpp/ros_interface/srv/detail/dds_fastrtps/process_request__type_support.cpp.o[0m
[2.800s] [ 42%] [32mBuilding CXX object CMakeFiles/ros_interface__rosidl_typesupport_fastrtps_cpp.dir/rosidl_typesupport_fastrtps_cpp/ros_interface/msg/detail/dds_fastrtps/sphere__type_support.cpp.o[0m
[2.800s] [ 44%] [32mBuilding CXX object CMakeFiles/ros_interface__rosidl_typesupport_fastrtps_cpp.dir/rosidl_typesupport_fastrtps_cpp/ros_interface/srv/detail/dds_fastrtps/update_configure__type_support.cpp.o[0m
[2.831s] [ 46%] [32mBuilding CXX object CMakeFiles/ros_interface__rosidl_typesupport_c.dir/rosidl_typesupport_c/ros_interface/msg/sphere__type_support.cpp.o[0m
[2.913s] [ 48%] [32mBuilding CXX object CMakeFiles/ros_interface__rosidl_typesupport_c.dir/rosidl_typesupport_c/ros_interface/srv/process_request__type_support.cpp.o[0m
[2.989s] [ 51%] [32mBuilding CXX object CMakeFiles/ros_interface__rosidl_typesupport_c.dir/rosidl_typesupport_c/ros_interface/srv/update_configure__type_support.cpp.o[0m
[3.067s] [ 53%] [32mBuilding C object CMakeFiles/ros_interface__rosidl_typesupport_introspection_c.dir/rosidl_typesupport_introspection_c/ros_interface/msg/detail/sphere__type_support.c.o[0m
[3.072s] [ 55%] [32m[1mLinking CXX shared library libros_interface__rosidl_typesupport_c.so[0m
[3.121s] [ 57%] [32mBuilding C object CMakeFiles/ros_interface__rosidl_typesupport_introspection_c.dir/rosidl_typesupport_introspection_c/ros_interface/srv/detail/process_request__type_support.c.o[0m
[3.125s] [ 59%] [32mBuilding CXX object CMakeFiles/ros_interface__rosidl_typesupport_fastrtps_c.dir/rosidl_typesupport_fastrtps_c/ros_interface/msg/detail/sphere__type_support_c.cpp.o[0m
[3.154s] [ 61%] [32mBuilding CXX object CMakeFiles/ros_interface__rosidl_typesupport_fastrtps_c.dir/rosidl_typesupport_fastrtps_c/ros_interface/srv/detail/process_request__type_support_c.cpp.o[0m
[3.175s] [ 63%] [32mBuilding C object CMakeFiles/ros_interface__rosidl_typesupport_introspection_c.dir/rosidl_typesupport_introspection_c/ros_interface/srv/detail/update_configure__type_support.c.o[0m
[3.193s] [ 65%] [32m[1mLinking CXX shared library libros_interface__rosidl_typesupport_cpp.so[0m
[3.205s] [ 65%] Built target ros_interface__rosidl_typesupport_c
[3.225s] [ 68%] [32mBuilding CXX object CMakeFiles/ros_interface__rosidl_typesupport_fastrtps_c.dir/rosidl_typesupport_fastrtps_c/ros_interface/srv/detail/update_configure__type_support_c.cpp.o[0m
[3.269s] [ 70%] [32m[1mLinking C shared library libros_interface__rosidl_typesupport_introspection_c.so[0m
[3.298s] [ 70%] Built target ros_interface__rosidl_typesupport_cpp
[3.345s] [ 70%] Built target ros_interface__rosidl_typesupport_introspection_c
[3.482s] [ 72%] [32m[1mLinking CXX shared library libros_interface__rosidl_typesupport_introspection_cpp.so[0m
[3.640s] [ 74%] [32m[1mLinking CXX shared library libros_interface__rosidl_typesupport_fastrtps_cpp.so[0m
[3.646s] [ 74%] Built target ros_interface__rosidl_typesupport_introspection_cpp
[3.707s] [ 76%] [32m[1mLinking CXX shared library libros_interface__rosidl_typesupport_fastrtps_c.so[0m
[3.758s] [ 76%] Built target ros_interface__rosidl_typesupport_fastrtps_cpp
[3.820s] [ 76%] Built target ros_interface__rosidl_typesupport_fastrtps_c
[3.843s] [ 76%] Built target ros_interface
[3.867s] [ 78%] [34m[1mGenerating Python code for ROS interfaces[0m
[4.403s] [ 78%] Built target ros_interface__py
[4.427s] [ 85%] [32mBuilding C object CMakeFiles/ros_interface__rosidl_generator_py.dir/rosidl_generator_py/ros_interface/srv/_update_configure_s.c.o[0m
[4.427s] [ 85%] [32mBuilding C object CMakeFiles/ros_interface__rosidl_generator_py.dir/rosidl_generator_py/ros_interface/srv/_process_request_s.c.o[0m
[4.428s] [ 85%] [32mBuilding C object CMakeFiles/ros_interface__rosidl_generator_py.dir/rosidl_generator_py/ros_interface/msg/_sphere_s.c.o[0m
[4.559s] [ 87%] [32m[1mLinking C shared library rosidl_generator_py/ros_interface/libros_interface__rosidl_generator_py.so[0m
[4.611s] [ 87%] Built target ros_interface__rosidl_generator_py
[4.635s] [ 91%] [32mBuilding C object CMakeFiles/ros_interface__rosidl_typesupport_fastrtps_c__pyext.dir/rosidl_generator_py/ros_interface/_ros_interface_s.ep.rosidl_typesupport_fastrtps_c.c.o[0m
[4.635s] [ 91%] [32mBuilding C object CMakeFiles/ros_interface__rosidl_typesupport_introspection_c__pyext.dir/rosidl_generator_py/ros_interface/_ros_interface_s.ep.rosidl_typesupport_introspection_c.c.o[0m
[4.636s] [ 93%] [32mBuilding C object CMakeFiles/ros_interface__rosidl_typesupport_c__pyext.dir/rosidl_generator_py/ros_interface/_ros_interface_s.ep.rosidl_typesupport_c.c.o[0m
[4.750s] [100%] [32m[1mLinking C shared library rosidl_generator_py/ros_interface/ros_interface_s__rosidl_typesupport_c.cpython-310-x86_64-linux-gnu.so[0m
[4.750s] [100%] [32m[1mLinking C shared library rosidl_generator_py/ros_interface/ros_interface_s__rosidl_typesupport_fastrtps_c.cpython-310-x86_64-linux-gnu.so[0m
[4.750s] [100%] [32m[1mLinking C shared library rosidl_generator_py/ros_interface/ros_interface_s__rosidl_typesupport_introspection_c.cpython-310-x86_64-linux-gnu.so[0m
[4.797s] [100%] Built target ros_interface__rosidl_typesupport_c__pyext
[4.797s] [100%] Built target ros_interface__rosidl_typesupport_introspection_c__pyext
[4.798s] [100%] Built target ros_interface__rosidl_typesupport_fastrtps_c__pyext
[4.813s] Invoked command in '/home/anhbaodz/Documents/ros2_wood/build/ros_interface' returned '0': CMAKE_PREFIX_PATH=/opt/ros/humble /usr/bin/cmake --build /home/anhbaodz/Documents/ros2_wood/build/ros_interface -- -j12 -l12
[4.825s] Invoking command in '/home/anhbaodz/Documents/ros2_wood/build/ros_interface': CMAKE_PREFIX_PATH=/opt/ros/humble /usr/bin/cmake --install /home/anhbaodz/Documents/ros2_wood/build/ros_interface
[4.833s] -- Install configuration: ""
[4.834s] -- Installing: /home/anhbaodz/Documents/ros2_wood/install/ros_interface/share/ament_index/resource_index/rosidl_interfaces/ros_interface
[4.834s] -- Installing: /home/anhbaodz/Documents/ros2_wood/install/ros_interface/include/ros_interface/ros_interface
[4.834s] -- Installing: /home/anhbaodz/Documents/ros2_wood/install/ros_interface/include/ros_interface/ros_interface/msg
[4.834s] -- Installing: /home/anhbaodz/Documents/ros2_wood/install/ros_interface/include/ros_interface/ros_interface/msg/rosidl_generator_c__visibility_control.h
[4.834s] -- Installing: /home/anhbaodz/Documents/ros2_wood/install/ros_interface/include/ros_interface/ros_interface/msg/sphere.h
[4.834s] -- Installing: /home/anhbaodz/Documents/ros2_wood/install/ros_interface/include/ros_interface/ros_interface/msg/detail
[4.834s] -- Installing: /home/anhbaodz/Documents/ros2_wood/install/ros_interface/include/ros_interface/ros_interface/msg/detail/sphere__struct.h
[4.834s] -- Installing: /home/anhbaodz/Documents/ros2_wood/install/ros_interface/include/ros_interface/ros_interface/msg/detail/sphere__type_support.h
[4.835s] -- Installing: /home/anhbaodz/Documents/ros2_wood/install/ros_interface/include/ros_interface/ros_interface/msg/detail/sphere__functions.c
[4.835s] -- Installing: /home/anhbaodz/Documents/ros2_wood/install/ros_interface/include/ros_interface/ros_interface/msg/detail/sphere__functions.h
[4.835s] -- Installing: /home/anhbaodz/Documents/ros2_wood/install/ros_interface/include/ros_interface/ros_interface/srv
[4.835s] -- Installing: /home/anhbaodz/Documents/ros2_wood/install/ros_interface/include/ros_interface/ros_interface/srv/process_request.h
[4.835s] -- Installing: /home/anhbaodz/Documents/ros2_wood/install/ros_interface/include/ros_interface/ros_interface/srv/update_configure.h
[4.835s] -- Installing: /home/anhbaodz/Documents/ros2_wood/install/ros_interface/include/ros_interface/ros_interface/srv/detail
[4.835s] -- Installing: /home/anhbaodz/Documents/ros2_wood/install/ros_interface/include/ros_interface/ros_interface/srv/detail/update_configure__type_support.h
[4.835s] -- Installing: /home/anhbaodz/Documents/ros2_wood/install/ros_interface/include/ros_interface/ros_interface/srv/detail/process_request__type_support.h
[4.836s] -- Installing: /home/anhbaodz/Documents/ros2_wood/install/ros_interface/include/ros_interface/ros_interface/srv/detail/update_configure__functions.h
[4.836s] -- Installing: /home/anhbaodz/Documents/ros2_wood/install/ros_interface/include/ros_interface/ros_interface/srv/detail/update_configure__struct.h
[4.836s] -- Installing: /home/anhbaodz/Documents/ros2_wood/install/ros_interface/include/ros_interface/ros_interface/srv/detail/process_request__functions.c
[4.836s] -- Installing: /home/anhbaodz/Documents/ros2_wood/install/ros_interface/include/ros_interface/ros_interface/srv/detail/process_request__struct.h
[4.836s] -- Installing: /home/anhbaodz/Documents/ros2_wood/install/ros_interface/include/ros_interface/ros_interface/srv/detail/update_configure__functions.c
[4.836s] -- Installing: /home/anhbaodz/Documents/ros2_wood/install/ros_interface/include/ros_interface/ros_interface/srv/detail/process_request__functions.h
[4.836s] -- Installing: /home/anhbaodz/Documents/ros2_wood/install/ros_interface/share/ros_interface/environment/library_path.sh
[4.837s] -- Installing: /home/anhbaodz/Documents/ros2_wood/install/ros_interface/share/ros_interface/environment/library_path.dsv
[4.837s] -- Installing: /home/anhbaodz/Documents/ros2_wood/install/ros_interface/lib/libros_interface__rosidl_generator_c.so
[4.837s] -- Set runtime path of "/home/anhbaodz/Documents/ros2_wood/install/ros_interface/lib/libros_interface__rosidl_generator_c.so" to ""
[4.837s] -- Up-to-date: /home/anhbaodz/Documents/ros2_wood/install/ros_interface/include/ros_interface/ros_interface
[4.838s] -- Up-to-date: /home/anhbaodz/Documents/ros2_wood/install/ros_interface/include/ros_interface/ros_interface/msg
[4.838s] -- Installing: /home/anhbaodz/Documents/ros2_wood/install/ros_interface/include/ros_interface/ros_interface/msg/rosidl_typesupport_fastrtps_c__visibility_control.h
[4.838s] -- Up-to-date: /home/anhbaodz/Documents/ros2_wood/install/ros_interface/include/ros_interface/ros_interface/msg/detail
[4.838s] -- Installing: /home/anhbaodz/Documents/ros2_wood/install/ros_interface/include/ros_interface/ros_interface/msg/detail/sphere__rosidl_typesupport_fastrtps_c.h
[4.838s] -- Up-to-date: /home/anhbaodz/Documents/ros2_wood/install/ros_interface/include/ros_interface/ros_interface/srv
[4.838s] -- Up-to-date: /home/anhbaodz/Documents/ros2_wood/install/ros_interface/include/ros_interface/ros_interface/srv/detail
[4.838s] -- Installing: /home/anhbaodz/Documents/ros2_wood/install/ros_interface/include/ros_interface/ros_interface/srv/detail/update_configure__rosidl_typesupport_fastrtps_c.h
[4.838s] -- Installing: /home/anhbaodz/Documents/ros2_wood/install/ros_interface/include/ros_interface/ros_interface/srv/detail/process_request__rosidl_typesupport_fastrtps_c.h
[4.838s] -- Installing: /home/anhbaodz/Documents/ros2_wood/install/ros_interface/lib/libros_interface__rosidl_typesupport_fastrtps_c.so
[4.838s] -- Set runtime path of "/home/anhbaodz/Documents/ros2_wood/install/ros_interface/lib/libros_interface__rosidl_typesupport_fastrtps_c.so" to ""
[4.839s] -- Up-to-date: /home/anhbaodz/Documents/ros2_wood/install/ros_interface/include/ros_interface/ros_interface
[4.839s] -- Up-to-date: /home/anhbaodz/Documents/ros2_wood/install/ros_interface/include/ros_interface/ros_interface/msg
[4.839s] -- Installing: /home/anhbaodz/Documents/ros2_wood/install/ros_interface/include/ros_interface/ros_interface/msg/rosidl_generator_cpp__visibility_control.hpp
[4.839s] -- Installing: /home/anhbaodz/Documents/ros2_wood/install/ros_interface/include/ros_interface/ros_interface/msg/sphere.hpp
[4.839s] -- Up-to-date: /home/anhbaodz/Documents/ros2_wood/install/ros_interface/include/ros_interface/ros_interface/msg/detail
[4.839s] -- Installing: /home/anhbaodz/Documents/ros2_wood/install/ros_interface/include/ros_interface/ros_interface/msg/detail/sphere__struct.hpp
[4.839s] -- Installing: /home/anhbaodz/Documents/ros2_wood/install/ros_interface/include/ros_interface/ros_interface/msg/detail/sphere__builder.hpp
[4.839s] -- Installing: /home/anhbaodz/Documents/ros2_wood/install/ros_interface/include/ros_interface/ros_interface/msg/detail/sphere__type_support.hpp
[4.839s] -- Installing: /home/anhbaodz/Documents/ros2_wood/install/ros_interface/include/ros_interface/ros_interface/msg/detail/sphere__traits.hpp
[4.839s] -- Up-to-date: /home/anhbaodz/Documents/ros2_wood/install/ros_interface/include/ros_interface/ros_interface/srv
[4.839s] -- Installing: /home/anhbaodz/Documents/ros2_wood/install/ros_interface/include/ros_interface/ros_interface/srv/update_configure.hpp
[4.840s] -- Up-to-date: /home/anhbaodz/Documents/ros2_wood/install/ros_interface/include/ros_interface/ros_interface/srv/detail
[4.840s] -- Installing: /home/anhbaodz/Documents/ros2_wood/install/ros_interface/include/ros_interface/ros_interface/srv/detail/update_configure__traits.hpp
[4.840s] -- Installing: /home/anhbaodz/Documents/ros2_wood/install/ros_interface/include/ros_interface/ros_interface/srv/detail/update_configure__struct.hpp
[4.840s] -- Installing: /home/anhbaodz/Documents/ros2_wood/install/ros_interface/include/ros_interface/ros_interface/srv/detail/process_request__traits.hpp
[4.840s] -- Installing: /home/anhbaodz/Documents/ros2_wood/install/ros_interface/include/ros_interface/ros_interface/srv/detail/process_request__type_support.hpp
[4.840s] -- Installing: /home/anhbaodz/Documents/ros2_wood/install/ros_interface/include/ros_interface/ros_interface/srv/detail/update_configure__type_support.hpp
[4.840s] -- Installing: /home/anhbaodz/Documents/ros2_wood/install/ros_interface/include/ros_interface/ros_interface/srv/detail/update_configure__builder.hpp
[4.840s] -- Installing: /home/anhbaodz/Documents/ros2_wood/install/ros_interface/include/ros_interface/ros_interface/srv/detail/process_request__struct.hpp
[4.840s] -- Installing: /home/anhbaodz/Documents/ros2_wood/install/ros_interface/include/ros_interface/ros_interface/srv/detail/process_request__builder.hpp
[4.841s] -- Installing: /home/anhbaodz/Documents/ros2_wood/install/ros_interface/include/ros_interface/ros_interface/srv/process_request.hpp
[4.841s] -- Up-to-date: /home/anhbaodz/Documents/ros2_wood/install/ros_interface/include/ros_interface/ros_interface
[4.841s] -- Up-to-date: /home/anhbaodz/Documents/ros2_wood/install/ros_interface/include/ros_interface/ros_interface/msg
[4.841s] -- Installing: /home/anhbaodz/Documents/ros2_wood/install/ros_interface/include/ros_interface/ros_interface/msg/rosidl_typesupport_fastrtps_cpp__visibility_control.h
[4.841s] -- Up-to-date: /home/anhbaodz/Documents/ros2_wood/install/ros_interface/include/ros_interface/ros_interface/msg/detail
[4.841s] -- Installing: /home/anhbaodz/Documents/ros2_wood/install/ros_interface/include/ros_interface/ros_interface/msg/detail/dds_fastrtps
[4.841s] -- Installing: /home/anhbaodz/Documents/ros2_wood/install/ros_interface/include/ros_interface/ros_interface/msg/detail/sphere__rosidl_typesupport_fastrtps_cpp.hpp
[4.841s] -- Up-to-date: /home/anhbaodz/Documents/ros2_wood/install/ros_interface/include/ros_interface/ros_interface/srv
[4.841s] -- Up-to-date: /home/anhbaodz/Documents/ros2_wood/install/ros_interface/include/ros_interface/ros_interface/srv/detail
[4.841s] -- Installing: /home/anhbaodz/Documents/ros2_wood/install/ros_interface/include/ros_interface/ros_interface/srv/detail/dds_fastrtps
[4.841s] -- Installing: /home/anhbaodz/Documents/ros2_wood/install/ros_interface/include/ros_interface/ros_interface/srv/detail/update_configure__rosidl_typesupport_fastrtps_cpp.hpp
[4.841s] -- Installing: /home/anhbaodz/Documents/ros2_wood/install/ros_interface/include/ros_interface/ros_interface/srv/detail/process_request__rosidl_typesupport_fastrtps_cpp.hpp
[4.842s] -- Installing: /home/anhbaodz/Documents/ros2_wood/install/ros_interface/lib/libros_interface__rosidl_typesupport_fastrtps_cpp.so
[4.842s] -- Set runtime path of "/home/anhbaodz/Documents/ros2_wood/install/ros_interface/lib/libros_interface__rosidl_typesupport_fastrtps_cpp.so" to ""
[4.842s] -- Up-to-date: /home/anhbaodz/Documents/ros2_wood/install/ros_interface/include/ros_interface/ros_interface
[4.843s] -- Up-to-date: /home/anhbaodz/Documents/ros2_wood/install/ros_interface/include/ros_interface/ros_interface/msg
[4.843s] -- Installing: /home/anhbaodz/Documents/ros2_wood/install/ros_interface/include/ros_interface/ros_interface/msg/rosidl_typesupport_introspection_c__visibility_control.h
[4.843s] -- Up-to-date: /home/anhbaodz/Documents/ros2_wood/install/ros_interface/include/ros_interface/ros_interface/msg/detail
[4.843s] -- Installing: /home/anhbaodz/Documents/ros2_wood/install/ros_interface/include/ros_interface/ros_interface/msg/detail/sphere__type_support.c
[4.843s] -- Installing: /home/anhbaodz/Documents/ros2_wood/install/ros_interface/include/ros_interface/ros_interface/msg/detail/sphere__rosidl_typesupport_introspection_c.h
[4.843s] -- Up-to-date: /home/anhbaodz/Documents/ros2_wood/install/ros_interface/include/ros_interface/ros_interface/srv
[4.843s] -- Up-to-date: /home/anhbaodz/Documents/ros2_wood/install/ros_interface/include/ros_interface/ros_interface/srv/detail
[4.843s] -- Installing: /home/anhbaodz/Documents/ros2_wood/install/ros_interface/include/ros_interface/ros_interface/srv/detail/update_configure__type_support.c
[4.843s] -- Installing: /home/anhbaodz/Documents/ros2_wood/install/ros_interface/include/ros_interface/ros_interface/srv/detail/update_configure__rosidl_typesupport_introspection_c.h
[4.843s] -- Installing: /home/anhbaodz/Documents/ros2_wood/install/ros_interface/include/ros_interface/ros_interface/srv/detail/process_request__rosidl_typesupport_introspection_c.h
[4.843s] -- Installing: /home/anhbaodz/Documents/ros2_wood/install/ros_interface/include/ros_interface/ros_interface/srv/detail/process_request__type_support.c
[4.844s] -- Installing: /home/anhbaodz/Documents/ros2_wood/install/ros_interface/lib/libros_interface__rosidl_typesupport_introspection_c.so
[4.844s] -- Set runtime path of "/home/anhbaodz/Documents/ros2_wood/install/ros_interface/lib/libros_interface__rosidl_typesupport_introspection_c.so" to ""
[4.844s] -- Installing: /home/anhbaodz/Documents/ros2_wood/install/ros_interface/lib/libros_interface__rosidl_typesupport_c.so
[4.844s] -- Set runtime path of "/home/anhbaodz/Documents/ros2_wood/install/ros_interface/lib/libros_interface__rosidl_typesupport_c.so" to ""
[4.844s] -- Up-to-date: /home/anhbaodz/Documents/ros2_wood/install/ros_interface/include/ros_interface/ros_interface
[4.845s] -- Up-to-date: /home/anhbaodz/Documents/ros2_wood/install/ros_interface/include/ros_interface/ros_interface/msg
[4.845s] -- Up-to-date: /home/anhbaodz/Documents/ros2_wood/install/ros_interface/include/ros_interface/ros_interface/msg/detail
[4.845s] -- Installing: /home/anhbaodz/Documents/ros2_wood/install/ros_interface/include/ros_interface/ros_interface/msg/detail/sphere__type_support.cpp
[4.845s] -- Installing: /home/anhbaodz/Documents/ros2_wood/install/ros_interface/include/ros_interface/ros_interface/msg/detail/sphere__rosidl_typesupport_introspection_cpp.hpp
[4.845s] -- Up-to-date: /home/anhbaodz/Documents/ros2_wood/install/ros_interface/include/ros_interface/ros_interface/srv
[4.845s] -- Up-to-date: /home/anhbaodz/Documents/ros2_wood/install/ros_interface/include/ros_interface/ros_interface/srv/detail
[4.845s] -- Installing: /home/anhbaodz/Documents/ros2_wood/install/ros_interface/include/ros_interface/ros_interface/srv/detail/update_configure__rosidl_typesupport_introspection_cpp.hpp
[4.845s] -- Installing: /home/anhbaodz/Documents/ros2_wood/install/ros_interface/include/ros_interface/ros_interface/srv/detail/process_request__type_support.cpp
[4.845s] -- Installing: /home/anhbaodz/Documents/ros2_wood/install/ros_interface/include/ros_interface/ros_interface/srv/detail/update_configure__type_support.cpp
[4.845s] -- Installing: /home/anhbaodz/Documents/ros2_wood/install/ros_interface/include/ros_interface/ros_interface/srv/detail/process_request__rosidl_typesupport_introspection_cpp.hpp
[4.845s] -- Installing: /home/anhbaodz/Documents/ros2_wood/install/ros_interface/lib/libros_interface__rosidl_typesupport_introspection_cpp.so
[4.846s] -- Set runtime path of "/home/anhbaodz/Documents/ros2_wood/install/ros_interface/lib/libros_interface__rosidl_typesupport_introspection_cpp.so" to ""
[4.846s] -- Installing: /home/anhbaodz/Documents/ros2_wood/install/ros_interface/lib/libros_interface__rosidl_typesupport_cpp.so
[4.846s] -- Set runtime path of "/home/anhbaodz/Documents/ros2_wood/install/ros_interface/lib/libros_interface__rosidl_typesupport_cpp.so" to ""
[4.846s] -- Installing: /home/anhbaodz/Documents/ros2_wood/install/ros_interface/share/ros_interface/environment/pythonpath.sh
[4.847s] -- Installing: /home/anhbaodz/Documents/ros2_wood/install/ros_interface/share/ros_interface/environment/pythonpath.dsv
[4.847s] -- Installing: /home/anhbaodz/Documents/ros2_wood/install/ros_interface/local/lib/python3.10/dist-packages/ros_interface-0.0.0-py3.10.egg-info
[4.847s] -- Installing: /home/anhbaodz/Documents/ros2_wood/install/ros_interface/local/lib/python3.10/dist-packages/ros_interface-0.0.0-py3.10.egg-info/top_level.txt
[4.847s] -- Installing: /home/anhbaodz/Documents/ros2_wood/install/ros_interface/local/lib/python3.10/dist-packages/ros_interface-0.0.0-py3.10.egg-info/PKG-INFO
[4.847s] -- Installing: /home/anhbaodz/Documents/ros2_wood/install/ros_interface/local/lib/python3.10/dist-packages/ros_interface-0.0.0-py3.10.egg-info/dependency_links.txt
[4.847s] -- Installing: /home/anhbaodz/Documents/ros2_wood/install/ros_interface/local/lib/python3.10/dist-packages/ros_interface-0.0.0-py3.10.egg-info/SOURCES.txt
[4.847s] -- Installing: /home/anhbaodz/Documents/ros2_wood/install/ros_interface/local/lib/python3.10/dist-packages/ros_interface
[4.847s] -- Installing: /home/anhbaodz/Documents/ros2_wood/install/ros_interface/local/lib/python3.10/dist-packages/ros_interface/_ros_interface_s.ep.rosidl_typesupport_c.c
[4.848s] -- Installing: /home/anhbaodz/Documents/ros2_wood/install/ros_interface/local/lib/python3.10/dist-packages/ros_interface/_ros_interface_s.ep.rosidl_typesupport_introspection_c.c
[4.848s] -- Installing: /home/anhbaodz/Documents/ros2_wood/install/ros_interface/local/lib/python3.10/dist-packages/ros_interface/msg
[4.848s] -- Installing: /home/anhbaodz/Documents/ros2_wood/install/ros_interface/local/lib/python3.10/dist-packages/ros_interface/msg/_sphere.py
[4.848s] -- Installing: /home/anhbaodz/Documents/ros2_wood/install/ros_interface/local/lib/python3.10/dist-packages/ros_interface/msg/_sphere_s.c
[4.848s] -- Installing: /home/anhbaodz/Documents/ros2_wood/install/ros_interface/local/lib/python3.10/dist-packages/ros_interface/msg/__init__.py
[4.848s] -- Installing: /home/anhbaodz/Documents/ros2_wood/install/ros_interface/local/lib/python3.10/dist-packages/ros_interface/srv
[4.848s] -- Installing: /home/anhbaodz/Documents/ros2_wood/install/ros_interface/local/lib/python3.10/dist-packages/ros_interface/srv/_process_request.py
[4.849s] -- Installing: /home/anhbaodz/Documents/ros2_wood/install/ros_interface/local/lib/python3.10/dist-packages/ros_interface/srv/_update_configure.py
[4.849s] -- Installing: /home/anhbaodz/Documents/ros2_wood/install/ros_interface/local/lib/python3.10/dist-packages/ros_interface/srv/_update_configure_s.c
[4.849s] -- Installing: /home/anhbaodz/Documents/ros2_wood/install/ros_interface/local/lib/python3.10/dist-packages/ros_interface/srv/__init__.py
[4.849s] -- Installing: /home/anhbaodz/Documents/ros2_wood/install/ros_interface/local/lib/python3.10/dist-packages/ros_interface/srv/_process_request_s.c
[4.849s] -- Installing: /home/anhbaodz/Documents/ros2_wood/install/ros_interface/local/lib/python3.10/dist-packages/ros_interface/ros_interface_s__rosidl_typesupport_fastrtps_c.cpython-310-x86_64-linux-gnu.so
[4.849s] -- Installing: /home/anhbaodz/Documents/ros2_wood/install/ros_interface/local/lib/python3.10/dist-packages/ros_interface/_ros_interface_s.ep.rosidl_typesupport_fastrtps_c.c
[4.850s] -- Installing: /home/anhbaodz/Documents/ros2_wood/install/ros_interface/local/lib/python3.10/dist-packages/ros_interface/ros_interface_s__rosidl_typesupport_c.cpython-310-x86_64-linux-gnu.so
[4.850s] -- Installing: /home/anhbaodz/Documents/ros2_wood/install/ros_interface/local/lib/python3.10/dist-packages/ros_interface/__init__.py
[4.850s] -- Installing: /home/anhbaodz/Documents/ros2_wood/install/ros_interface/local/lib/python3.10/dist-packages/ros_interface/libros_interface__rosidl_generator_py.so
[4.850s] -- Installing: /home/anhbaodz/Documents/ros2_wood/install/ros_interface/local/lib/python3.10/dist-packages/ros_interface/ros_interface_s__rosidl_typesupport_introspection_c.cpython-310-x86_64-linux-gnu.so
[4.888s] Listing '/home/anhbaodz/Documents/ros2_wood/install/ros_interface/local/lib/python3.10/dist-packages/ros_interface'...
[4.888s] Compiling '/home/anhbaodz/Documents/ros2_wood/install/ros_interface/local/lib/python3.10/dist-packages/ros_interface/__init__.py'...
[4.888s] Listing '/home/anhbaodz/Documents/ros2_wood/install/ros_interface/local/lib/python3.10/dist-packages/ros_interface/msg'...
[4.888s] Compiling '/home/anhbaodz/Documents/ros2_wood/install/ros_interface/local/lib/python3.10/dist-packages/ros_interface/msg/__init__.py'...
[4.888s] Compiling '/home/anhbaodz/Documents/ros2_wood/install/ros_interface/local/lib/python3.10/dist-packages/ros_interface/msg/_sphere.py'...
[4.888s] Listing '/home/anhbaodz/Documents/ros2_wood/install/ros_interface/local/lib/python3.10/dist-packages/ros_interface/srv'...
[4.888s] Compiling '/home/anhbaodz/Documents/ros2_wood/install/ros_interface/local/lib/python3.10/dist-packages/ros_interface/srv/__init__.py'...
[4.888s] Compiling '/home/anhbaodz/Documents/ros2_wood/install/ros_interface/local/lib/python3.10/dist-packages/ros_interface/srv/_process_request.py'...
[4.888s] Compiling '/home/anhbaodz/Documents/ros2_wood/install/ros_interface/local/lib/python3.10/dist-packages/ros_interface/srv/_update_configure.py'...
[4.898s] -- Installing: /home/anhbaodz/Documents/ros2_wood/install/ros_interface/local/lib/python3.10/dist-packages/ros_interface/ros_interface_s__rosidl_typesupport_fastrtps_c.cpython-310-x86_64-linux-gnu.so
[4.899s] -- Set runtime path of "/home/anhbaodz/Documents/ros2_wood/install/ros_interface/local/lib/python3.10/dist-packages/ros_interface/ros_interface_s__rosidl_typesupport_fastrtps_c.cpython-310-x86_64-linux-gnu.so" to ""
[4.899s] -- Installing: /home/anhbaodz/Documents/ros2_wood/install/ros_interface/local/lib/python3.10/dist-packages/ros_interface/ros_interface_s__rosidl_typesupport_introspection_c.cpython-310-x86_64-linux-gnu.so
[4.899s] -- Set runtime path of "/home/anhbaodz/Documents/ros2_wood/install/ros_interface/local/lib/python3.10/dist-packages/ros_interface/ros_interface_s__rosidl_typesupport_introspection_c.cpython-310-x86_64-linux-gnu.so" to ""
[4.899s] -- Installing: /home/anhbaodz/Documents/ros2_wood/install/ros_interface/local/lib/python3.10/dist-packages/ros_interface/ros_interface_s__rosidl_typesupport_c.cpython-310-x86_64-linux-gnu.so
[4.899s] -- Set runtime path of "/home/anhbaodz/Documents/ros2_wood/install/ros_interface/local/lib/python3.10/dist-packages/ros_interface/ros_interface_s__rosidl_typesupport_c.cpython-310-x86_64-linux-gnu.so" to ""
[4.900s] -- Installing: /home/anhbaodz/Documents/ros2_wood/install/ros_interface/lib/libros_interface__rosidl_generator_py.so
[4.900s] -- Set runtime path of "/home/anhbaodz/Documents/ros2_wood/install/ros_interface/lib/libros_interface__rosidl_generator_py.so" to ""
[4.900s] -- Installing: /home/anhbaodz/Documents/ros2_wood/install/ros_interface/share/ros_interface/msg/Sphere.idl
[4.900s] -- Installing: /home/anhbaodz/Documents/ros2_wood/install/ros_interface/share/ros_interface/srv/ProcessRequest.idl
[4.900s] -- Installing: /home/anhbaodz/Documents/ros2_wood/install/ros_interface/share/ros_interface/srv/UpdateConfigure.idl
[4.901s] -- Installing: /home/anhbaodz/Documents/ros2_wood/install/ros_interface/share/ros_interface/msg/Sphere.msg
[4.901s] -- Installing: /home/anhbaodz/Documents/ros2_wood/install/ros_interface/share/ros_interface/srv/ProcessRequest.srv
[4.901s] -- Installing: /home/anhbaodz/Documents/ros2_wood/install/ros_interface/share/ros_interface/srv/ProcessRequest_Request.msg
[4.901s] -- Installing: /home/anhbaodz/Documents/ros2_wood/install/ros_interface/share/ros_interface/srv/ProcessRequest_Response.msg
[4.901s] -- Installing: /home/anhbaodz/Documents/ros2_wood/install/ros_interface/share/ros_interface/srv/UpdateConfigure.srv
[4.901s] -- Installing: /home/anhbaodz/Documents/ros2_wood/install/ros_interface/share/ros_interface/srv/UpdateConfigure_Request.msg
[4.902s] -- Installing: /home/anhbaodz/Documents/ros2_wood/install/ros_interface/share/ros_interface/srv/UpdateConfigure_Response.msg
[4.902s] -- Installing: /home/anhbaodz/Documents/ros2_wood/install/ros_interface/share/ament_index/resource_index/package_run_dependencies/ros_interface
[4.902s] -- Installing: /home/anhbaodz/Documents/ros2_wood/install/ros_interface/share/ament_index/resource_index/parent_prefix_path/ros_interface
[4.902s] -- Installing: /home/anhbaodz/Documents/ros2_wood/install/ros_interface/share/ros_interface/environment/ament_prefix_path.sh
[4.902s] -- Installing: /home/anhbaodz/Documents/ros2_wood/install/ros_interface/share/ros_interface/environment/ament_prefix_path.dsv
[4.902s] -- Installing: /home/anhbaodz/Documents/ros2_wood/install/ros_interface/share/ros_interface/environment/path.sh
[4.902s] -- Installing: /home/anhbaodz/Documents/ros2_wood/install/ros_interface/share/ros_interface/environment/path.dsv
[4.903s] -- Installing: /home/anhbaodz/Documents/ros2_wood/install/ros_interface/share/ros_interface/local_setup.bash
[4.903s] -- Installing: /home/anhbaodz/Documents/ros2_wood/install/ros_interface/share/ros_interface/local_setup.sh
[4.903s] -- Installing: /home/anhbaodz/Documents/ros2_wood/install/ros_interface/share/ros_interface/local_setup.zsh
[4.903s] -- Installing: /home/anhbaodz/Documents/ros2_wood/install/ros_interface/share/ros_interface/local_setup.dsv
[4.903s] -- Installing: /home/anhbaodz/Documents/ros2_wood/install/ros_interface/share/ros_interface/package.dsv
[4.903s] -- Installing: /home/anhbaodz/Documents/ros2_wood/install/ros_interface/share/ament_index/resource_index/packages/ros_interface
[4.904s] -- Installing: /home/anhbaodz/Documents/ros2_wood/install/ros_interface/share/ros_interface/cmake/export_ros_interface__rosidl_generator_cExport.cmake
[4.904s] -- Installing: /home/anhbaodz/Documents/ros2_wood/install/ros_interface/share/ros_interface/cmake/export_ros_interface__rosidl_generator_cExport-noconfig.cmake
[4.904s] -- Installing: /home/anhbaodz/Documents/ros2_wood/install/ros_interface/share/ros_interface/cmake/export_ros_interface__rosidl_typesupport_fastrtps_cExport.cmake
[4.904s] -- Installing: /home/anhbaodz/Documents/ros2_wood/install/ros_interface/share/ros_interface/cmake/export_ros_interface__rosidl_typesupport_fastrtps_cExport-noconfig.cmake
[4.904s] -- Installing: /home/anhbaodz/Documents/ros2_wood/install/ros_interface/share/ros_interface/cmake/export_ros_interface__rosidl_generator_cppExport.cmake
[4.904s] -- Installing: /home/anhbaodz/Documents/ros2_wood/install/ros_interface/share/ros_interface/cmake/export_ros_interface__rosidl_typesupport_fastrtps_cppExport.cmake
[4.905s] -- Installing: /home/anhbaodz/Documents/ros2_wood/install/ros_interface/share/ros_interface/cmake/export_ros_interface__rosidl_typesupport_fastrtps_cppExport-noconfig.cmake
[4.905s] -- Installing: /home/anhbaodz/Documents/ros2_wood/install/ros_interface/share/ros_interface/cmake/ros_interface__rosidl_typesupport_introspection_cExport.cmake
[4.905s] -- Installing: /home/anhbaodz/Documents/ros2_wood/install/ros_interface/share/ros_interface/cmake/ros_interface__rosidl_typesupport_introspection_cExport-noconfig.cmake
[4.905s] -- Installing: /home/anhbaodz/Documents/ros2_wood/install/ros_interface/share/ros_interface/cmake/ros_interface__rosidl_typesupport_cExport.cmake
[4.905s] -- Installing: /home/anhbaodz/Documents/ros2_wood/install/ros_interface/share/ros_interface/cmake/ros_interface__rosidl_typesupport_cExport-noconfig.cmake
[4.905s] -- Installing: /home/anhbaodz/Documents/ros2_wood/install/ros_interface/share/ros_interface/cmake/ros_interface__rosidl_typesupport_introspection_cppExport.cmake
[4.906s] -- Installing: /home/anhbaodz/Documents/ros2_wood/install/ros_interface/share/ros_interface/cmake/ros_interface__rosidl_typesupport_introspection_cppExport-noconfig.cmake
[4.906s] -- Installing: /home/anhbaodz/Documents/ros2_wood/install/ros_interface/share/ros_interface/cmake/ros_interface__rosidl_typesupport_cppExport.cmake
[4.906s] -- Installing: /home/anhbaodz/Documents/ros2_wood/install/ros_interface/share/ros_interface/cmake/ros_interface__rosidl_typesupport_cppExport-noconfig.cmake
[4.906s] -- Installing: /home/anhbaodz/Documents/ros2_wood/install/ros_interface/share/ros_interface/cmake/export_ros_interface__rosidl_generator_pyExport.cmake
[4.906s] -- Installing: /home/anhbaodz/Documents/ros2_wood/install/ros_interface/share/ros_interface/cmake/export_ros_interface__rosidl_generator_pyExport-noconfig.cmake
[4.906s] -- Installing: /home/anhbaodz/Documents/ros2_wood/install/ros_interface/share/ros_interface/cmake/rosidl_cmake-extras.cmake
[4.906s] -- Installing: /home/anhbaodz/Documents/ros2_wood/install/ros_interface/share/ros_interface/cmake/ament_cmake_export_dependencies-extras.cmake
[4.907s] -- Installing: /home/anhbaodz/Documents/ros2_wood/install/ros_interface/share/ros_interface/cmake/ament_cmake_export_include_directories-extras.cmake
[4.907s] -- Installing: /home/anhbaodz/Documents/ros2_wood/install/ros_interface/share/ros_interface/cmake/ament_cmake_export_libraries-extras.cmake
[4.907s] -- Installing: /home/anhbaodz/Documents/ros2_wood/install/ros_interface/share/ros_interface/cmake/ament_cmake_export_targets-extras.cmake
[4.907s] -- Installing: /home/anhbaodz/Documents/ros2_wood/install/ros_interface/share/ros_interface/cmake/rosidl_cmake_export_typesupport_targets-extras.cmake
[4.907s] -- Installing: /home/anhbaodz/Documents/ros2_wood/install/ros_interface/share/ros_interface/cmake/rosidl_cmake_export_typesupport_libraries-extras.cmake
[4.907s] -- Installing: /home/anhbaodz/Documents/ros2_wood/install/ros_interface/share/ros_interface/cmake/ros_interfaceConfig.cmake
[4.907s] -- Installing: /home/anhbaodz/Documents/ros2_wood/install/ros_interface/share/ros_interface/cmake/ros_interfaceConfig-version.cmake
[4.908s] -- Installing: /home/anhbaodz/Documents/ros2_wood/install/ros_interface/share/ros_interface/package.xml
[4.910s] Invoked command in '/home/anhbaodz/Documents/ros2_wood/build/ros_interface' returned '0': CMAKE_PREFIX_PATH=/opt/ros/humble /usr/bin/cmake --install /home/anhbaodz/Documents/ros2_wood/build/ros_interface
