[01m[K/home/anhbaodz/Documents/ros2_wood/src/cpp_custom/src/communication/serial_UART.cpp:1:10:[m[K [01;31m[Kfatal error: [m[Ksrc/communication/serial_UART.hpp: No such file or directory
    1 | #include [01;31m[K"src/communication/serial_UART.hpp"[m[K
      |          [01;31m[K^~~~~~~~~~~~~~~~~~~~~~~~~~~~~~~~~~~[m[K
compilation terminated.
[01m[K/home/anhbaodz/Documents/ros2_wood/src/cpp_custom/src/dataBase/StoreData.cpp:1:10:[m[K [01;31m[Kfatal error: [m[Ksrc/dataBase/StoreData.hpp: No such file or directory
    1 | #include [01;31m[K"src/dataBase/StoreData.hpp"[m[K
      |          [01;31m[K^~~~~~~~~~~~~~~~~~~~~~~~~~~~[m[K
compilation terminated.
gmake[2]: *** [CMakeFiles/request.dir/build.make:104: CMakeFiles/request.dir/src/communication/serial_UART.cpp.o] Error 1
gmake[2]: *** Waiting for unfinished jobs....
gmake[2]: *** [CMakeFiles/request.dir/build.make:118: CMakeFiles/request.dir/src/dataBase/StoreData.cpp.o] Error 1
[01m[K/home/anhbaodz/Documents/ros2_wood/src/cpp_custom/src/setup/Setup.cpp:1:10:[m[K [01;31m[Kfatal error: [m[Ksrc/setup/Setup.hpp: No such file or directory
    1 | #include [01;31m[K"src/setup/Setup.hpp"[m[K
      |          [01;31m[K^~~~~~~~~~~~~~~~~~~~~[m[K
compilation terminated.
[01m[K/home/anhbaodz/Documents/ros2_wood/src/cpp_custom/src/enigne/Engine.cpp:1:10:[m[K [01;31m[Kfatal error: [m[Ksrc/enigne/Engine.hpp: No such file or directory
    1 | #include [01;31m[K"src/enigne/Engine.hpp"[m[K
      |          [01;31m[K^~~~~~~~~~~~~~~~~~~~~~~[m[K
compilation terminated.
[01m[K/home/anhbaodz/Documents/ros2_wood/src/cpp_custom/src/stateMachine/StateMachine.cpp:1:10:[m[K [01;31m[Kfatal error: [m[Ksrc/stateMachine/Statemachine.hpp: No such file or directory
    1 | #include [01;31m[K"src/stateMachine/Statemachine.hpp"[m[K
      |          [01;31m[K^~~~~~~~~~~~~~~~~~~~~~~~~~~~~~~~~~~[m[K
compilation terminated.
gmake[2]: *** [CMakeFiles/request.dir/build.make:146: CMakeFiles/request.dir/src/setup/Setup.cpp.o] Error 1
gmake[2]: *** [CMakeFiles/request.dir/build.make:132: CMakeFiles/request.dir/src/enigne/Engine.cpp.o] Error 1
gmake[2]: *** [CMakeFiles/request.dir/build.make:160: CMakeFiles/request.dir/src/stateMachine/StateMachine.cpp.o] Error 1
[01m[K/home/anhbaodz/Documents/ros2_wood/src/cpp_custom/src/main.cpp:6:10:[m[K [01;31m[Kfatal error: [m[Ksrc/stateMachine/Statemachine.hpp: No such file or directory
    6 | #include [01;31m[K"src/stateMachine/Statemachine.hpp"[m[K
      |          [01;31m[K^~~~~~~~~~~~~~~~~~~~~~~~~~~~~~~~~~~[m[K
compilation terminated.
gmake[2]: *** [CMakeFiles/request.dir/build.make:76: CMakeFiles/request.dir/src/main.cpp.o] Error 1
In file included from [01m[K/home/anhbaodz/Documents/ros2_wood/src/cpp_custom/src/communication/ros_Service.cpp:1[m[K:
[01m[K/home/anhbaodz/Documents/ros2_wood/src/cpp_custom/src/communication/ros_Service.hpp:8:10:[m[K [01;31m[Kfatal error: [m[Kros_interface/srv/update_configure.hpp: No such file or directory
    8 | #include [01;31m[K"ros_interface/srv/update_configure.hpp"[m[K
      |          [01;31m[K^~~~~~~~~~~~~~~~~~~~~~~~~~~~~~~~~~~~~~~~[m[K
compilation terminated.
gmake[2]: *** [CMakeFiles/request.dir/build.make:90: CMakeFiles/request.dir/src/communication/ros_Service.cpp.o] Error 1
gmake[1]: *** [CMakeFiles/Makefile2:137: CMakeFiles/request.dir/all] Error 2
gmake: *** [Makefile:146: all] Error 2
