-- Found ament_cmake: 1.3.12 (/opt/ros/humble/share/ament_cmake/cmake)
-- Found rclcpp: 16.0.14 (/opt/ros/humble/share/rclcpp/cmake)
-- Found rosidl_generator_c: 3.1.7 (/opt/ros/humble/share/rosidl_generator_c/cmake)
-- Found rosidl_adapter: 3.1.7 (/opt/ros/humble/share/rosidl_adapter/cmake)
-- Found rosidl_generator_cpp: 3.1.7 (/opt/ros/humble/share/rosidl_generator_cpp/cmake)
-- Using all available rosidl_typesupport_c: rosidl_typesupport_fastrtps_c;rosidl_typesupport_introspection_c
-- Using all available rosidl_typesupport_cpp: rosidl_typesupport_fastrtps_cpp;rosidl_typesupport_introspection_cpp
-- Found rmw_implementation_cmake: 6.1.2 (/opt/ros/humble/share/rmw_implementation_cmake/cmake)
-- Found rmw_fastrtps_cpp: 6.2.8 (/opt/ros/humble/share/rmw_fastrtps_cpp/cmake)
-- Using RMW implementation 'rmw_fastrtps_cpp' as default
-- Found ament_lint_auto: 0.12.14 (/opt/ros/humble/share/ament_lint_auto/cmake)
-- Added test 'copyright' to check source files copyright and LICENSE
-- Added test 'cppcheck' to perform static code analysis on C / C++ code
-- Configured cppcheck include dirs: /home/anhbaodz/Documents/ros2_wood/src/cpp_custom/src
-- Configured cppcheck exclude dirs and/or files: 
-- Added test 'cpplint' to check C / C++ code against the Google style
-- Configured cpplint exclude dirs and/or files: 
-- Added test 'lint_cmake' to check CMake code style
-- Added test 'uncrustify' to check C / C++ code style
-- Configured uncrustify additional arguments: 
-- Added test 'xmllint' to check XML markup files
-- Configuring done
-- Generating done
-- Build files have been written to: /home/anhbaodz/Documents/ros2_wood/build/cpp_custom
[35m[1mConsolidate compiler generated dependencies of target request[0m
[ 37%] [32mBuilding CXX object CMakeFiles/request.dir/src/main.cpp.o[0m
[ 37%] [32mBuilding CXX object CMakeFiles/request.dir/src/enigne/Engine.cpp.o[0m
[ 37%] [32mBuilding CXX object CMakeFiles/request.dir/src/communication/ros_Service.cpp.o[0m
[ 62%] [32mBuilding CXX object CMakeFiles/request.dir/src/dataBase/StoreData.cpp.o[0m
[ 62%] [32mBuilding CXX object CMakeFiles/request.dir/src/communication/serial_UART.cpp.o[0m
[ 87%] [32mBuilding CXX object CMakeFiles/request.dir/src/stateMachine/StateMachine.cpp.o[0m
[ 87%] [32mBuilding CXX object CMakeFiles/request.dir/src/setup/Setup.cpp.o[0m
