[0.015s] Invoking command in '/home/anhbaodz/Documents/ros2_wood/build/cpp_custom': AMENT_PREFIX_PATH=/home/anhbaodz/Documents/ros2_wood/install/ros_interface:${AMENT_PREFIX_PATH} CMAKE_PREFIX_PATH=/home/anhbaodz/Documents/ros2_wood/install/ros_interface:/opt/ros/humble LD_LIBRARY_PATH=/home/anhbaodz/Documents/ros2_wood/install/ros_interface/lib:${LD_LIBRARY_PATH} PYTHONPATH=/home/anhbaodz/Documents/ros2_wood/install/ros_interface/local/lib/python3.10/dist-packages:${PYTHONPATH} /usr/bin/cmake --build /home/anhbaodz/Documents/ros2_wood/build/cpp_custom -- -j12 -l12
[0.040s] -- Found ament_cmake: 1.3.12 (/opt/ros/humble/share/ament_cmake/cmake)
[0.160s] -- Found rclcpp: 16.0.14 (/opt/ros/humble/share/rclcpp/cmake)
[0.186s] -- Found rosidl_generator_c: 3.1.7 (/opt/ros/humble/share/rosidl_generator_c/cmake)
[0.188s] -- Found rosidl_adapter: 3.1.7 (/opt/ros/humble/share/rosidl_adapter/cmake)
[0.194s] -- Found rosidl_generator_cpp: 3.1.7 (/opt/ros/humble/share/rosidl_generator_cpp/cmake)
[0.202s] -- Using all available rosidl_typesupport_c: rosidl_typesupport_fastrtps_c;rosidl_typesupport_introspection_c
[0.213s] -- Using all available rosidl_typesupport_cpp: rosidl_typesupport_fastrtps_cpp;rosidl_typesupport_introspection_cpp
[0.243s] -- Found rmw_implementation_cmake: 6.1.2 (/opt/ros/humble/share/rmw_implementation_cmake/cmake)
[0.244s] -- Found rmw_fastrtps_cpp: 6.2.8 (/opt/ros/humble/share/rmw_fastrtps_cpp/cmake)
[0.348s] -- Using RMW implementation 'rmw_fastrtps_cpp' as default
[0.391s] -- Found ament_lint_auto: 0.12.14 (/opt/ros/humble/share/ament_lint_auto/cmake)
[0.456s] -- Added test 'copyright' to check source files copyright and LICENSE
[0.457s] -- Added test 'cppcheck' to perform static code analysis on C / C++ code
[0.458s] -- Configured cppcheck include dirs: /home/anhbaodz/Documents/ros2_wood/src/cpp_custom/src
[0.458s] -- Configured cppcheck exclude dirs and/or files: 
[0.459s] -- Added test 'cpplint' to check C / C++ code against the Google style
[0.459s] -- Configured cpplint exclude dirs and/or files: 
[0.460s] -- Added test 'lint_cmake' to check CMake code style
[0.463s] -- Added test 'uncrustify' to check C / C++ code style
[0.463s] -- Configured uncrustify additional arguments: 
[0.463s] -- Added test 'xmllint' to check XML markup files
[0.464s] -- Configuring done
[0.475s] -- Generating done
[0.480s] -- Build files have been written to: /home/anhbaodz/Documents/ros2_wood/build/cpp_custom
[0.509s] [35m[1mConsolidate compiler generated dependencies of target request[0m
[0.527s] [ 37%] [32mBuilding CXX object CMakeFiles/request.dir/src/main.cpp.o[0m
[0.527s] [ 37%] [32mBuilding CXX object CMakeFiles/request.dir/src/enigne/Engine.cpp.o[0m
[0.527s] [ 37%] [32mBuilding CXX object CMakeFiles/request.dir/src/communication/ros_Service.cpp.o[0m
[0.527s] [ 62%] [32mBuilding CXX object CMakeFiles/request.dir/src/dataBase/StoreData.cpp.o[0m
[0.528s] [ 62%] [32mBuilding CXX object CMakeFiles/request.dir/src/communication/serial_UART.cpp.o[0m
[0.528s] [ 87%] [32mBuilding CXX object CMakeFiles/request.dir/src/stateMachine/StateMachine.cpp.o[0m
[0.528s] [ 87%] [32mBuilding CXX object CMakeFiles/request.dir/src/setup/Setup.cpp.o[0m
[0.541s] [01m[K/home/anhbaodz/Documents/ros2_wood/src/cpp_custom/src/communication/serial_UART.cpp:1:10:[m[K [01;31m[Kfatal error: [m[Ksrc/communication/serial_UART.hpp: No such file or directory
[0.541s]     1 | #include [01;31m[K"src/communication/serial_UART.hpp"[m[K
[0.541s]       |          [01;31m[K^~~~~~~~~~~~~~~~~~~~~~~~~~~~~~~~~~~[m[K
[0.541s] compilation terminated.
[0.541s] [01m[K/home/anhbaodz/Documents/ros2_wood/src/cpp_custom/src/dataBase/StoreData.cpp:1:10:[m[K [01;31m[Kfatal error: [m[Ksrc/dataBase/StoreData.hpp: No such file or directory
[0.541s]     1 | #include [01;31m[K"src/dataBase/StoreData.hpp"[m[K
[0.541s]       |          [01;31m[K^~~~~~~~~~~~~~~~~~~~~~~~~~~~[m[K
[0.541s] compilation terminated.
[0.542s] gmake[2]: *** [CMakeFiles/request.dir/build.make:104: CMakeFiles/request.dir/src/communication/serial_UART.cpp.o] Error 1
[0.542s] gmake[2]: *** Waiting for unfinished jobs....
[0.543s] gmake[2]: *** [CMakeFiles/request.dir/build.make:118: CMakeFiles/request.dir/src/dataBase/StoreData.cpp.o] Error 1
[0.543s] [01m[K/home/anhbaodz/Documents/ros2_wood/src/cpp_custom/src/setup/Setup.cpp:1:10:[m[K [01;31m[Kfatal error: [m[Ksrc/setup/Setup.hpp: No such file or directory
[0.543s]     1 | #include [01;31m[K"src/setup/Setup.hpp"[m[K
[0.543s]       |          [01;31m[K^~~~~~~~~~~~~~~~~~~~~[m[K
[0.543s] compilation terminated.
[0.543s] [01m[K/home/anhbaodz/Documents/ros2_wood/src/cpp_custom/src/enigne/Engine.cpp:1:10:[m[K [01;31m[Kfatal error: [m[Ksrc/enigne/Engine.hpp: No such file or directory
[0.543s]     1 | #include [01;31m[K"src/enigne/Engine.hpp"[m[K
[0.543s]       |          [01;31m[K^~~~~~~~~~~~~~~~~~~~~~~[m[K
[0.543s] compilation terminated.
[0.543s] [01m[K/home/anhbaodz/Documents/ros2_wood/src/cpp_custom/src/stateMachine/StateMachine.cpp:1:10:[m[K [01;31m[Kfatal error: [m[Ksrc/stateMachine/Statemachine.hpp: No such file or directory
[0.544s]     1 | #include [01;31m[K"src/stateMachine/Statemachine.hpp"[m[K
[0.544s]       |          [01;31m[K^~~~~~~~~~~~~~~~~~~~~~~~~~~~~~~~~~~[m[K
[0.544s] compilation terminated.
[0.544s] gmake[2]: *** [CMakeFiles/request.dir/build.make:146: CMakeFiles/request.dir/src/setup/Setup.cpp.o] Error 1
[0.544s] gmake[2]: *** [CMakeFiles/request.dir/build.make:132: CMakeFiles/request.dir/src/enigne/Engine.cpp.o] Error 1
[0.545s] gmake[2]: *** [CMakeFiles/request.dir/build.make:160: CMakeFiles/request.dir/src/stateMachine/StateMachine.cpp.o] Error 1
[0.602s] [01m[K/home/anhbaodz/Documents/ros2_wood/src/cpp_custom/src/main.cpp:6:10:[m[K [01;31m[Kfatal error: [m[Ksrc/stateMachine/Statemachine.hpp: No such file or directory
[0.603s]     6 | #include [01;31m[K"src/stateMachine/Statemachine.hpp"[m[K
[0.603s]       |          [01;31m[K^~~~~~~~~~~~~~~~~~~~~~~~~~~~~~~~~~~[m[K
[0.603s] compilation terminated.
[0.604s] gmake[2]: *** [CMakeFiles/request.dir/build.make:76: CMakeFiles/request.dir/src/main.cpp.o] Error 1
[0.846s] In file included from [01m[K/home/anhbaodz/Documents/ros2_wood/src/cpp_custom/src/communication/ros_Service.cpp:1[m[K:
[0.846s] [01m[K/home/anhbaodz/Documents/ros2_wood/src/cpp_custom/src/communication/ros_Service.hpp:8:10:[m[K [01;31m[Kfatal error: [m[Kros_interface/srv/update_configure.hpp: No such file or directory
[0.846s]     8 | #include [01;31m[K"ros_interface/srv/update_configure.hpp"[m[K
[0.846s]       |          [01;31m[K^~~~~~~~~~~~~~~~~~~~~~~~~~~~~~~~~~~~~~~~[m[K
[0.846s] compilation terminated.
[0.851s] gmake[2]: *** [CMakeFiles/request.dir/build.make:90: CMakeFiles/request.dir/src/communication/ros_Service.cpp.o] Error 1
[0.851s] gmake[1]: *** [CMakeFiles/Makefile2:137: CMakeFiles/request.dir/all] Error 2
[0.852s] gmake: *** [Makefile:146: all] Error 2
[0.855s] Invoked command in '/home/anhbaodz/Documents/ros2_wood/build/cpp_custom' returned '2': AMENT_PREFIX_PATH=/home/anhbaodz/Documents/ros2_wood/install/ros_interface:${AMENT_PREFIX_PATH} CMAKE_PREFIX_PATH=/home/anhbaodz/Documents/ros2_wood/install/ros_interface:/opt/ros/humble LD_LIBRARY_PATH=/home/anhbaodz/Documents/ros2_wood/install/ros_interface/lib:${LD_LIBRARY_PATH} PYTHONPATH=/home/anhbaodz/Documents/ros2_wood/install/ros_interface/local/lib/python3.10/dist-packages:${PYTHONPATH} /usr/bin/cmake --build /home/anhbaodz/Documents/ros2_wood/build/cpp_custom -- -j12 -l12
