[0.010s] Invoking command in '/home/anhbaodz/Documents/ros2_wood/build/cpp_custom': AMENT_PREFIX_PATH=/home/anhbaodz/Documents/ros2_wood/install/ros_interface:${AMENT_PREFIX_PATH} CMAKE_PREFIX_PATH=/home/anhbaodz/Documents/ros2_wood/install/ros_interface:/opt/ros/humble LD_LIBRARY_PATH=/home/anhbaodz/Documents/ros2_wood/install/ros_interface/lib:${LD_LIBRARY_PATH} PYTHONPATH=/home/anhbaodz/Documents/ros2_wood/install/ros_interface/local/lib/python3.10/dist-packages:${PYTHONPATH} /usr/bin/cmake /home/anhbaodz/Documents/ros2_wood/src/cpp_custom -DCMAKE_INSTALL_PREFIX=/home/anhbaodz/Documents/ros2_wood/install/cpp_custom
[0.080s] -- The C compiler identification is GNU 11.4.0
[0.145s] -- The CXX compiler identification is GNU 11.4.0
[0.155s] -- Detecting C compiler ABI info
[0.244s] -- Detecting C compiler ABI info - done
[0.252s] -- Check for working C compiler: /usr/bin/cc - skipped
[0.252s] -- Detecting C compile features
[0.252s] -- Detecting C compile features - done
[0.256s] -- Detecting CXX compiler ABI info
[0.348s] -- Detecting CXX compiler ABI info - done
[0.355s] -- Check for working CXX compiler: /usr/bin/c++ - skipped
[0.355s] -- Detecting CXX compile features
[0.356s] -- Detecting CXX compile features - done
[0.359s] -- Found ament_cmake: 1.3.12 (/opt/ros/humble/share/ament_cmake/cmake)
[0.501s] -- Found Python3: /usr/bin/python3 (found version "3.10.12") found components: Interpreter 
[0.584s] -- Found rclcpp: 16.0.14 (/opt/ros/humble/share/rclcpp/cmake)
[0.623s] -- Found rosidl_generator_c: 3.1.7 (/opt/ros/humble/share/rosidl_generator_c/cmake)
[0.628s] -- Found rosidl_adapter: 3.1.7 (/opt/ros/humble/share/rosidl_adapter/cmake)
[0.636s] -- Found rosidl_generator_cpp: 3.1.7 (/opt/ros/humble/share/rosidl_generator_cpp/cmake)
[0.646s] -- Using all available rosidl_typesupport_c: rosidl_typesupport_fastrtps_c;rosidl_typesupport_introspection_c
[0.660s] -- Using all available rosidl_typesupport_cpp: rosidl_typesupport_fastrtps_cpp;rosidl_typesupport_introspection_cpp
[0.723s] -- Found rmw_implementation_cmake: 6.1.2 (/opt/ros/humble/share/rmw_implementation_cmake/cmake)
[0.726s] -- Found rmw_fastrtps_cpp: 6.2.8 (/opt/ros/humble/share/rmw_fastrtps_cpp/cmake)
[0.844s] -- Found OpenSSL: /usr/lib/x86_64-linux-gnu/libcrypto.so (found version "3.0.2")  
[0.874s] -- Found FastRTPS: /opt/ros/humble/include  
[0.917s] -- Using RMW implementation 'rmw_fastrtps_cpp' as default
[0.926s] -- Looking for pthread.h
[1.006s] -- Looking for pthread.h - found
[1.006s] -- Performing Test CMAKE_HAVE_LIBC_PTHREAD
[1.091s] -- Performing Test CMAKE_HAVE_LIBC_PTHREAD - Success
[1.092s] -- Found Threads: TRUE  
[1.141s] -- Found ros_interface: 0.0.0 (/home/anhbaodz/Documents/ros2_wood/install/ros_interface/share/ros_interface/cmake)
[1.168s] -- Found ament_lint_auto: 0.12.14 (/opt/ros/humble/share/ament_lint_auto/cmake)
[1.244s] -- Added test 'cppcheck' to perform static code analysis on C / C++ code
[1.244s] -- Configured cppcheck include dirs: 
[1.244s] -- Configured cppcheck exclude dirs and/or files: 
[1.245s] -- Added test 'lint_cmake' to check CMake code style
[1.246s] -- Added test 'uncrustify' to check C / C++ code style
[1.246s] -- Configured uncrustify additional arguments: 
[1.246s] -- Added test 'xmllint' to check XML markup files
[1.247s] -- Configuring done
[1.258s] -- Generating done
[1.262s] -- Build files have been written to: /home/anhbaodz/Documents/ros2_wood/build/cpp_custom
[1.274s] Invoked command in '/home/anhbaodz/Documents/ros2_wood/build/cpp_custom' returned '0': AMENT_PREFIX_PATH=/home/anhbaodz/Documents/ros2_wood/install/ros_interface:${AMENT_PREFIX_PATH} CMAKE_PREFIX_PATH=/home/anhbaodz/Documents/ros2_wood/install/ros_interface:/opt/ros/humble LD_LIBRARY_PATH=/home/anhbaodz/Documents/ros2_wood/install/ros_interface/lib:${LD_LIBRARY_PATH} PYTHONPATH=/home/anhbaodz/Documents/ros2_wood/install/ros_interface/local/lib/python3.10/dist-packages:${PYTHONPATH} /usr/bin/cmake /home/anhbaodz/Documents/ros2_wood/src/cpp_custom -DCMAKE_INSTALL_PREFIX=/home/anhbaodz/Documents/ros2_wood/install/cpp_custom
[1.276s] Invoking command in '/home/anhbaodz/Documents/ros2_wood/build/cpp_custom': AMENT_PREFIX_PATH=/home/anhbaodz/Documents/ros2_wood/install/ros_interface:${AMENT_PREFIX_PATH} CMAKE_PREFIX_PATH=/home/anhbaodz/Documents/ros2_wood/install/ros_interface:/opt/ros/humble LD_LIBRARY_PATH=/home/anhbaodz/Documents/ros2_wood/install/ros_interface/lib:${LD_LIBRARY_PATH} PYTHONPATH=/home/anhbaodz/Documents/ros2_wood/install/ros_interface/local/lib/python3.10/dist-packages:${PYTHONPATH} /usr/bin/cmake --build /home/anhbaodz/Documents/ros2_wood/build/cpp_custom -- -j12 -l12
[1.331s] [ 50%] [32mBuilding CXX object CMakeFiles/request.dir/src/ros.cpp.o[0m
[4.874s] [100%] [32m[1mLinking CXX executable request[0m
[5.089s] [100%] Built target request
[5.105s] Invoked command in '/home/anhbaodz/Documents/ros2_wood/build/cpp_custom' returned '0': AMENT_PREFIX_PATH=/home/anhbaodz/Documents/ros2_wood/install/ros_interface:${AMENT_PREFIX_PATH} CMAKE_PREFIX_PATH=/home/anhbaodz/Documents/ros2_wood/install/ros_interface:/opt/ros/humble LD_LIBRARY_PATH=/home/anhbaodz/Documents/ros2_wood/install/ros_interface/lib:${LD_LIBRARY_PATH} PYTHONPATH=/home/anhbaodz/Documents/ros2_wood/install/ros_interface/local/lib/python3.10/dist-packages:${PYTHONPATH} /usr/bin/cmake --build /home/anhbaodz/Documents/ros2_wood/build/cpp_custom -- -j12 -l12
[5.106s] Invoking command in '/home/anhbaodz/Documents/ros2_wood/build/cpp_custom': AMENT_PREFIX_PATH=/home/anhbaodz/Documents/ros2_wood/install/ros_interface:${AMENT_PREFIX_PATH} CMAKE_PREFIX_PATH=/home/anhbaodz/Documents/ros2_wood/install/ros_interface:/opt/ros/humble LD_LIBRARY_PATH=/home/anhbaodz/Documents/ros2_wood/install/ros_interface/lib:${LD_LIBRARY_PATH} PYTHONPATH=/home/anhbaodz/Documents/ros2_wood/install/ros_interface/local/lib/python3.10/dist-packages:${PYTHONPATH} /usr/bin/cmake --install /home/anhbaodz/Documents/ros2_wood/build/cpp_custom
[5.114s] -- Install configuration: ""
[5.115s] -- Installing: /home/anhbaodz/Documents/ros2_wood/install/cpp_custom/lib/cpp_custom/request
[5.116s] -- Set runtime path of "/home/anhbaodz/Documents/ros2_wood/install/cpp_custom/lib/cpp_custom/request" to ""
[5.116s] -- Installing: /home/anhbaodz/Documents/ros2_wood/install/cpp_custom/share/ament_index/resource_index/package_run_dependencies/cpp_custom
[5.116s] -- Installing: /home/anhbaodz/Documents/ros2_wood/install/cpp_custom/share/ament_index/resource_index/parent_prefix_path/cpp_custom
[5.117s] -- Installing: /home/anhbaodz/Documents/ros2_wood/install/cpp_custom/share/cpp_custom/environment/ament_prefix_path.sh
[5.117s] -- Installing: /home/anhbaodz/Documents/ros2_wood/install/cpp_custom/share/cpp_custom/environment/ament_prefix_path.dsv
[5.117s] -- Installing: /home/anhbaodz/Documents/ros2_wood/install/cpp_custom/share/cpp_custom/environment/path.sh
[5.117s] -- Installing: /home/anhbaodz/Documents/ros2_wood/install/cpp_custom/share/cpp_custom/environment/path.dsv
[5.117s] -- Installing: /home/anhbaodz/Documents/ros2_wood/install/cpp_custom/share/cpp_custom/local_setup.bash
[5.117s] -- Installing: /home/anhbaodz/Documents/ros2_wood/install/cpp_custom/share/cpp_custom/local_setup.sh
[5.117s] -- Installing: /home/anhbaodz/Documents/ros2_wood/install/cpp_custom/share/cpp_custom/local_setup.zsh
[5.117s] -- Installing: /home/anhbaodz/Documents/ros2_wood/install/cpp_custom/share/cpp_custom/local_setup.dsv
[5.118s] -- Installing: /home/anhbaodz/Documents/ros2_wood/install/cpp_custom/share/cpp_custom/package.dsv
[5.118s] -- Installing: /home/anhbaodz/Documents/ros2_wood/install/cpp_custom/share/ament_index/resource_index/packages/cpp_custom
[5.118s] -- Installing: /home/anhbaodz/Documents/ros2_wood/install/cpp_custom/share/cpp_custom/cmake/cpp_customConfig.cmake
[5.118s] -- Installing: /home/anhbaodz/Documents/ros2_wood/install/cpp_custom/share/cpp_custom/cmake/cpp_customConfig-version.cmake
[5.118s] -- Installing: /home/anhbaodz/Documents/ros2_wood/install/cpp_custom/share/cpp_custom/package.xml
[5.121s] Invoked command in '/home/anhbaodz/Documents/ros2_wood/build/cpp_custom' returned '0': AMENT_PREFIX_PATH=/home/anhbaodz/Documents/ros2_wood/install/ros_interface:${AMENT_PREFIX_PATH} CMAKE_PREFIX_PATH=/home/anhbaodz/Documents/ros2_wood/install/ros_interface:/opt/ros/humble LD_LIBRARY_PATH=/home/anhbaodz/Documents/ros2_wood/install/ros_interface/lib:${LD_LIBRARY_PATH} PYTHONPATH=/home/anhbaodz/Documents/ros2_wood/install/ros_interface/local/lib/python3.10/dist-packages:${PYTHONPATH} /usr/bin/cmake --install /home/anhbaodz/Documents/ros2_wood/build/cpp_custom
