/home/anhbaodz/Documents/ros2_wood/install/python_custom/lib/python3.10/site-packages/python_custom/main.py
/home/anhbaodz/Documents/ros2_wood/install/python_custom/lib/python3.10/site-packages/python_custom/Util.py
/home/anhbaodz/Documents/ros2_wood/install/python_custom/lib/python3.10/site-packages/python_custom/camera_handler.py
/home/anhbaodz/Documents/ros2_wood/install/python_custom/lib/python3.10/site-packages/python_custom/image_processor.py
/home/anhbaodz/Documents/ros2_wood/install/python_custom/lib/python3.10/site-packages/python_custom/config_manager.py
/home/anhbaodz/Documents/ros2_wood/install/python_custom/lib/python3.10/site-packages/python_custom/__init__.py
/home/anhbaodz/Documents/ros2_wood/install/python_custom/lib/python3.10/site-packages/python_custom/system_state.py
/home/anhbaodz/Documents/ros2_wood/install/python_custom/lib/python3.10/site-packages/python_custom/ros_manager.py
/home/anhbaodz/Documents/ros2_wood/install/python_custom/lib/python3.10/site-packages/python_custom/__pycache__/main.cpython-310.pyc
/home/anhbaodz/Documents/ros2_wood/install/python_custom/lib/python3.10/site-packages/python_custom/__pycache__/Util.cpython-310.pyc
/home/anhbaodz/Documents/ros2_wood/install/python_custom/lib/python3.10/site-packages/python_custom/__pycache__/camera_handler.cpython-310.pyc
/home/anhbaodz/Documents/ros2_wood/install/python_custom/lib/python3.10/site-packages/python_custom/__pycache__/image_processor.cpython-310.pyc
/home/anhbaodz/Documents/ros2_wood/install/python_custom/lib/python3.10/site-packages/python_custom/__pycache__/config_manager.cpython-310.pyc
/home/anhbaodz/Documents/ros2_wood/install/python_custom/lib/python3.10/site-packages/python_custom/__pycache__/__init__.cpython-310.pyc
/home/anhbaodz/Documents/ros2_wood/install/python_custom/lib/python3.10/site-packages/python_custom/__pycache__/system_state.cpython-310.pyc
/home/anhbaodz/Documents/ros2_wood/install/python_custom/lib/python3.10/site-packages/python_custom/__pycache__/ros_manager.cpython-310.pyc
/home/anhbaodz/Documents/ros2_wood/install/python_custom/share/ament_index/resource_index/packages/python_custom
/home/anhbaodz/Documents/ros2_wood/install/python_custom/share/python_custom/package.xml
/home/anhbaodz/Documents/ros2_wood/install/python_custom/lib/python3.10/site-packages/python_custom-0.0.0-py3.10.egg-info/zip-safe
/home/anhbaodz/Documents/ros2_wood/install/python_custom/lib/python3.10/site-packages/python_custom-0.0.0-py3.10.egg-info/requires.txt
/home/anhbaodz/Documents/ros2_wood/install/python_custom/lib/python3.10/site-packages/python_custom-0.0.0-py3.10.egg-info/entry_points.txt
/home/anhbaodz/Documents/ros2_wood/install/python_custom/lib/python3.10/site-packages/python_custom-0.0.0-py3.10.egg-info/top_level.txt
/home/anhbaodz/Documents/ros2_wood/install/python_custom/lib/python3.10/site-packages/python_custom-0.0.0-py3.10.egg-info/PKG-INFO
/home/anhbaodz/Documents/ros2_wood/install/python_custom/lib/python3.10/site-packages/python_custom-0.0.0-py3.10.egg-info/dependency_links.txt
/home/anhbaodz/Documents/ros2_wood/install/python_custom/lib/python3.10/site-packages/python_custom-0.0.0-py3.10.egg-info/SOURCES.txt
/home/anhbaodz/Documents/ros2_wood/install/python_custom/lib/python_custom/reponse
